{"P:\\Documents\\Programowanie\\HTML\\flappy-bird\\src\\JS\\JS Components\\CanvasService.js": {"path":"P:\\Documents\\Programowanie\\HTML\\flappy-bird\\src\\JS\\JS Components\\CanvasService.js","statementMap":{"0":{"start":{"line":20,"column":8},"end":{"line":20,"column":29}},"1":{"start":{"line":21,"column":8},"end":{"line":21,"column":36}},"2":{"start":{"line":22,"column":8},"end":{"line":22,"column":37}},"3":{"start":{"line":23,"column":8},"end":{"line":23,"column":48}},"4":{"start":{"line":25,"column":8},"end":{"line":25,"column":34}},"5":{"start":{"line":27,"column":8},"end":{"line":31,"column":10}},"6":{"start":{"line":33,"column":8},"end":{"line":33,"column":43}},"7":{"start":{"line":34,"column":8},"end":{"line":34,"column":71}},"8":{"start":{"line":34,"column":53},"end":{"line":34,"column":68}},"9":{"start":{"line":36,"column":8},"end":{"line":36,"column":40}},"10":{"start":{"line":37,"column":8},"end":{"line":37,"column":29}},"11":{"start":{"line":38,"column":8},"end":{"line":38,"column":29}},"12":{"start":{"line":39,"column":8},"end":{"line":39,"column":31}},"13":{"start":{"line":40,"column":8},"end":{"line":40,"column":28}},"14":{"start":{"line":42,"column":8},"end":{"line":42,"column":41}},"15":{"start":{"line":44,"column":8},"end":{"line":50,"column":10}},"16":{"start":{"line":52,"column":8},"end":{"line":55,"column":10}},"17":{"start":{"line":57,"column":8},"end":{"line":57,"column":41}},"18":{"start":{"line":60,"column":31},"end":{"line":101,"column":5}},"19":{"start":{"line":61,"column":8},"end":{"line":65,"column":10}},"20":{"start":{"line":64,"column":22},"end":{"line":64,"column":78}},"21":{"start":{"line":67,"column":8},"end":{"line":78,"column":14}},"22":{"start":{"line":71,"column":26},"end":{"line":71,"column":76}},"23":{"start":{"line":76,"column":24},"end":{"line":76,"column":78}},"24":{"start":{"line":79,"column":8},"end":{"line":79,"column":35}},"25":{"start":{"line":81,"column":8},"end":{"line":81,"column":35}},"26":{"start":{"line":83,"column":8},"end":{"line":83,"column":32}},"27":{"start":{"line":85,"column":8},"end":{"line":85,"column":34}},"28":{"start":{"line":87,"column":8},"end":{"line":87,"column":29}},"29":{"start":{"line":89,"column":8},"end":{"line":89,"column":65}},"30":{"start":{"line":90,"column":8},"end":{"line":90,"column":29}},"31":{"start":{"line":91,"column":8},"end":{"line":91,"column":46}},"32":{"start":{"line":92,"column":8},"end":{"line":92,"column":79}},"33":{"start":{"line":95,"column":8},"end":{"line":95,"column":28}},"34":{"start":{"line":96,"column":8},"end":{"line":96,"column":30}},"35":{"start":{"line":98,"column":8},"end":{"line":98,"column":76}},"36":{"start":{"line":100,"column":8},"end":{"line":100,"column":43}},"37":{"start":{"line":103,"column":22},"end":{"line":141,"column":5}},"38":{"start":{"line":104,"column":8},"end":{"line":104,"column":34}},"39":{"start":{"line":106,"column":8},"end":{"line":106,"column":78}},"40":{"start":{"line":108,"column":8},"end":{"line":108,"column":70}},"41":{"start":{"line":110,"column":23},"end":{"line":110,"column":71}},"42":{"start":{"line":111,"column":8},"end":{"line":111,"column":35}},"43":{"start":{"line":113,"column":26},"end":{"line":113,"column":58}},"44":{"start":{"line":114,"column":30},"end":{"line":114,"column":66}},"45":{"start":{"line":115,"column":23},"end":{"line":115,"column":55}},"46":{"start":{"line":116,"column":8},"end":{"line":116,"column":29}},"47":{"start":{"line":125,"column":12},"end":{"line":125,"column":70}},"48":{"start":{"line":127,"column":8},"end":{"line":140,"column":9}},"49":{"start":{"line":128,"column":26},"end":{"line":137,"column":13}},"50":{"start":{"line":139,"column":12},"end":{"line":139,"column":35}},"51":{"start":{"line":143,"column":11},"end":{"line":231,"column":5}},"52":{"start":{"line":154,"column":38},"end":{"line":156,"column":9}},"53":{"start":{"line":155,"column":12},"end":{"line":155,"column":44}},"54":{"start":{"line":157,"column":8},"end":{"line":157,"column":26}},"55":{"start":{"line":158,"column":8},"end":{"line":158,"column":56}},"56":{"start":{"line":158,"column":36},"end":{"line":158,"column":56}},"57":{"start":{"line":160,"column":8},"end":{"line":160,"column":51}},"58":{"start":{"line":163,"column":8},"end":{"line":163,"column":27}},"59":{"start":{"line":164,"column":23},"end":{"line":164,"column":73}},"60":{"start":{"line":166,"column":8},"end":{"line":166,"column":35}},"61":{"start":{"line":167,"column":8},"end":{"line":167,"column":61}},"62":{"start":{"line":169,"column":8},"end":{"line":172,"column":11}},"63":{"start":{"line":174,"column":8},"end":{"line":178,"column":9}},"64":{"start":{"line":175,"column":12},"end":{"line":175,"column":37}},"65":{"start":{"line":176,"column":12},"end":{"line":176,"column":36}},"66":{"start":{"line":177,"column":12},"end":{"line":177,"column":53}},"67":{"start":{"line":180,"column":8},"end":{"line":203,"column":9}},"68":{"start":{"line":181,"column":12},"end":{"line":181,"column":43}},"69":{"start":{"line":182,"column":12},"end":{"line":187,"column":13}},"70":{"start":{"line":186,"column":16},"end":{"line":186,"column":44}},"71":{"start":{"line":188,"column":12},"end":{"line":188,"column":75}},"72":{"start":{"line":189,"column":12},"end":{"line":189,"column":46}},"73":{"start":{"line":190,"column":12},"end":{"line":202,"column":13}},"74":{"start":{"line":191,"column":16},"end":{"line":191,"column":44}},"75":{"start":{"line":192,"column":17},"end":{"line":202,"column":13}},"76":{"start":{"line":196,"column":16},"end":{"line":196,"column":44}},"77":{"start":{"line":197,"column":19},"end":{"line":202,"column":13}},"78":{"start":{"line":201,"column":16},"end":{"line":201,"column":44}},"79":{"start":{"line":205,"column":8},"end":{"line":230,"column":9}},"80":{"start":{"line":206,"column":12},"end":{"line":206,"column":45}},"81":{"start":{"line":207,"column":12},"end":{"line":225,"column":13}},"82":{"start":{"line":208,"column":16},"end":{"line":208,"column":45}},"83":{"start":{"line":209,"column":16},"end":{"line":209,"column":44}},"84":{"start":{"line":211,"column":16},"end":{"line":211,"column":44}},"85":{"start":{"line":212,"column":16},"end":{"line":212,"column":45}},"86":{"start":{"line":213,"column":16},"end":{"line":224,"column":19}},"87":{"start":{"line":214,"column":20},"end":{"line":223,"column":23}},"88":{"start":{"line":227,"column":12},"end":{"line":227,"column":38}},"89":{"start":{"line":228,"column":12},"end":{"line":228,"column":37}},"90":{"start":{"line":229,"column":12},"end":{"line":229,"column":46}},"91":{"start":{"line":233,"column":16},"end":{"line":241,"column":5}},"92":{"start":{"line":234,"column":8},"end":{"line":234,"column":69}},"93":{"start":{"line":235,"column":8},"end":{"line":238,"column":11}},"94":{"start":{"line":236,"column":12},"end":{"line":236,"column":54}},"95":{"start":{"line":237,"column":12},"end":{"line":237,"column":51}},"96":{"start":{"line":239,"column":8},"end":{"line":239,"column":57}},"97":{"start":{"line":240,"column":8},"end":{"line":240,"column":33}},"98":{"start":{"line":243,"column":17},"end":{"line":250,"column":5}},"99":{"start":{"line":244,"column":8},"end":{"line":244,"column":68}},"100":{"start":{"line":245,"column":8},"end":{"line":245,"column":34}},"101":{"start":{"line":246,"column":8},"end":{"line":246,"column":70}},"102":{"start":{"line":247,"column":8},"end":{"line":249,"column":11}},"103":{"start":{"line":248,"column":12},"end":{"line":248,"column":38}},"104":{"start":{"line":252,"column":19},"end":{"line":255,"column":5}},"105":{"start":{"line":253,"column":8},"end":{"line":253,"column":29}},"106":{"start":{"line":254,"column":8},"end":{"line":254,"column":34}},"107":{"start":{"line":257,"column":18},"end":{"line":267,"column":5}},"108":{"start":{"line":258,"column":8},"end":{"line":262,"column":9}},"109":{"start":{"line":259,"column":12},"end":{"line":261,"column":14}},"110":{"start":{"line":264,"column":8},"end":{"line":266,"column":9}},"111":{"start":{"line":265,"column":12},"end":{"line":265,"column":36}},"112":{"start":{"line":269,"column":24},"end":{"line":277,"column":5}},"113":{"start":{"line":270,"column":32},"end":{"line":272,"column":10}},"114":{"start":{"line":271,"column":12},"end":{"line":271,"column":71}},"115":{"start":{"line":274,"column":25},"end":{"line":274,"column":66}},"116":{"start":{"line":274,"column":54},"end":{"line":274,"column":65}},"117":{"start":{"line":276,"column":8},"end":{"line":276,"column":33}},"118":{"start":{"line":279,"column":20},"end":{"line":297,"column":5}},"119":{"start":{"line":280,"column":23},"end":{"line":280,"column":31}},"120":{"start":{"line":282,"column":22},"end":{"line":282,"column":54}},"121":{"start":{"line":284,"column":8},"end":{"line":296,"column":9}},"122":{"start":{"line":284,"column":21},"end":{"line":284,"column":22}},"123":{"start":{"line":285,"column":12},"end":{"line":295,"column":14}},"124":{"start":{"line":299,"column":16},"end":{"line":306,"column":5}},"125":{"start":{"line":300,"column":8},"end":{"line":305,"column":11}},"126":{"start":{"line":301,"column":12},"end":{"line":304,"column":14}},"127":{"start":{"line":308,"column":11},"end":{"line":323,"column":5}},"128":{"start":{"line":309,"column":8},"end":{"line":309,"column":40}},"129":{"start":{"line":310,"column":8},"end":{"line":310,"column":34}},"130":{"start":{"line":311,"column":8},"end":{"line":311,"column":28}},"131":{"start":{"line":312,"column":8},"end":{"line":312,"column":52}},"132":{"start":{"line":313,"column":8},"end":{"line":319,"column":11}},"133":{"start":{"line":314,"column":12},"end":{"line":318,"column":13}},"134":{"start":{"line":315,"column":16},"end":{"line":315,"column":34}},"135":{"start":{"line":316,"column":19},"end":{"line":318,"column":13}},"136":{"start":{"line":317,"column":16},"end":{"line":317,"column":33}},"137":{"start":{"line":320,"column":8},"end":{"line":320,"column":28}},"138":{"start":{"line":321,"column":8},"end":{"line":321,"column":26}},"139":{"start":{"line":322,"column":8},"end":{"line":322,"column":64}},"140":{"start":{"line":325,"column":16},"end":{"line":330,"column":5}},"141":{"start":{"line":326,"column":8},"end":{"line":329,"column":10}},"142":{"start":{"line":328,"column":16},"end":{"line":328,"column":79}},"143":{"start":{"line":332,"column":18},"end":{"line":344,"column":5}},"144":{"start":{"line":333,"column":8},"end":{"line":333,"column":34}},"145":{"start":{"line":334,"column":8},"end":{"line":334,"column":55}},"146":{"start":{"line":335,"column":8},"end":{"line":340,"column":11}},"147":{"start":{"line":341,"column":8},"end":{"line":343,"column":17}},"148":{"start":{"line":342,"column":12},"end":{"line":342,"column":63}},"149":{"start":{"line":346,"column":20},"end":{"line":349,"column":5}},"150":{"start":{"line":347,"column":8},"end":{"line":347,"column":33}},"151":{"start":{"line":348,"column":8},"end":{"line":348,"column":33}},"152":{"start":{"line":351,"column":22},"end":{"line":358,"column":5}},"153":{"start":{"line":352,"column":8},"end":{"line":352,"column":34}},"154":{"start":{"line":353,"column":8},"end":{"line":353,"column":30}},"155":{"start":{"line":354,"column":8},"end":{"line":354,"column":42}},"156":{"start":{"line":355,"column":8},"end":{"line":355,"column":34}},"157":{"start":{"line":356,"column":8},"end":{"line":356,"column":29}},"158":{"start":{"line":357,"column":8},"end":{"line":357,"column":28}},"159":{"start":{"line":360,"column":19},"end":{"line":368,"column":5}},"160":{"start":{"line":361,"column":32},"end":{"line":363,"column":10}},"161":{"start":{"line":362,"column":12},"end":{"line":362,"column":49}},"162":{"start":{"line":365,"column":25},"end":{"line":365,"column":66}},"163":{"start":{"line":365,"column":54},"end":{"line":365,"column":65}},"164":{"start":{"line":367,"column":8},"end":{"line":367,"column":33}},"165":{"start":{"line":370,"column":16},"end":{"line":375,"column":5}},"166":{"start":{"line":371,"column":8},"end":{"line":371,"column":35}},"167":{"start":{"line":371,"column":18},"end":{"line":371,"column":35}},"168":{"start":{"line":372,"column":8},"end":{"line":372,"column":46}},"169":{"start":{"line":373,"column":8},"end":{"line":373,"column":77}},"170":{"start":{"line":374,"column":8},"end":{"line":374,"column":50}},"171":{"start":{"line":377,"column":27},"end":{"line":380,"column":5}},"172":{"start":{"line":378,"column":8},"end":{"line":378,"column":32}},"173":{"start":{"line":379,"column":8},"end":{"line":379,"column":29}},"174":{"start":{"line":382,"column":20},"end":{"line":386,"column":5}},"175":{"start":{"line":383,"column":8},"end":{"line":385,"column":11}},"176":{"start":{"line":384,"column":12},"end":{"line":384,"column":50}},"177":{"start":{"line":388,"column":19},"end":{"line":390,"column":5}},"178":{"start":{"line":389,"column":8},"end":{"line":389,"column":74}},"179":{"start":{"line":392,"column":15},"end":{"line":429,"column":5}},"180":{"start":{"line":393,"column":8},"end":{"line":428,"column":9}},"181":{"start":{"line":394,"column":12},"end":{"line":425,"column":15}},"182":{"start":{"line":395,"column":66},"end":{"line":395,"column":67}},"183":{"start":{"line":396,"column":38},"end":{"line":396,"column":70}},"184":{"start":{"line":398,"column":26},"end":{"line":398,"column":37}},"185":{"start":{"line":399,"column":26},"end":{"line":399,"column":36}},"186":{"start":{"line":401,"column":30},"end":{"line":403,"column":17}},"187":{"start":{"line":402,"column":20},"end":{"line":402,"column":52}},"188":{"start":{"line":405,"column":16},"end":{"line":424,"column":19}},"189":{"start":{"line":406,"column":20},"end":{"line":423,"column":21}},"190":{"start":{"line":412,"column":24},"end":{"line":422,"column":25}},"191":{"start":{"line":413,"column":28},"end":{"line":421,"column":29}},"192":{"start":{"line":414,"column":32},"end":{"line":420,"column":33}},"193":{"start":{"line":418,"column":36},"end":{"line":418,"column":70}},"194":{"start":{"line":419,"column":36},"end":{"line":419,"column":52}},"195":{"start":{"line":427,"column":12},"end":{"line":427,"column":60}},"196":{"start":{"line":431,"column":16},"end":{"line":477,"column":5}},"197":{"start":{"line":432,"column":8},"end":{"line":476,"column":10}},"198":{"start":{"line":436,"column":16},"end":{"line":436,"column":55}},"199":{"start":{"line":439,"column":16},"end":{"line":474,"column":18}},"200":{"start":{"line":444,"column":24},"end":{"line":472,"column":26}},"201":{"start":{"line":449,"column":36},"end":{"line":451,"column":64}},"202":{"start":{"line":452,"column":32},"end":{"line":452,"column":59}},"203":{"start":{"line":454,"column":32},"end":{"line":457,"column":34}},"204":{"start":{"line":458,"column":32},"end":{"line":461,"column":34}},"205":{"start":{"line":464,"column":32},"end":{"line":466,"column":34}},"206":{"start":{"line":467,"column":32},"end":{"line":470,"column":34}},"207":{"start":{"line":480,"column":32},"end":{"line":567,"column":5}},"208":{"start":{"line":481,"column":27},"end":{"line":481,"column":64}},"209":{"start":{"line":483,"column":8},"end":{"line":510,"column":11}},"210":{"start":{"line":485,"column":12},"end":{"line":485,"column":50}},"211":{"start":{"line":487,"column":12},"end":{"line":509,"column":14}},"212":{"start":{"line":491,"column":20},"end":{"line":491,"column":63}},"213":{"start":{"line":492,"column":20},"end":{"line":492,"column":53}},"214":{"start":{"line":495,"column":20},"end":{"line":507,"column":22}},"215":{"start":{"line":499,"column":28},"end":{"line":499,"column":71}},"216":{"start":{"line":500,"column":28},"end":{"line":500,"column":66}},"217":{"start":{"line":501,"column":28},"end":{"line":501,"column":72}},"218":{"start":{"line":504,"column":28},"end":{"line":504,"column":50}},"219":{"start":{"line":505,"column":28},"end":{"line":505,"column":61}},"220":{"start":{"line":512,"column":8},"end":{"line":515,"column":11}},"221":{"start":{"line":513,"column":12},"end":{"line":513,"column":50}},"222":{"start":{"line":514,"column":12},"end":{"line":514,"column":55}},"223":{"start":{"line":517,"column":8},"end":{"line":540,"column":11}},"224":{"start":{"line":518,"column":12},"end":{"line":518,"column":50}},"225":{"start":{"line":519,"column":12},"end":{"line":539,"column":14}},"226":{"start":{"line":523,"column":20},"end":{"line":523,"column":63}},"227":{"start":{"line":524,"column":20},"end":{"line":524,"column":58}},"228":{"start":{"line":527,"column":20},"end":{"line":537,"column":22}},"229":{"start":{"line":531,"column":28},"end":{"line":531,"column":71}},"230":{"start":{"line":532,"column":28},"end":{"line":532,"column":61}},"231":{"start":{"line":535,"column":28},"end":{"line":535,"column":61}},"232":{"start":{"line":542,"column":8},"end":{"line":546,"column":11}},"233":{"start":{"line":543,"column":12},"end":{"line":543,"column":50}},"234":{"start":{"line":544,"column":12},"end":{"line":544,"column":50}},"235":{"start":{"line":545,"column":12},"end":{"line":545,"column":37}},"236":{"start":{"line":548,"column":8},"end":{"line":548,"column":74}},"237":{"start":{"line":550,"column":8},"end":{"line":550,"column":74}},"238":{"start":{"line":552,"column":8},"end":{"line":566,"column":11}},"239":{"start":{"line":553,"column":12},"end":{"line":565,"column":14}},"240":{"start":{"line":557,"column":20},"end":{"line":557,"column":58}},"241":{"start":{"line":558,"column":20},"end":{"line":558,"column":42}},"242":{"start":{"line":560,"column":20},"end":{"line":560,"column":63}},"243":{"start":{"line":561,"column":20},"end":{"line":561,"column":42}},"244":{"start":{"line":563,"column":20},"end":{"line":563,"column":53}},"245":{"start":{"line":569,"column":21},"end":{"line":586,"column":5}},"246":{"start":{"line":570,"column":25},"end":{"line":570,"column":76}},"247":{"start":{"line":571,"column":18},"end":{"line":571,"column":33}},"248":{"start":{"line":572,"column":18},"end":{"line":572,"column":33}},"249":{"start":{"line":573,"column":18},"end":{"line":573,"column":37}},"250":{"start":{"line":574,"column":18},"end":{"line":574,"column":38}},"251":{"start":{"line":576,"column":8},"end":{"line":585,"column":11}},"252":{"start":{"line":577,"column":12},"end":{"line":577,"column":55}},"253":{"start":{"line":578,"column":12},"end":{"line":578,"column":55}},"254":{"start":{"line":579,"column":12},"end":{"line":579,"column":56}},"255":{"start":{"line":581,"column":12},"end":{"line":581,"column":45}},"256":{"start":{"line":582,"column":12},"end":{"line":582,"column":35}},"257":{"start":{"line":583,"column":12},"end":{"line":583,"column":40}},"258":{"start":{"line":584,"column":12},"end":{"line":584,"column":44}},"259":{"start":{"line":588,"column":18},"end":{"line":593,"column":5}},"260":{"start":{"line":589,"column":30},"end":{"line":589,"column":66}},"261":{"start":{"line":590,"column":8},"end":{"line":590,"column":49}},"262":{"start":{"line":591,"column":8},"end":{"line":591,"column":37}},"263":{"start":{"line":592,"column":8},"end":{"line":592,"column":41}},"264":{"start":{"line":595,"column":18},"end":{"line":630,"column":5}},"265":{"start":{"line":596,"column":8},"end":{"line":629,"column":10}},"266":{"start":{"line":600,"column":16},"end":{"line":606,"column":18}},"267":{"start":{"line":609,"column":16},"end":{"line":627,"column":18}},"268":{"start":{"line":613,"column":24},"end":{"line":619,"column":26}},"269":{"start":{"line":620,"column":24},"end":{"line":620,"column":60}},"270":{"start":{"line":621,"column":24},"end":{"line":621,"column":58}},"271":{"start":{"line":622,"column":24},"end":{"line":622,"column":58}},"272":{"start":{"line":625,"column":24},"end":{"line":625,"column":57}},"273":{"start":{"line":632,"column":18},"end":{"line":661,"column":5}},"274":{"start":{"line":633,"column":8},"end":{"line":660,"column":10}},"275":{"start":{"line":637,"column":16},"end":{"line":643,"column":18}},"276":{"start":{"line":644,"column":16},"end":{"line":644,"column":52}},"277":{"start":{"line":645,"column":16},"end":{"line":645,"column":50}},"278":{"start":{"line":648,"column":16},"end":{"line":658,"column":18}},"279":{"start":{"line":652,"column":24},"end":{"line":652,"column":67}},"280":{"start":{"line":653,"column":24},"end":{"line":653,"column":57}},"281":{"start":{"line":656,"column":24},"end":{"line":656,"column":57}},"282":{"start":{"line":663,"column":20},"end":{"line":665,"column":5}},"283":{"start":{"line":664,"column":8},"end":{"line":664,"column":60}},"284":{"start":{"line":667,"column":19},"end":{"line":699,"column":5}},"285":{"start":{"line":668,"column":29},"end":{"line":668,"column":68}},"286":{"start":{"line":669,"column":28},"end":{"line":669,"column":33}},"287":{"start":{"line":671,"column":18},"end":{"line":671,"column":38}},"288":{"start":{"line":673,"column":8},"end":{"line":679,"column":9}},"289":{"start":{"line":674,"column":12},"end":{"line":674,"column":47}},"290":{"start":{"line":675,"column":12},"end":{"line":675,"column":40}},"291":{"start":{"line":676,"column":12},"end":{"line":676,"column":35}},"292":{"start":{"line":678,"column":12},"end":{"line":678,"column":33}},"293":{"start":{"line":681,"column":8},"end":{"line":698,"column":11}},"294":{"start":{"line":682,"column":42},"end":{"line":682,"column":50}},"295":{"start":{"line":683,"column":29},"end":{"line":683,"column":66}},"296":{"start":{"line":684,"column":32},"end":{"line":684,"column":42}},"297":{"start":{"line":686,"column":12},"end":{"line":697,"column":13}},"298":{"start":{"line":687,"column":16},"end":{"line":687,"column":51}},"299":{"start":{"line":688,"column":16},"end":{"line":688,"column":44}},"300":{"start":{"line":689,"column":16},"end":{"line":692,"column":17}},"301":{"start":{"line":690,"column":20},"end":{"line":690,"column":47}},"302":{"start":{"line":691,"column":20},"end":{"line":691,"column":42}},"303":{"start":{"line":693,"column":19},"end":{"line":697,"column":13}},"304":{"start":{"line":694,"column":16},"end":{"line":694,"column":51}},"305":{"start":{"line":695,"column":16},"end":{"line":695,"column":52}},"306":{"start":{"line":696,"column":16},"end":{"line":696,"column":37}},"307":{"start":{"line":703,"column":14},"end":{"line":703,"column":41}},"308":{"start":{"line":705,"column":8},"end":{"line":705,"column":101}},"309":{"start":{"line":707,"column":4},"end":{"line":707,"column":29}},"310":{"start":{"line":708,"column":4},"end":{"line":708,"column":24}},"311":{"start":{"line":710,"column":4},"end":{"line":710,"column":13}}},"fnMap":{"0":{"name":"(anonymous_0)","decl":{"start":{"line":14,"column":4},"end":{"line":14,"column":5}},"loc":{"start":{"line":19,"column":6},"end":{"line":58,"column":5}},"line":19},"1":{"name":"(anonymous_1)","decl":{"start":{"line":34,"column":33},"end":{"line":34,"column":34}},"loc":{"start":{"line":34,"column":53},"end":{"line":34,"column":68}},"line":34},"2":{"name":"(anonymous_2)","decl":{"start":{"line":60,"column":31},"end":{"line":60,"column":32}},"loc":{"start":{"line":60,"column":37},"end":{"line":101,"column":5}},"line":60},"3":{"name":"(anonymous_3)","decl":{"start":{"line":64,"column":12},"end":{"line":64,"column":13}},"loc":{"start":{"line":64,"column":22},"end":{"line":64,"column":78}},"line":64},"4":{"name":"(anonymous_4)","decl":{"start":{"line":71,"column":16},"end":{"line":71,"column":17}},"loc":{"start":{"line":71,"column":26},"end":{"line":71,"column":76}},"line":71},"5":{"name":"(anonymous_5)","decl":{"start":{"line":75,"column":20},"end":{"line":75,"column":21}},"loc":{"start":{"line":76,"column":24},"end":{"line":76,"column":78}},"line":76},"6":{"name":"(anonymous_6)","decl":{"start":{"line":103,"column":22},"end":{"line":103,"column":23}},"loc":{"start":{"line":103,"column":28},"end":{"line":141,"column":5}},"line":103},"7":{"name":"(anonymous_7)","decl":{"start":{"line":143,"column":11},"end":{"line":143,"column":12}},"loc":{"start":{"line":153,"column":10},"end":{"line":231,"column":5}},"line":153},"8":{"name":"(anonymous_8)","decl":{"start":{"line":154,"column":68},"end":{"line":154,"column":69}},"loc":{"start":{"line":155,"column":12},"end":{"line":155,"column":44}},"line":155},"9":{"name":"(anonymous_9)","decl":{"start":{"line":213,"column":38},"end":{"line":213,"column":39}},"loc":{"start":{"line":213,"column":44},"end":{"line":224,"column":17}},"line":213},"10":{"name":"(anonymous_10)","decl":{"start":{"line":233,"column":16},"end":{"line":233,"column":17}},"loc":{"start":{"line":233,"column":22},"end":{"line":241,"column":5}},"line":233},"11":{"name":"(anonymous_11)","decl":{"start":{"line":235,"column":30},"end":{"line":235,"column":31}},"loc":{"start":{"line":235,"column":36},"end":{"line":238,"column":9}},"line":235},"12":{"name":"(anonymous_12)","decl":{"start":{"line":243,"column":17},"end":{"line":243,"column":18}},"loc":{"start":{"line":243,"column":23},"end":{"line":250,"column":5}},"line":243},"13":{"name":"(anonymous_13)","decl":{"start":{"line":247,"column":30},"end":{"line":247,"column":31}},"loc":{"start":{"line":247,"column":36},"end":{"line":249,"column":9}},"line":247},"14":{"name":"(anonymous_14)","decl":{"start":{"line":252,"column":19},"end":{"line":252,"column":20}},"loc":{"start":{"line":252,"column":25},"end":{"line":255,"column":5}},"line":252},"15":{"name":"(anonymous_15)","decl":{"start":{"line":257,"column":18},"end":{"line":257,"column":19}},"loc":{"start":{"line":257,"column":24},"end":{"line":267,"column":5}},"line":257},"16":{"name":"(anonymous_16)","decl":{"start":{"line":269,"column":24},"end":{"line":269,"column":25}},"loc":{"start":{"line":269,"column":30},"end":{"line":277,"column":5}},"line":269},"17":{"name":"(anonymous_17)","decl":{"start":{"line":270,"column":52},"end":{"line":270,"column":53}},"loc":{"start":{"line":270,"column":67},"end":{"line":272,"column":9}},"line":270},"18":{"name":"(anonymous_18)","decl":{"start":{"line":274,"column":46},"end":{"line":274,"column":47}},"loc":{"start":{"line":274,"column":54},"end":{"line":274,"column":65}},"line":274},"19":{"name":"(anonymous_19)","decl":{"start":{"line":279,"column":20},"end":{"line":279,"column":21}},"loc":{"start":{"line":279,"column":34},"end":{"line":297,"column":5}},"line":279},"20":{"name":"(anonymous_20)","decl":{"start":{"line":299,"column":16},"end":{"line":299,"column":17}},"loc":{"start":{"line":299,"column":59},"end":{"line":306,"column":5}},"line":299},"21":{"name":"(anonymous_21)","decl":{"start":{"line":300,"column":32},"end":{"line":300,"column":33}},"loc":{"start":{"line":300,"column":51},"end":{"line":305,"column":9}},"line":300},"22":{"name":"(anonymous_22)","decl":{"start":{"line":308,"column":11},"end":{"line":308,"column":12}},"loc":{"start":{"line":308,"column":17},"end":{"line":323,"column":5}},"line":308},"23":{"name":"(anonymous_23)","decl":{"start":{"line":313,"column":48},"end":{"line":313,"column":49}},"loc":{"start":{"line":313,"column":62},"end":{"line":319,"column":9}},"line":313},"24":{"name":"(anonymous_24)","decl":{"start":{"line":325,"column":16},"end":{"line":325,"column":17}},"loc":{"start":{"line":325,"column":22},"end":{"line":330,"column":5}},"line":325},"25":{"name":"(anonymous_25)","decl":{"start":{"line":327,"column":12},"end":{"line":327,"column":13}},"loc":{"start":{"line":328,"column":16},"end":{"line":328,"column":79}},"line":328},"26":{"name":"(anonymous_26)","decl":{"start":{"line":332,"column":18},"end":{"line":332,"column":19}},"loc":{"start":{"line":332,"column":30},"end":{"line":344,"column":5}},"line":332},"27":{"name":"(anonymous_27)","decl":{"start":{"line":341,"column":19},"end":{"line":341,"column":20}},"loc":{"start":{"line":341,"column":25},"end":{"line":343,"column":9}},"line":341},"28":{"name":"(anonymous_28)","decl":{"start":{"line":346,"column":20},"end":{"line":346,"column":21}},"loc":{"start":{"line":346,"column":26},"end":{"line":349,"column":5}},"line":346},"29":{"name":"(anonymous_29)","decl":{"start":{"line":351,"column":22},"end":{"line":351,"column":23}},"loc":{"start":{"line":351,"column":34},"end":{"line":358,"column":5}},"line":351},"30":{"name":"(anonymous_30)","decl":{"start":{"line":360,"column":19},"end":{"line":360,"column":20}},"loc":{"start":{"line":360,"column":45},"end":{"line":368,"column":5}},"line":360},"31":{"name":"(anonymous_31)","decl":{"start":{"line":361,"column":52},"end":{"line":361,"column":53}},"loc":{"start":{"line":361,"column":67},"end":{"line":363,"column":9}},"line":361},"32":{"name":"(anonymous_32)","decl":{"start":{"line":365,"column":46},"end":{"line":365,"column":47}},"loc":{"start":{"line":365,"column":54},"end":{"line":365,"column":65}},"line":365},"33":{"name":"(anonymous_33)","decl":{"start":{"line":370,"column":16},"end":{"line":370,"column":17}},"loc":{"start":{"line":370,"column":26},"end":{"line":375,"column":5}},"line":370},"34":{"name":"(anonymous_34)","decl":{"start":{"line":377,"column":27},"end":{"line":377,"column":28}},"loc":{"start":{"line":377,"column":33},"end":{"line":380,"column":5}},"line":377},"35":{"name":"(anonymous_35)","decl":{"start":{"line":382,"column":20},"end":{"line":382,"column":21}},"loc":{"start":{"line":382,"column":26},"end":{"line":386,"column":5}},"line":382},"36":{"name":"(anonymous_36)","decl":{"start":{"line":383,"column":28},"end":{"line":383,"column":29}},"loc":{"start":{"line":383,"column":49},"end":{"line":385,"column":9}},"line":383},"37":{"name":"(anonymous_37)","decl":{"start":{"line":388,"column":19},"end":{"line":388,"column":20}},"loc":{"start":{"line":388,"column":25},"end":{"line":390,"column":5}},"line":388},"38":{"name":"(anonymous_38)","decl":{"start":{"line":392,"column":15},"end":{"line":392,"column":16}},"loc":{"start":{"line":392,"column":42},"end":{"line":429,"column":5}},"line":392},"39":{"name":"(anonymous_39)","decl":{"start":{"line":394,"column":50},"end":{"line":394,"column":51}},"loc":{"start":{"line":394,"column":57},"end":{"line":425,"column":13}},"line":394},"40":{"name":"(anonymous_40)","decl":{"start":{"line":401,"column":55},"end":{"line":401,"column":56}},"loc":{"start":{"line":402,"column":20},"end":{"line":402,"column":52}},"line":402},"41":{"name":"(anonymous_41)","decl":{"start":{"line":405,"column":30},"end":{"line":405,"column":31}},"loc":{"start":{"line":405,"column":40},"end":{"line":424,"column":17}},"line":405},"42":{"name":"(anonymous_42)","decl":{"start":{"line":431,"column":16},"end":{"line":431,"column":17}},"loc":{"start":{"line":431,"column":25},"end":{"line":477,"column":5}},"line":431},"43":{"name":"(anonymous_43)","decl":{"start":{"line":435,"column":12},"end":{"line":435,"column":13}},"loc":{"start":{"line":435,"column":21},"end":{"line":437,"column":13}},"line":435},"44":{"name":"(anonymous_44)","decl":{"start":{"line":438,"column":12},"end":{"line":438,"column":13}},"loc":{"start":{"line":438,"column":21},"end":{"line":475,"column":13}},"line":438},"45":{"name":"(anonymous_45)","decl":{"start":{"line":443,"column":20},"end":{"line":443,"column":21}},"loc":{"start":{"line":443,"column":29},"end":{"line":473,"column":21}},"line":443},"46":{"name":"(anonymous_46)","decl":{"start":{"line":447,"column":28},"end":{"line":447,"column":29}},"loc":{"start":{"line":447,"column":37},"end":{"line":462,"column":29}},"line":447},"47":{"name":"(anonymous_47)","decl":{"start":{"line":463,"column":28},"end":{"line":463,"column":29}},"loc":{"start":{"line":463,"column":34},"end":{"line":471,"column":29}},"line":463},"48":{"name":"(anonymous_48)","decl":{"start":{"line":480,"column":32},"end":{"line":480,"column":33}},"loc":{"start":{"line":480,"column":38},"end":{"line":567,"column":5}},"line":480},"49":{"name":"(anonymous_49)","decl":{"start":{"line":483,"column":57},"end":{"line":483,"column":58}},"loc":{"start":{"line":483,"column":63},"end":{"line":510,"column":9}},"line":483},"50":{"name":"(anonymous_50)","decl":{"start":{"line":490,"column":16},"end":{"line":490,"column":17}},"loc":{"start":{"line":490,"column":25},"end":{"line":493,"column":17}},"line":490},"51":{"name":"(anonymous_51)","decl":{"start":{"line":494,"column":16},"end":{"line":494,"column":17}},"loc":{"start":{"line":494,"column":25},"end":{"line":508,"column":17}},"line":494},"52":{"name":"(anonymous_52)","decl":{"start":{"line":498,"column":24},"end":{"line":498,"column":25}},"loc":{"start":{"line":498,"column":33},"end":{"line":502,"column":25}},"line":498},"53":{"name":"(anonymous_53)","decl":{"start":{"line":503,"column":24},"end":{"line":503,"column":25}},"loc":{"start":{"line":503,"column":30},"end":{"line":506,"column":25}},"line":503},"54":{"name":"(anonymous_54)","decl":{"start":{"line":512,"column":57},"end":{"line":512,"column":58}},"loc":{"start":{"line":512,"column":63},"end":{"line":515,"column":9}},"line":512},"55":{"name":"(anonymous_55)","decl":{"start":{"line":517,"column":61},"end":{"line":517,"column":62}},"loc":{"start":{"line":517,"column":67},"end":{"line":540,"column":9}},"line":517},"56":{"name":"(anonymous_56)","decl":{"start":{"line":522,"column":16},"end":{"line":522,"column":17}},"loc":{"start":{"line":522,"column":25},"end":{"line":525,"column":17}},"line":522},"57":{"name":"(anonymous_57)","decl":{"start":{"line":526,"column":16},"end":{"line":526,"column":17}},"loc":{"start":{"line":526,"column":25},"end":{"line":538,"column":17}},"line":526},"58":{"name":"(anonymous_58)","decl":{"start":{"line":530,"column":24},"end":{"line":530,"column":25}},"loc":{"start":{"line":530,"column":33},"end":{"line":533,"column":25}},"line":530},"59":{"name":"(anonymous_59)","decl":{"start":{"line":534,"column":24},"end":{"line":534,"column":25}},"loc":{"start":{"line":534,"column":30},"end":{"line":536,"column":25}},"line":534},"60":{"name":"(anonymous_60)","decl":{"start":{"line":542,"column":59},"end":{"line":542,"column":60}},"loc":{"start":{"line":542,"column":65},"end":{"line":546,"column":9}},"line":542},"61":{"name":"(anonymous_61)","decl":{"start":{"line":552,"column":50},"end":{"line":552,"column":51}},"loc":{"start":{"line":552,"column":61},"end":{"line":566,"column":9}},"line":552},"62":{"name":"(anonymous_62)","decl":{"start":{"line":556,"column":16},"end":{"line":556,"column":17}},"loc":{"start":{"line":556,"column":22},"end":{"line":564,"column":17}},"line":556},"63":{"name":"(anonymous_63)","decl":{"start":{"line":569,"column":21},"end":{"line":569,"column":22}},"loc":{"start":{"line":569,"column":27},"end":{"line":586,"column":5}},"line":569},"64":{"name":"(anonymous_64)","decl":{"start":{"line":576,"column":30},"end":{"line":576,"column":31}},"loc":{"start":{"line":576,"column":36},"end":{"line":585,"column":9}},"line":576},"65":{"name":"(anonymous_65)","decl":{"start":{"line":588,"column":18},"end":{"line":588,"column":19}},"loc":{"start":{"line":588,"column":46},"end":{"line":593,"column":5}},"line":588},"66":{"name":"(anonymous_66)","decl":{"start":{"line":595,"column":18},"end":{"line":595,"column":19}},"loc":{"start":{"line":595,"column":38},"end":{"line":630,"column":5}},"line":595},"67":{"name":"(anonymous_67)","decl":{"start":{"line":599,"column":12},"end":{"line":599,"column":13}},"loc":{"start":{"line":599,"column":21},"end":{"line":607,"column":13}},"line":599},"68":{"name":"(anonymous_68)","decl":{"start":{"line":608,"column":12},"end":{"line":608,"column":13}},"loc":{"start":{"line":608,"column":21},"end":{"line":628,"column":13}},"line":608},"69":{"name":"(anonymous_69)","decl":{"start":{"line":612,"column":20},"end":{"line":612,"column":21}},"loc":{"start":{"line":612,"column":29},"end":{"line":623,"column":21}},"line":612},"70":{"name":"(anonymous_70)","decl":{"start":{"line":624,"column":20},"end":{"line":624,"column":21}},"loc":{"start":{"line":624,"column":26},"end":{"line":626,"column":21}},"line":624},"71":{"name":"(anonymous_71)","decl":{"start":{"line":632,"column":18},"end":{"line":632,"column":19}},"loc":{"start":{"line":632,"column":38},"end":{"line":661,"column":5}},"line":632},"72":{"name":"(anonymous_72)","decl":{"start":{"line":636,"column":12},"end":{"line":636,"column":13}},"loc":{"start":{"line":636,"column":21},"end":{"line":646,"column":13}},"line":636},"73":{"name":"(anonymous_73)","decl":{"start":{"line":647,"column":12},"end":{"line":647,"column":13}},"loc":{"start":{"line":647,"column":21},"end":{"line":659,"column":13}},"line":647},"74":{"name":"(anonymous_74)","decl":{"start":{"line":651,"column":20},"end":{"line":651,"column":21}},"loc":{"start":{"line":651,"column":29},"end":{"line":654,"column":21}},"line":651},"75":{"name":"(anonymous_75)","decl":{"start":{"line":655,"column":20},"end":{"line":655,"column":21}},"loc":{"start":{"line":655,"column":26},"end":{"line":657,"column":21}},"line":655},"76":{"name":"(anonymous_76)","decl":{"start":{"line":663,"column":20},"end":{"line":663,"column":21}},"loc":{"start":{"line":663,"column":26},"end":{"line":665,"column":5}},"line":663},"77":{"name":"(anonymous_77)","decl":{"start":{"line":667,"column":19},"end":{"line":667,"column":20}},"loc":{"start":{"line":667,"column":25},"end":{"line":699,"column":5}},"line":667},"78":{"name":"(anonymous_78)","decl":{"start":{"line":681,"column":42},"end":{"line":681,"column":43}},"loc":{"start":{"line":681,"column":49},"end":{"line":698,"column":9}},"line":681},"79":{"name":"createErrorElement","decl":{"start":{"line":702,"column":9},"end":{"line":702,"column":27}},"loc":{"start":{"line":702,"column":30},"end":{"line":711,"column":1}},"line":702}},"branchMap":{"0":{"loc":{"start":{"line":127,"column":8},"end":{"line":140,"column":9}},"type":"if","locations":[{"start":{"line":127,"column":8},"end":{"line":140,"column":9}},{"start":{"line":127,"column":8},"end":{"line":140,"column":9}}],"line":127},"1":{"loc":{"start":{"line":158,"column":8},"end":{"line":158,"column":56}},"type":"if","locations":[{"start":{"line":158,"column":8},"end":{"line":158,"column":56}},{"start":{"line":158,"column":8},"end":{"line":158,"column":56}}],"line":158},"2":{"loc":{"start":{"line":164,"column":23},"end":{"line":164,"column":73}},"type":"cond-expr","locations":[{"start":{"line":164,"column":51},"end":{"line":164,"column":63}},{"start":{"line":164,"column":66},"end":{"line":164,"column":73}}],"line":164},"3":{"loc":{"start":{"line":174,"column":8},"end":{"line":178,"column":9}},"type":"if","locations":[{"start":{"line":174,"column":8},"end":{"line":178,"column":9}},{"start":{"line":174,"column":8},"end":{"line":178,"column":9}}],"line":174},"4":{"loc":{"start":{"line":174,"column":12},"end":{"line":174,"column":75}},"type":"binary-expr","locations":[{"start":{"line":174,"column":12},"end":{"line":174,"column":46}},{"start":{"line":174,"column":50},"end":{"line":174,"column":75}}],"line":174},"5":{"loc":{"start":{"line":180,"column":8},"end":{"line":203,"column":9}},"type":"if","locations":[{"start":{"line":180,"column":8},"end":{"line":203,"column":9}},{"start":{"line":180,"column":8},"end":{"line":203,"column":9}}],"line":180},"6":{"loc":{"start":{"line":182,"column":12},"end":{"line":187,"column":13}},"type":"if","locations":[{"start":{"line":182,"column":12},"end":{"line":187,"column":13}},{"start":{"line":182,"column":12},"end":{"line":187,"column":13}}],"line":182},"7":{"loc":{"start":{"line":183,"column":16},"end":{"line":184,"column":49}},"type":"binary-expr","locations":[{"start":{"line":183,"column":16},"end":{"line":183,"column":49}},{"start":{"line":184,"column":16},"end":{"line":184,"column":49}}],"line":183},"8":{"loc":{"start":{"line":190,"column":12},"end":{"line":202,"column":13}},"type":"if","locations":[{"start":{"line":190,"column":12},"end":{"line":202,"column":13}},{"start":{"line":190,"column":12},"end":{"line":202,"column":13}}],"line":190},"9":{"loc":{"start":{"line":190,"column":16},"end":{"line":190,"column":77}},"type":"binary-expr","locations":[{"start":{"line":190,"column":16},"end":{"line":190,"column":48}},{"start":{"line":190,"column":52},"end":{"line":190,"column":77}}],"line":190},"10":{"loc":{"start":{"line":192,"column":17},"end":{"line":202,"column":13}},"type":"if","locations":[{"start":{"line":192,"column":17},"end":{"line":202,"column":13}},{"start":{"line":192,"column":17},"end":{"line":202,"column":13}}],"line":192},"11":{"loc":{"start":{"line":193,"column":16},"end":{"line":194,"column":41}},"type":"binary-expr","locations":[{"start":{"line":193,"column":16},"end":{"line":193,"column":48}},{"start":{"line":194,"column":16},"end":{"line":194,"column":41}}],"line":193},"12":{"loc":{"start":{"line":197,"column":19},"end":{"line":202,"column":13}},"type":"if","locations":[{"start":{"line":197,"column":19},"end":{"line":202,"column":13}},{"start":{"line":197,"column":19},"end":{"line":202,"column":13}}],"line":197},"13":{"loc":{"start":{"line":198,"column":16},"end":{"line":199,"column":41}},"type":"binary-expr","locations":[{"start":{"line":198,"column":16},"end":{"line":198,"column":48}},{"start":{"line":199,"column":16},"end":{"line":199,"column":41}}],"line":198},"14":{"loc":{"start":{"line":205,"column":8},"end":{"line":230,"column":9}},"type":"if","locations":[{"start":{"line":205,"column":8},"end":{"line":230,"column":9}},{"start":{"line":205,"column":8},"end":{"line":230,"column":9}}],"line":205},"15":{"loc":{"start":{"line":207,"column":12},"end":{"line":225,"column":13}},"type":"if","locations":[{"start":{"line":207,"column":12},"end":{"line":225,"column":13}},{"start":{"line":207,"column":12},"end":{"line":225,"column":13}}],"line":207},"16":{"loc":{"start":{"line":258,"column":8},"end":{"line":262,"column":9}},"type":"if","locations":[{"start":{"line":258,"column":8},"end":{"line":262,"column":9}},{"start":{"line":258,"column":8},"end":{"line":262,"column":9}}],"line":258},"17":{"loc":{"start":{"line":264,"column":8},"end":{"line":266,"column":9}},"type":"if","locations":[{"start":{"line":264,"column":8},"end":{"line":266,"column":9}},{"start":{"line":264,"column":8},"end":{"line":266,"column":9}}],"line":264},"18":{"loc":{"start":{"line":276,"column":15},"end":{"line":276,"column":32}},"type":"binary-expr","locations":[{"start":{"line":276,"column":15},"end":{"line":276,"column":23}},{"start":{"line":276,"column":27},"end":{"line":276,"column":32}}],"line":276},"19":{"loc":{"start":{"line":314,"column":12},"end":{"line":318,"column":13}},"type":"if","locations":[{"start":{"line":314,"column":12},"end":{"line":318,"column":13}},{"start":{"line":314,"column":12},"end":{"line":318,"column":13}}],"line":314},"20":{"loc":{"start":{"line":314,"column":16},"end":{"line":314,"column":54}},"type":"binary-expr","locations":[{"start":{"line":314,"column":16},"end":{"line":314,"column":42}},{"start":{"line":314,"column":46},"end":{"line":314,"column":54}}],"line":314},"21":{"loc":{"start":{"line":316,"column":19},"end":{"line":318,"column":13}},"type":"if","locations":[{"start":{"line":316,"column":19},"end":{"line":318,"column":13}},{"start":{"line":316,"column":19},"end":{"line":318,"column":13}}],"line":316},"22":{"loc":{"start":{"line":316,"column":23},"end":{"line":316,"column":62}},"type":"binary-expr","locations":[{"start":{"line":316,"column":23},"end":{"line":316,"column":50}},{"start":{"line":316,"column":54},"end":{"line":316,"column":62}}],"line":316},"23":{"loc":{"start":{"line":367,"column":15},"end":{"line":367,"column":32}},"type":"binary-expr","locations":[{"start":{"line":367,"column":15},"end":{"line":367,"column":23}},{"start":{"line":367,"column":27},"end":{"line":367,"column":32}}],"line":367},"24":{"loc":{"start":{"line":371,"column":8},"end":{"line":371,"column":35}},"type":"if","locations":[{"start":{"line":371,"column":8},"end":{"line":371,"column":35}},{"start":{"line":371,"column":8},"end":{"line":371,"column":35}}],"line":371},"25":{"loc":{"start":{"line":392,"column":16},"end":{"line":392,"column":37}},"type":"default-arg","locations":[{"start":{"line":392,"column":26},"end":{"line":392,"column":37}}],"line":392},"26":{"loc":{"start":{"line":406,"column":20},"end":{"line":423,"column":21}},"type":"if","locations":[{"start":{"line":406,"column":20},"end":{"line":423,"column":21}},{"start":{"line":406,"column":20},"end":{"line":423,"column":21}}],"line":406},"27":{"loc":{"start":{"line":407,"column":24},"end":{"line":410,"column":49}},"type":"binary-expr","locations":[{"start":{"line":407,"column":24},"end":{"line":407,"column":35}},{"start":{"line":408,"column":24},"end":{"line":408,"column":48}},{"start":{"line":409,"column":24},"end":{"line":409,"column":35}},{"start":{"line":410,"column":24},"end":{"line":410,"column":49}}],"line":407},"28":{"loc":{"start":{"line":412,"column":24},"end":{"line":422,"column":25}},"type":"if","locations":[{"start":{"line":412,"column":24},"end":{"line":422,"column":25}},{"start":{"line":412,"column":24},"end":{"line":422,"column":25}}],"line":412},"29":{"loc":{"start":{"line":413,"column":28},"end":{"line":421,"column":29}},"type":"if","locations":[{"start":{"line":413,"column":28},"end":{"line":421,"column":29}},{"start":{"line":413,"column":28},"end":{"line":421,"column":29}}],"line":413},"30":{"loc":{"start":{"line":414,"column":32},"end":{"line":420,"column":33}},"type":"if","locations":[{"start":{"line":414,"column":32},"end":{"line":420,"column":33}},{"start":{"line":414,"column":32},"end":{"line":420,"column":33}}],"line":414},"31":{"loc":{"start":{"line":415,"column":36},"end":{"line":416,"column":70}},"type":"binary-expr","locations":[{"start":{"line":415,"column":36},"end":{"line":415,"column":49}},{"start":{"line":416,"column":36},"end":{"line":416,"column":70}}],"line":415},"32":{"loc":{"start":{"line":449,"column":36},"end":{"line":451,"column":64}},"type":"cond-expr","locations":[{"start":{"line":450,"column":42},"end":{"line":450,"column":69}},{"start":{"line":451,"column":42},"end":{"line":451,"column":64}}],"line":449},"33":{"loc":{"start":{"line":673,"column":8},"end":{"line":679,"column":9}},"type":"if","locations":[{"start":{"line":673,"column":8},"end":{"line":679,"column":9}},{"start":{"line":673,"column":8},"end":{"line":679,"column":9}}],"line":673},"34":{"loc":{"start":{"line":686,"column":12},"end":{"line":697,"column":13}},"type":"if","locations":[{"start":{"line":686,"column":12},"end":{"line":697,"column":13}},{"start":{"line":686,"column":12},"end":{"line":697,"column":13}}],"line":686},"35":{"loc":{"start":{"line":689,"column":16},"end":{"line":692,"column":17}},"type":"if","locations":[{"start":{"line":689,"column":16},"end":{"line":692,"column":17}},{"start":{"line":689,"column":16},"end":{"line":692,"column":17}}],"line":689},"36":{"loc":{"start":{"line":693,"column":19},"end":{"line":697,"column":13}},"type":"if","locations":[{"start":{"line":693,"column":19},"end":{"line":697,"column":13}},{"start":{"line":693,"column":19},"end":{"line":697,"column":13}}],"line":693}},"s":{"0":0,"1":0,"2":0,"3":0,"4":0,"5":0,"6":0,"7":0,"8":0,"9":0,"10":0,"11":0,"12":0,"13":0,"14":0,"15":0,"16":0,"17":0,"18":0,"19":0,"20":0,"21":0,"22":0,"23":0,"24":0,"25":0,"26":0,"27":0,"28":0,"29":0,"30":0,"31":0,"32":0,"33":0,"34":0,"35":0,"36":0,"37":0,"38":0,"39":0,"40":0,"41":0,"42":0,"43":0,"44":0,"45":0,"46":0,"47":0,"48":0,"49":0,"50":0,"51":0,"52":0,"53":0,"54":0,"55":0,"56":0,"57":0,"58":0,"59":0,"60":0,"61":0,"62":0,"63":0,"64":0,"65":0,"66":0,"67":0,"68":0,"69":0,"70":0,"71":0,"72":0,"73":0,"74":0,"75":0,"76":0,"77":0,"78":0,"79":0,"80":0,"81":0,"82":0,"83":0,"84":0,"85":0,"86":0,"87":0,"88":0,"89":0,"90":0,"91":0,"92":0,"93":0,"94":0,"95":0,"96":0,"97":0,"98":0,"99":0,"100":0,"101":0,"102":0,"103":0,"104":0,"105":0,"106":0,"107":0,"108":0,"109":0,"110":0,"111":0,"112":0,"113":0,"114":0,"115":0,"116":0,"117":0,"118":0,"119":0,"120":0,"121":0,"122":0,"123":0,"124":0,"125":0,"126":0,"127":0,"128":0,"129":0,"130":0,"131":0,"132":0,"133":0,"134":0,"135":0,"136":0,"137":0,"138":0,"139":0,"140":0,"141":0,"142":0,"143":0,"144":0,"145":0,"146":0,"147":0,"148":0,"149":0,"150":0,"151":0,"152":0,"153":0,"154":0,"155":0,"156":0,"157":0,"158":0,"159":0,"160":0,"161":0,"162":0,"163":0,"164":0,"165":0,"166":0,"167":0,"168":0,"169":0,"170":0,"171":0,"172":0,"173":0,"174":0,"175":0,"176":0,"177":0,"178":0,"179":0,"180":0,"181":0,"182":0,"183":0,"184":0,"185":0,"186":0,"187":0,"188":0,"189":0,"190":0,"191":0,"192":0,"193":0,"194":0,"195":0,"196":0,"197":0,"198":0,"199":0,"200":0,"201":0,"202":0,"203":0,"204":0,"205":0,"206":0,"207":0,"208":0,"209":0,"210":0,"211":0,"212":0,"213":0,"214":0,"215":0,"216":0,"217":0,"218":0,"219":0,"220":0,"221":0,"222":0,"223":0,"224":0,"225":0,"226":0,"227":0,"228":0,"229":0,"230":0,"231":0,"232":0,"233":0,"234":0,"235":0,"236":0,"237":0,"238":0,"239":0,"240":0,"241":0,"242":0,"243":0,"244":0,"245":0,"246":0,"247":0,"248":0,"249":0,"250":0,"251":0,"252":0,"253":0,"254":0,"255":0,"256":0,"257":0,"258":0,"259":0,"260":0,"261":0,"262":0,"263":0,"264":0,"265":0,"266":0,"267":0,"268":0,"269":0,"270":0,"271":0,"272":0,"273":0,"274":0,"275":0,"276":0,"277":0,"278":0,"279":0,"280":0,"281":0,"282":0,"283":0,"284":0,"285":0,"286":0,"287":0,"288":0,"289":0,"290":0,"291":0,"292":0,"293":0,"294":0,"295":0,"296":0,"297":0,"298":0,"299":0,"300":0,"301":0,"302":0,"303":0,"304":0,"305":0,"306":0,"307":0,"308":0,"309":0,"310":0,"311":0},"f":{"0":0,"1":0,"2":0,"3":0,"4":0,"5":0,"6":0,"7":0,"8":0,"9":0,"10":0,"11":0,"12":0,"13":0,"14":0,"15":0,"16":0,"17":0,"18":0,"19":0,"20":0,"21":0,"22":0,"23":0,"24":0,"25":0,"26":0,"27":0,"28":0,"29":0,"30":0,"31":0,"32":0,"33":0,"34":0,"35":0,"36":0,"37":0,"38":0,"39":0,"40":0,"41":0,"42":0,"43":0,"44":0,"45":0,"46":0,"47":0,"48":0,"49":0,"50":0,"51":0,"52":0,"53":0,"54":0,"55":0,"56":0,"57":0,"58":0,"59":0,"60":0,"61":0,"62":0,"63":0,"64":0,"65":0,"66":0,"67":0,"68":0,"69":0,"70":0,"71":0,"72":0,"73":0,"74":0,"75":0,"76":0,"77":0,"78":0,"79":0},"b":{"0":[0,0],"1":[0,0],"2":[0,0],"3":[0,0],"4":[0,0],"5":[0,0],"6":[0,0],"7":[0,0],"8":[0,0],"9":[0,0],"10":[0,0],"11":[0,0],"12":[0,0],"13":[0,0],"14":[0,0],"15":[0,0],"16":[0,0],"17":[0,0],"18":[0,0],"19":[0,0],"20":[0,0],"21":[0,0],"22":[0,0],"23":[0,0],"24":[0,0],"25":[0],"26":[0,0],"27":[0,0,0,0],"28":[0,0],"29":[0,0],"30":[0,0],"31":[0,0],"32":[0,0],"33":[0,0],"34":[0,0],"35":[0,0],"36":[0,0]}}
,"P:\\Documents\\Programowanie\\HTML\\flappy-bird\\src\\JS\\JS Components\\Interface.js": {"path":"P:\\Documents\\Programowanie\\HTML\\flappy-bird\\src\\JS\\JS Components\\Interface.js","statementMap":{"0":{"start":{"line":13,"column":8},"end":{"line":13,"column":23}},"1":{"start":{"line":14,"column":8},"end":{"line":14,"column":38}},"2":{"start":{"line":15,"column":8},"end":{"line":15,"column":36}},"3":{"start":{"line":16,"column":8},"end":{"line":16,"column":37}},"4":{"start":{"line":18,"column":8},"end":{"line":18,"column":43}},"5":{"start":{"line":19,"column":8},"end":{"line":19,"column":39}},"6":{"start":{"line":21,"column":8},"end":{"line":25,"column":11}},"7":{"start":{"line":27,"column":8},"end":{"line":27,"column":44}},"8":{"start":{"line":29,"column":8},"end":{"line":31,"column":10}},"9":{"start":{"line":30,"column":22},"end":{"line":30,"column":55}},"10":{"start":{"line":33,"column":8},"end":{"line":35,"column":10}},"11":{"start":{"line":34,"column":22},"end":{"line":34,"column":59}},"12":{"start":{"line":37,"column":8},"end":{"line":37,"column":35}},"13":{"start":{"line":39,"column":8},"end":{"line":39,"column":28}},"14":{"start":{"line":40,"column":8},"end":{"line":40,"column":62}},"15":{"start":{"line":43,"column":19},"end":{"line":100,"column":5}},"16":{"start":{"line":44,"column":8},"end":{"line":44,"column":79}},"17":{"start":{"line":45,"column":8},"end":{"line":45,"column":70}},"18":{"start":{"line":59,"column":12},"end":{"line":59,"column":70}},"19":{"start":{"line":66,"column":12},"end":{"line":66,"column":66}},"20":{"start":{"line":68,"column":24},"end":{"line":84,"column":9}},"21":{"start":{"line":86,"column":8},"end":{"line":91,"column":11}},"22":{"start":{"line":87,"column":38},"end":{"line":87,"column":68}},"23":{"start":{"line":89,"column":12},"end":{"line":89,"column":73}},"24":{"start":{"line":90,"column":12},"end":{"line":90,"column":66}},"25":{"start":{"line":92,"column":8},"end":{"line":97,"column":11}},"26":{"start":{"line":93,"column":38},"end":{"line":93,"column":68}},"27":{"start":{"line":95,"column":12},"end":{"line":95,"column":73}},"28":{"start":{"line":96,"column":12},"end":{"line":96,"column":66}},"29":{"start":{"line":99,"column":8},"end":{"line":99,"column":57}},"30":{"start":{"line":102,"column":30},"end":{"line":166,"column":5}},"31":{"start":{"line":115,"column":12},"end":{"line":115,"column":70}},"32":{"start":{"line":115,"column":45},"end":{"line":115,"column":69}},"33":{"start":{"line":122,"column":12},"end":{"line":122,"column":66}},"34":{"start":{"line":122,"column":41},"end":{"line":122,"column":65}},"35":{"start":{"line":125,"column":22},"end":{"line":125,"column":33}},"36":{"start":{"line":126,"column":22},"end":{"line":126,"column":33}},"37":{"start":{"line":128,"column":22},"end":{"line":164,"column":9}},"38":{"start":{"line":165,"column":8},"end":{"line":165,"column":69}},"39":{"start":{"line":165,"column":40},"end":{"line":165,"column":67}},"40":{"start":{"line":168,"column":14},"end":{"line":170,"column":5}},"41":{"start":{"line":169,"column":8},"end":{"line":169,"column":61}},"42":{"start":{"line":172,"column":19},"end":{"line":177,"column":5}},"43":{"start":{"line":173,"column":8},"end":{"line":176,"column":11}},"44":{"start":{"line":174,"column":25},"end":{"line":174,"column":49}},"45":{"start":{"line":175,"column":12},"end":{"line":175,"column":31}},"46":{"start":{"line":179,"column":21},"end":{"line":198,"column":5}},"47":{"start":{"line":184,"column":8},"end":{"line":197,"column":10}},"48":{"start":{"line":188,"column":16},"end":{"line":188,"column":33}},"49":{"start":{"line":189,"column":16},"end":{"line":189,"column":39}},"50":{"start":{"line":192,"column":16},"end":{"line":195,"column":17}},"51":{"start":{"line":193,"column":20},"end":{"line":193,"column":36}},"52":{"start":{"line":194,"column":20},"end":{"line":194,"column":50}},"53":{"start":{"line":200,"column":15},"end":{"line":202,"column":5}},"54":{"start":{"line":201,"column":8},"end":{"line":201,"column":31}},"55":{"start":{"line":204,"column":15},"end":{"line":208,"column":5}},"56":{"start":{"line":205,"column":8},"end":{"line":207,"column":11}},"57":{"start":{"line":206,"column":12},"end":{"line":206,"column":37}},"58":{"start":{"line":210,"column":24},"end":{"line":213,"column":5}},"59":{"start":{"line":211,"column":21},"end":{"line":211,"column":51}},"60":{"start":{"line":212,"column":8},"end":{"line":212,"column":35}},"61":{"start":{"line":215,"column":15},"end":{"line":218,"column":5}},"62":{"start":{"line":216,"column":21},"end":{"line":216,"column":39}},"63":{"start":{"line":217,"column":8},"end":{"line":217,"column":27}},"64":{"start":{"line":220,"column":15},"end":{"line":223,"column":5}},"65":{"start":{"line":221,"column":21},"end":{"line":221,"column":39}},"66":{"start":{"line":222,"column":8},"end":{"line":222,"column":27}},"67":{"start":{"line":225,"column":14},"end":{"line":225,"column":48}},"68":{"start":{"line":225,"column":24},"end":{"line":225,"column":48}},"69":{"start":{"line":227,"column":18},"end":{"line":233,"column":5}},"70":{"start":{"line":228,"column":8},"end":{"line":232,"column":10}},"71":{"start":{"line":230,"column":16},"end":{"line":230,"column":36}},"72":{"start":{"line":235,"column":18},"end":{"line":241,"column":5}},"73":{"start":{"line":236,"column":8},"end":{"line":240,"column":10}},"74":{"start":{"line":238,"column":16},"end":{"line":238,"column":41}},"75":{"start":{"line":243,"column":21},"end":{"line":248,"column":5}},"76":{"start":{"line":244,"column":8},"end":{"line":246,"column":9}},"77":{"start":{"line":245,"column":12},"end":{"line":245,"column":48}},"78":{"start":{"line":247,"column":8},"end":{"line":247,"column":39}},"79":{"start":{"line":250,"column":21},"end":{"line":255,"column":5}},"80":{"start":{"line":251,"column":8},"end":{"line":253,"column":9}},"81":{"start":{"line":252,"column":12},"end":{"line":252,"column":48}},"82":{"start":{"line":254,"column":8},"end":{"line":254,"column":39}},"83":{"start":{"line":257,"column":20},"end":{"line":264,"column":5}},"84":{"start":{"line":258,"column":8},"end":{"line":263,"column":54}},"85":{"start":{"line":263,"column":28},"end":{"line":263,"column":52}},"86":{"start":{"line":265,"column":20},"end":{"line":272,"column":5}},"87":{"start":{"line":266,"column":8},"end":{"line":271,"column":54}},"88":{"start":{"line":271,"column":28},"end":{"line":271,"column":52}}},"fnMap":{"0":{"name":"(anonymous_0)","decl":{"start":{"line":6,"column":4},"end":{"line":6,"column":5}},"loc":{"start":{"line":12,"column":6},"end":{"line":41,"column":5}},"line":12},"1":{"name":"(anonymous_1)","decl":{"start":{"line":30,"column":12},"end":{"line":30,"column":13}},"loc":{"start":{"line":30,"column":22},"end":{"line":30,"column":55}},"line":30},"2":{"name":"(anonymous_2)","decl":{"start":{"line":34,"column":12},"end":{"line":34,"column":13}},"loc":{"start":{"line":34,"column":22},"end":{"line":34,"column":59}},"line":34},"3":{"name":"(anonymous_3)","decl":{"start":{"line":43,"column":19},"end":{"line":43,"column":20}},"loc":{"start":{"line":43,"column":25},"end":{"line":100,"column":5}},"line":43},"4":{"name":"(anonymous_4)","decl":{"start":{"line":86,"column":35},"end":{"line":86,"column":36}},"loc":{"start":{"line":86,"column":51},"end":{"line":91,"column":9}},"line":86},"5":{"name":"(anonymous_5)","decl":{"start":{"line":92,"column":31},"end":{"line":92,"column":32}},"loc":{"start":{"line":92,"column":47},"end":{"line":97,"column":9}},"line":92},"6":{"name":"(anonymous_6)","decl":{"start":{"line":102,"column":30},"end":{"line":102,"column":31}},"loc":{"start":{"line":102,"column":47},"end":{"line":166,"column":5}},"line":102},"7":{"name":"(anonymous_7)","decl":{"start":{"line":115,"column":35},"end":{"line":115,"column":36}},"loc":{"start":{"line":115,"column":45},"end":{"line":115,"column":69}},"line":115},"8":{"name":"(anonymous_8)","decl":{"start":{"line":122,"column":31},"end":{"line":122,"column":32}},"loc":{"start":{"line":122,"column":41},"end":{"line":122,"column":65}},"line":122},"9":{"name":"(anonymous_9)","decl":{"start":{"line":165,"column":22},"end":{"line":165,"column":23}},"loc":{"start":{"line":165,"column":40},"end":{"line":165,"column":67}},"line":165},"10":{"name":"(anonymous_10)","decl":{"start":{"line":168,"column":14},"end":{"line":168,"column":15}},"loc":{"start":{"line":168,"column":38},"end":{"line":170,"column":5}},"line":168},"11":{"name":"(anonymous_11)","decl":{"start":{"line":172,"column":19},"end":{"line":172,"column":20}},"loc":{"start":{"line":172,"column":28},"end":{"line":177,"column":5}},"line":172},"12":{"name":"(anonymous_12)","decl":{"start":{"line":173,"column":62},"end":{"line":173,"column":63}},"loc":{"start":{"line":173,"column":72},"end":{"line":176,"column":9}},"line":173},"13":{"name":"(anonymous_13)","decl":{"start":{"line":179,"column":21},"end":{"line":179,"column":22}},"loc":{"start":{"line":183,"column":9},"end":{"line":198,"column":5}},"line":183},"14":{"name":"(anonymous_14)","decl":{"start":{"line":187,"column":12},"end":{"line":187,"column":13}},"loc":{"start":{"line":187,"column":21},"end":{"line":190,"column":13}},"line":187},"15":{"name":"(anonymous_15)","decl":{"start":{"line":191,"column":12},"end":{"line":191,"column":13}},"loc":{"start":{"line":191,"column":18},"end":{"line":196,"column":13}},"line":191},"16":{"name":"(anonymous_16)","decl":{"start":{"line":200,"column":15},"end":{"line":200,"column":16}},"loc":{"start":{"line":200,"column":24},"end":{"line":202,"column":5}},"line":200},"17":{"name":"(anonymous_17)","decl":{"start":{"line":204,"column":15},"end":{"line":204,"column":16}},"loc":{"start":{"line":204,"column":24},"end":{"line":208,"column":5}},"line":204},"18":{"name":"(anonymous_18)","decl":{"start":{"line":205,"column":62},"end":{"line":205,"column":63}},"loc":{"start":{"line":205,"column":72},"end":{"line":207,"column":9}},"line":205},"19":{"name":"(anonymous_19)","decl":{"start":{"line":210,"column":24},"end":{"line":210,"column":25}},"loc":{"start":{"line":210,"column":50},"end":{"line":213,"column":5}},"line":210},"20":{"name":"(anonymous_20)","decl":{"start":{"line":215,"column":15},"end":{"line":215,"column":16}},"loc":{"start":{"line":215,"column":41},"end":{"line":218,"column":5}},"line":215},"21":{"name":"(anonymous_21)","decl":{"start":{"line":220,"column":15},"end":{"line":220,"column":16}},"loc":{"start":{"line":220,"column":41},"end":{"line":223,"column":5}},"line":220},"22":{"name":"(anonymous_22)","decl":{"start":{"line":225,"column":14},"end":{"line":225,"column":15}},"loc":{"start":{"line":225,"column":24},"end":{"line":225,"column":48}},"line":225},"23":{"name":"(anonymous_23)","decl":{"start":{"line":227,"column":18},"end":{"line":227,"column":19}},"loc":{"start":{"line":227,"column":27},"end":{"line":233,"column":5}},"line":227},"24":{"name":"(anonymous_24)","decl":{"start":{"line":229,"column":12},"end":{"line":229,"column":13}},"loc":{"start":{"line":229,"column":22},"end":{"line":231,"column":13}},"line":229},"25":{"name":"(anonymous_25)","decl":{"start":{"line":235,"column":18},"end":{"line":235,"column":19}},"loc":{"start":{"line":235,"column":27},"end":{"line":241,"column":5}},"line":235},"26":{"name":"(anonymous_26)","decl":{"start":{"line":237,"column":12},"end":{"line":237,"column":13}},"loc":{"start":{"line":237,"column":22},"end":{"line":239,"column":13}},"line":237},"27":{"name":"(anonymous_27)","decl":{"start":{"line":243,"column":21},"end":{"line":243,"column":22}},"loc":{"start":{"line":243,"column":30},"end":{"line":248,"column":5}},"line":243},"28":{"name":"(anonymous_28)","decl":{"start":{"line":250,"column":21},"end":{"line":250,"column":22}},"loc":{"start":{"line":250,"column":30},"end":{"line":255,"column":5}},"line":250},"29":{"name":"(anonymous_29)","decl":{"start":{"line":257,"column":20},"end":{"line":257,"column":21}},"loc":{"start":{"line":257,"column":29},"end":{"line":264,"column":5}},"line":257},"30":{"name":"(anonymous_30)","decl":{"start":{"line":263,"column":18},"end":{"line":263,"column":19}},"loc":{"start":{"line":263,"column":28},"end":{"line":263,"column":52}},"line":263},"31":{"name":"(anonymous_31)","decl":{"start":{"line":265,"column":20},"end":{"line":265,"column":21}},"loc":{"start":{"line":265,"column":29},"end":{"line":272,"column":5}},"line":265},"32":{"name":"(anonymous_32)","decl":{"start":{"line":271,"column":18},"end":{"line":271,"column":19}},"loc":{"start":{"line":271,"column":28},"end":{"line":271,"column":52}},"line":271}},"branchMap":{"0":{"loc":{"start":{"line":180,"column":8},"end":{"line":180,"column":22}},"type":"default-arg","locations":[{"start":{"line":180,"column":14},"end":{"line":180,"column":22}}],"line":180},"1":{"loc":{"start":{"line":181,"column":8},"end":{"line":181,"column":43}},"type":"default-arg","locations":[{"start":{"line":181,"column":31},"end":{"line":181,"column":43}}],"line":181},"2":{"loc":{"start":{"line":192,"column":16},"end":{"line":195,"column":17}},"type":"if","locations":[{"start":{"line":192,"column":16},"end":{"line":195,"column":17}},{"start":{"line":192,"column":16},"end":{"line":195,"column":17}}],"line":192},"3":{"loc":{"start":{"line":215,"column":22},"end":{"line":215,"column":36}},"type":"default-arg","locations":[{"start":{"line":215,"column":28},"end":{"line":215,"column":36}}],"line":215},"4":{"loc":{"start":{"line":220,"column":22},"end":{"line":220,"column":36}},"type":"default-arg","locations":[{"start":{"line":220,"column":28},"end":{"line":220,"column":36}}],"line":220},"5":{"loc":{"start":{"line":244,"column":8},"end":{"line":246,"column":9}},"type":"if","locations":[{"start":{"line":244,"column":8},"end":{"line":246,"column":9}},{"start":{"line":244,"column":8},"end":{"line":246,"column":9}}],"line":244},"6":{"loc":{"start":{"line":251,"column":8},"end":{"line":253,"column":9}},"type":"if","locations":[{"start":{"line":251,"column":8},"end":{"line":253,"column":9}},{"start":{"line":251,"column":8},"end":{"line":253,"column":9}}],"line":251}},"s":{"0":0,"1":0,"2":0,"3":0,"4":0,"5":0,"6":0,"7":0,"8":0,"9":0,"10":0,"11":0,"12":0,"13":0,"14":0,"15":0,"16":0,"17":0,"18":0,"19":0,"20":0,"21":0,"22":0,"23":0,"24":0,"25":0,"26":0,"27":0,"28":0,"29":0,"30":0,"31":0,"32":0,"33":0,"34":0,"35":0,"36":0,"37":0,"38":0,"39":0,"40":0,"41":0,"42":0,"43":0,"44":0,"45":0,"46":0,"47":0,"48":0,"49":0,"50":0,"51":0,"52":0,"53":0,"54":0,"55":0,"56":0,"57":0,"58":0,"59":0,"60":0,"61":0,"62":0,"63":0,"64":0,"65":0,"66":0,"67":0,"68":0,"69":0,"70":0,"71":0,"72":0,"73":0,"74":0,"75":0,"76":0,"77":0,"78":0,"79":0,"80":0,"81":0,"82":0,"83":0,"84":0,"85":0,"86":0,"87":0,"88":0},"f":{"0":0,"1":0,"2":0,"3":0,"4":0,"5":0,"6":0,"7":0,"8":0,"9":0,"10":0,"11":0,"12":0,"13":0,"14":0,"15":0,"16":0,"17":0,"18":0,"19":0,"20":0,"21":0,"22":0,"23":0,"24":0,"25":0,"26":0,"27":0,"28":0,"29":0,"30":0,"31":0,"32":0},"b":{"0":[0],"1":[0],"2":[0,0],"3":[0],"4":[0],"5":[0,0],"6":[0,0]}}
,"P:\\Documents\\Programowanie\\HTML\\flappy-bird\\src\\JS\\JS Components\\KeyService.js": {"path":"P:\\Documents\\Programowanie\\HTML\\flappy-bird\\src\\JS\\JS Components\\KeyService.js","statementMap":{"0":{"start":{"line":3,"column":8},"end":{"line":3,"column":36}},"1":{"start":{"line":4,"column":8},"end":{"line":4,"column":34}},"2":{"start":{"line":6,"column":8},"end":{"line":6,"column":34}},"3":{"start":{"line":7,"column":8},"end":{"line":7,"column":36}},"4":{"start":{"line":10,"column":21},"end":{"line":14,"column":5}},"5":{"start":{"line":11,"column":8},"end":{"line":13,"column":11}},"6":{"start":{"line":12,"column":12},"end":{"line":12,"column":56}},"7":{"start":{"line":16,"column":24},"end":{"line":20,"column":5}},"8":{"start":{"line":17,"column":8},"end":{"line":19,"column":11}},"9":{"start":{"line":18,"column":12},"end":{"line":18,"column":59}},"10":{"start":{"line":22,"column":20},"end":{"line":24,"column":5}},"11":{"start":{"line":23,"column":8},"end":{"line":23,"column":43}},"12":{"start":{"line":26,"column":18},"end":{"line":40,"column":5}},"13":{"start":{"line":27,"column":25},"end":{"line":27,"column":27}},"14":{"start":{"line":28,"column":8},"end":{"line":30,"column":9}},"15":{"start":{"line":29,"column":12},"end":{"line":29,"column":19}},"16":{"start":{"line":31,"column":8},"end":{"line":31,"column":28}},"17":{"start":{"line":33,"column":25},"end":{"line":33,"column":54}},"18":{"start":{"line":35,"column":8},"end":{"line":37,"column":9}},"19":{"start":{"line":36,"column":12},"end":{"line":36,"column":19}},"20":{"start":{"line":38,"column":8},"end":{"line":38,"column":42}},"21":{"start":{"line":39,"column":8},"end":{"line":39,"column":44}},"22":{"start":{"line":42,"column":23},"end":{"line":48,"column":5}},"23":{"start":{"line":43,"column":8},"end":{"line":43,"column":49}},"24":{"start":{"line":45,"column":8},"end":{"line":47,"column":11}},"25":{"start":{"line":46,"column":12},"end":{"line":46,"column":65}},"26":{"start":{"line":50,"column":26},"end":{"line":54,"column":5}},"27":{"start":{"line":51,"column":8},"end":{"line":53,"column":11}},"28":{"start":{"line":52,"column":12},"end":{"line":52,"column":68}},"29":{"start":{"line":56,"column":23},"end":{"line":69,"column":5}},"30":{"start":{"line":57,"column":8},"end":{"line":57,"column":52}},"31":{"start":{"line":57,"column":45},"end":{"line":57,"column":52}},"32":{"start":{"line":59,"column":8},"end":{"line":59,"column":27}},"33":{"start":{"line":61,"column":27},"end":{"line":61,"column":57}},"34":{"start":{"line":63,"column":8},"end":{"line":65,"column":9}},"35":{"start":{"line":64,"column":12},"end":{"line":64,"column":57}},"36":{"start":{"line":66,"column":25},"end":{"line":66,"column":55}},"37":{"start":{"line":68,"column":8},"end":{"line":68,"column":58}}},"fnMap":{"0":{"name":"(anonymous_0)","decl":{"start":{"line":2,"column":4},"end":{"line":2,"column":5}},"loc":{"start":{"line":2,"column":18},"end":{"line":8,"column":5}},"line":2},"1":{"name":"(anonymous_1)","decl":{"start":{"line":10,"column":21},"end":{"line":10,"column":22}},"loc":{"start":{"line":10,"column":29},"end":{"line":14,"column":5}},"line":10},"2":{"name":"(anonymous_2)","decl":{"start":{"line":11,"column":37},"end":{"line":11,"column":38}},"loc":{"start":{"line":11,"column":43},"end":{"line":13,"column":9}},"line":11},"3":{"name":"(anonymous_3)","decl":{"start":{"line":16,"column":24},"end":{"line":16,"column":25}},"loc":{"start":{"line":16,"column":32},"end":{"line":20,"column":5}},"line":16},"4":{"name":"(anonymous_4)","decl":{"start":{"line":17,"column":37},"end":{"line":17,"column":38}},"loc":{"start":{"line":17,"column":43},"end":{"line":19,"column":9}},"line":17},"5":{"name":"(anonymous_5)","decl":{"start":{"line":22,"column":20},"end":{"line":22,"column":21}},"loc":{"start":{"line":22,"column":39},"end":{"line":24,"column":5}},"line":22},"6":{"name":"(anonymous_6)","decl":{"start":{"line":26,"column":18},"end":{"line":26,"column":19}},"loc":{"start":{"line":26,"column":24},"end":{"line":40,"column":5}},"line":26},"7":{"name":"(anonymous_7)","decl":{"start":{"line":42,"column":23},"end":{"line":42,"column":24}},"loc":{"start":{"line":42,"column":43},"end":{"line":48,"column":5}},"line":42},"8":{"name":"(anonymous_8)","decl":{"start":{"line":45,"column":41},"end":{"line":45,"column":42}},"loc":{"start":{"line":45,"column":51},"end":{"line":47,"column":9}},"line":45},"9":{"name":"(anonymous_9)","decl":{"start":{"line":50,"column":26},"end":{"line":50,"column":27}},"loc":{"start":{"line":50,"column":34},"end":{"line":54,"column":5}},"line":50},"10":{"name":"(anonymous_10)","decl":{"start":{"line":51,"column":41},"end":{"line":51,"column":42}},"loc":{"start":{"line":51,"column":51},"end":{"line":53,"column":9}},"line":51},"11":{"name":"(anonymous_11)","decl":{"start":{"line":56,"column":23},"end":{"line":56,"column":24}},"loc":{"start":{"line":56,"column":28},"end":{"line":69,"column":5}},"line":56}},"branchMap":{"0":{"loc":{"start":{"line":28,"column":8},"end":{"line":30,"column":9}},"type":"if","locations":[{"start":{"line":28,"column":8},"end":{"line":30,"column":9}},{"start":{"line":28,"column":8},"end":{"line":30,"column":9}}],"line":28},"1":{"loc":{"start":{"line":33,"column":25},"end":{"line":33,"column":54}},"type":"cond-expr","locations":[{"start":{"line":33,"column":49},"end":{"line":33,"column":50}},{"start":{"line":33,"column":53},"end":{"line":33,"column":54}}],"line":33},"2":{"loc":{"start":{"line":35,"column":8},"end":{"line":37,"column":9}},"type":"if","locations":[{"start":{"line":35,"column":8},"end":{"line":37,"column":9}},{"start":{"line":35,"column":8},"end":{"line":37,"column":9}}],"line":35},"3":{"loc":{"start":{"line":57,"column":8},"end":{"line":57,"column":52}},"type":"if","locations":[{"start":{"line":57,"column":8},"end":{"line":57,"column":52}},{"start":{"line":57,"column":8},"end":{"line":57,"column":52}}],"line":57},"4":{"loc":{"start":{"line":61,"column":27},"end":{"line":61,"column":57}},"type":"cond-expr","locations":[{"start":{"line":61,"column":52},"end":{"line":61,"column":53}},{"start":{"line":61,"column":56},"end":{"line":61,"column":57}}],"line":61},"5":{"loc":{"start":{"line":63,"column":8},"end":{"line":65,"column":9}},"type":"if","locations":[{"start":{"line":63,"column":8},"end":{"line":65,"column":9}},{"start":{"line":63,"column":8},"end":{"line":65,"column":9}}],"line":63}},"s":{"0":0,"1":0,"2":0,"3":0,"4":0,"5":0,"6":0,"7":0,"8":0,"9":0,"10":0,"11":0,"12":0,"13":0,"14":0,"15":0,"16":0,"17":0,"18":0,"19":0,"20":0,"21":0,"22":0,"23":0,"24":0,"25":0,"26":0,"27":0,"28":0,"29":0,"30":0,"31":0,"32":0,"33":0,"34":0,"35":0,"36":0,"37":0},"f":{"0":0,"1":0,"2":0,"3":0,"4":0,"5":0,"6":0,"7":0,"8":0,"9":0,"10":0,"11":0},"b":{"0":[0,0],"1":[0,0],"2":[0,0],"3":[0,0],"4":[0,0],"5":[0,0]},"_coverageSchema":"1a1c01bbd47fc00a2c39e90264f33305004495a9","hash":"b7d737b395c9cbed7b40a8bb5cf2e928259183fb"}
,"P:\\Documents\\Programowanie\\HTML\\flappy-bird\\src\\JS\\JS Components\\MenuTile.js": {"path":"P:\\Documents\\Programowanie\\HTML\\flappy-bird\\src\\JS\\JS Components\\MenuTile.js","statementMap":{"0":{"start":{"line":5,"column":8},"end":{"line":5,"column":16}},"1":{"start":{"line":6,"column":8},"end":{"line":6,"column":28}},"2":{"start":{"line":7,"column":8},"end":{"line":7,"column":27}},"3":{"start":{"line":8,"column":8},"end":{"line":8,"column":29}},"4":{"start":{"line":9,"column":8},"end":{"line":9,"column":29}},"5":{"start":{"line":10,"column":8},"end":{"line":10,"column":31}},"6":{"start":{"line":11,"column":8},"end":{"line":11,"column":34}},"7":{"start":{"line":14,"column":15},"end":{"line":28,"column":5}},"8":{"start":{"line":15,"column":8},"end":{"line":27,"column":9}},"9":{"start":{"line":16,"column":12},"end":{"line":26,"column":14}},"10":{"start":{"line":30,"column":24},"end":{"line":42,"column":5}},"11":{"start":{"line":31,"column":8},"end":{"line":41,"column":10}},"12":{"start":{"line":44,"column":15},"end":{"line":47,"column":5}},"13":{"start":{"line":45,"column":8},"end":{"line":45,"column":24}},"14":{"start":{"line":46,"column":8},"end":{"line":46,"column":36}},"15":{"start":{"line":48,"column":15},"end":{"line":51,"column":5}},"16":{"start":{"line":49,"column":8},"end":{"line":49,"column":26}},"17":{"start":{"line":50,"column":8},"end":{"line":50,"column":27}},"18":{"start":{"line":53,"column":17},"end":{"line":55,"column":5}},"19":{"start":{"line":54,"column":8},"end":{"line":54,"column":30}},"20":{"start":{"line":56,"column":15},"end":{"line":58,"column":5}},"21":{"start":{"line":57,"column":8},"end":{"line":57,"column":29}},"22":{"start":{"line":60,"column":23},"end":{"line":62,"column":5}},"23":{"start":{"line":61,"column":8},"end":{"line":61,"column":37}},"24":{"start":{"line":64,"column":18},"end":{"line":66,"column":5}},"25":{"start":{"line":65,"column":8},"end":{"line":65,"column":33}}},"fnMap":{"0":{"name":"(anonymous_0)","decl":{"start":{"line":4,"column":4},"end":{"line":4,"column":5}},"loc":{"start":{"line":4,"column":39},"end":{"line":12,"column":5}},"line":4},"1":{"name":"(anonymous_1)","decl":{"start":{"line":14,"column":15},"end":{"line":14,"column":16}},"loc":{"start":{"line":14,"column":24},"end":{"line":28,"column":5}},"line":14},"2":{"name":"(anonymous_2)","decl":{"start":{"line":30,"column":24},"end":{"line":30,"column":25}},"loc":{"start":{"line":30,"column":33},"end":{"line":42,"column":5}},"line":30},"3":{"name":"(anonymous_3)","decl":{"start":{"line":44,"column":15},"end":{"line":44,"column":16}},"loc":{"start":{"line":44,"column":24},"end":{"line":47,"column":5}},"line":44},"4":{"name":"(anonymous_4)","decl":{"start":{"line":48,"column":15},"end":{"line":48,"column":16}},"loc":{"start":{"line":48,"column":24},"end":{"line":51,"column":5}},"line":48},"5":{"name":"(anonymous_5)","decl":{"start":{"line":53,"column":17},"end":{"line":53,"column":18}},"loc":{"start":{"line":53,"column":23},"end":{"line":55,"column":5}},"line":53},"6":{"name":"(anonymous_6)","decl":{"start":{"line":56,"column":15},"end":{"line":56,"column":16}},"loc":{"start":{"line":56,"column":21},"end":{"line":58,"column":5}},"line":56},"7":{"name":"(anonymous_7)","decl":{"start":{"line":60,"column":23},"end":{"line":60,"column":24}},"loc":{"start":{"line":60,"column":33},"end":{"line":62,"column":5}},"line":60},"8":{"name":"(anonymous_8)","decl":{"start":{"line":64,"column":18},"end":{"line":64,"column":19}},"loc":{"start":{"line":64,"column":32},"end":{"line":66,"column":5}},"line":64}},"branchMap":{"0":{"loc":{"start":{"line":15,"column":8},"end":{"line":27,"column":9}},"type":"if","locations":[{"start":{"line":15,"column":8},"end":{"line":27,"column":9}},{"start":{"line":15,"column":8},"end":{"line":27,"column":9}}],"line":15}},"s":{"0":0,"1":0,"2":0,"3":0,"4":0,"5":0,"6":0,"7":0,"8":0,"9":0,"10":0,"11":0,"12":0,"13":0,"14":0,"15":0,"16":0,"17":0,"18":0,"19":0,"20":0,"21":0,"22":0,"23":0,"24":0,"25":0},"f":{"0":0,"1":0,"2":0,"3":0,"4":0,"5":0,"6":0,"7":0,"8":0},"b":{"0":[0,0]}}
,"P:\\Documents\\Programowanie\\HTML\\flappy-bird\\src\\JS\\JS Components\\Pipe.js": {"path":"P:\\Documents\\Programowanie\\HTML\\flappy-bird\\src\\JS\\JS Components\\Pipe.js","statementMap":{"0":{"start":{"line":5,"column":8},"end":{"line":5,"column":20}},"1":{"start":{"line":6,"column":8},"end":{"line":6,"column":41}},"2":{"start":{"line":7,"column":8},"end":{"line":7,"column":42}}},"fnMap":{"0":{"name":"(anonymous_0)","decl":{"start":{"line":4,"column":4},"end":{"line":4,"column":5}},"loc":{"start":{"line":4,"column":37},"end":{"line":8,"column":5}},"line":4}},"branchMap":{},"s":{"0":12,"1":12,"2":12},"f":{"0":12},"b":{},"_coverageSchema":"1a1c01bbd47fc00a2c39e90264f33305004495a9","hash":"89fcc09986cad9e270f68539e2d3b57388779b00"}
,"P:\\Documents\\Programowanie\\HTML\\flappy-bird\\src\\JS\\JS Components\\SpriteSheet.js": {"path":"P:\\Documents\\Programowanie\\HTML\\flappy-bird\\src\\JS\\JS Components\\SpriteSheet.js","statementMap":{"0":{"start":{"line":5,"column":8},"end":{"line":5,"column":38}},"1":{"start":{"line":7,"column":8},"end":{"line":10,"column":10}},"2":{"start":{"line":11,"column":8},"end":{"line":11,"column":38}},"3":{"start":{"line":14,"column":16},"end":{"line":19,"column":5}},"4":{"start":{"line":15,"column":8},"end":{"line":15,"column":48}},"5":{"start":{"line":15,"column":41},"end":{"line":15,"column":48}},"6":{"start":{"line":17,"column":12},"end":{"line":17,"column":75}},"7":{"start":{"line":18,"column":8},"end":{"line":18,"column":78}},"8":{"start":{"line":21,"column":17},"end":{"line":23,"column":5}},"9":{"start":{"line":22,"column":8},"end":{"line":22,"column":68}},"10":{"start":{"line":22,"column":32},"end":{"line":22,"column":66}},"11":{"start":{"line":25,"column":16},"end":{"line":36,"column":5}},"12":{"start":{"line":26,"column":8},"end":{"line":35,"column":9}},"13":{"start":{"line":27,"column":12},"end":{"line":29,"column":13}},"14":{"start":{"line":28,"column":16},"end":{"line":28,"column":65}},"15":{"start":{"line":31,"column":12},"end":{"line":31,"column":47}},"16":{"start":{"line":33,"column":12},"end":{"line":33,"column":57}},"17":{"start":{"line":34,"column":12},"end":{"line":34,"column":22}},"18":{"start":{"line":38,"column":20},"end":{"line":44,"column":5}},"19":{"start":{"line":39,"column":24},"end":{"line":41,"column":10}},"20":{"start":{"line":40,"column":12},"end":{"line":40,"column":40}},"21":{"start":{"line":43,"column":8},"end":{"line":43,"column":23}}},"fnMap":{"0":{"name":"(anonymous_0)","decl":{"start":{"line":4,"column":4},"end":{"line":4,"column":5}},"loc":{"start":{"line":4,"column":63},"end":{"line":12,"column":5}},"line":4},"1":{"name":"(anonymous_1)","decl":{"start":{"line":14,"column":16},"end":{"line":14,"column":17}},"loc":{"start":{"line":14,"column":32},"end":{"line":19,"column":5}},"line":14},"2":{"name":"(anonymous_2)","decl":{"start":{"line":21,"column":17},"end":{"line":21,"column":18}},"loc":{"start":{"line":21,"column":45},"end":{"line":23,"column":5}},"line":21},"3":{"name":"(anonymous_3)","decl":{"start":{"line":22,"column":22},"end":{"line":22,"column":23}},"loc":{"start":{"line":22,"column":32},"end":{"line":22,"column":66}},"line":22},"4":{"name":"(anonymous_4)","decl":{"start":{"line":25,"column":16},"end":{"line":25,"column":17}},"loc":{"start":{"line":25,"column":26},"end":{"line":36,"column":5}},"line":25},"5":{"name":"(anonymous_5)","decl":{"start":{"line":38,"column":20},"end":{"line":38,"column":21}},"loc":{"start":{"line":38,"column":34},"end":{"line":44,"column":5}},"line":38},"6":{"name":"(anonymous_6)","decl":{"start":{"line":39,"column":34},"end":{"line":39,"column":35}},"loc":{"start":{"line":39,"column":44},"end":{"line":41,"column":9}},"line":39}},"branchMap":{"0":{"loc":{"start":{"line":15,"column":8},"end":{"line":15,"column":48}},"type":"if","locations":[{"start":{"line":15,"column":8},"end":{"line":15,"column":48}},{"start":{"line":15,"column":8},"end":{"line":15,"column":48}}],"line":15},"1":{"loc":{"start":{"line":17,"column":12},"end":{"line":17,"column":75}},"type":"cond-expr","locations":[{"start":{"line":17,"column":32},"end":{"line":17,"column":50}},{"start":{"line":17,"column":53},"end":{"line":17,"column":75}}],"line":17},"2":{"loc":{"start":{"li
[...]
:39,"column":12},"end":{"line":39,"column":37}},"type":"binary-expr","locations":[{"start":{"line":39,"column":12},"end":{"line":39,"column":19}},{"start":{"line":39,"column":23},"end":{"line":39,"column":37}}],"line":39},"2":{"loc":{"start":{"line":41,"column":8},"end":{"line":48,"column":9}},"type":"if","locations":[{"start":{"line":41,"column":8},"end":{"line":48,"column":9}},{"start":{"line":41,"column":8},"end":{"line":48,"column":9}}],"line":41},"3":{"loc":{"start":{"line":42,"column":12},"end":{"line":44,"column":46}},"type":"binary-expr","locations":[{"start":{"line":42,"column":12},"end":{"line":43,"column":75}},{"start":{"line":44,"column":12},"end":{"line":44,"column":46}}],"line":42},"4":{"loc":{"start":{"line":53,"column":17},"end":{"line":53,"column":40}},"type":"default-arg","locations":[{"start":{"line":53,"column":25},"end":{"line":53,"column":40}}],"line":53},"5":{"loc":{"start":{"line":54,"column":8},"end":{"line":54,"column":46}},"type":"if","locations":[{"start":{"line":54,"column":8},"end":{"line":54,"column":46}},{"start":{"line":54,"column":8},"end":{"line":54,"column":46}}],"line":54},"6":{"loc":{"start":{"line":59,"column":8},"end":{"line":64,"column":9}},"type":"if","locations":[{"start":{"line":59,"column":8},"end":{"line":64,"column":9}},{"start":{"line":59,"column":8},"end":{"line":64,"column":9}}],"line":59},"7":{"loc":{"start":{"line":77,"column":8},"end":{"line":93,"column":9}},"type":"if","locations":[{"start":{"line":77,"column":8},"end":{"line":93,"column":9}},{"start":{"line":77,"column":8},"end":{"line":93,"column":9}}],"line":77},"8":{"loc":{"start":{"line":77,"column":12},"end":{"line":77,"column":50}},"type":"binary-expr","locations":[{"start":{"line":77,"column":12},"end":{"line":77,"column":26}},{"start":{"line":77,"column":30},"end":{"line":77,"column":50}}],"line":77},"9":{"loc":{"start":{"line":100,"column":25},"end":{"line":100,"column":48}},"type":"default-arg","locations":[{"start":{"line":100,"column":33},"end":{"line":100,"column":48}}],"line":100},"10":{"loc":{"start":{"line":101,"column":8},"end":{"line":101,"column":58}},"type":"if","locations":[{"start":{"line":101,"column":8},"end":{"line":101,"column":58}},{"start":{"line":101,"column":8},"end":{"line":101,"column":58}}],"line":101},"11":{"loc":{"start":{"line":115,"column":12},"end":{"line":117,"column":13}},"type":"if","locations":[{"start":{"line":115,"column":12},"end":{"line":117,"column":13}},{"start":{"line":115,"column":12},"end":{"line":117,"column":13}}],"line":115},"12":{"loc":{"start":{"line":119,"column":12},"end":{"line":130,"column":13}},"type":"if","locations":[{"start":{"line":119,"column":12},"end":{"line":130,"column":13}},{"start":{"line":119,"column":12},"end":{"line":130,"column":13}}],"line":119}},"s":{"0":4,"1":4,"2":4,"3":4,"4":4,"5":4,"6":4,"7":4,"8":4,"9":4,"10":4,"11":4,"12":40,"13":4,"14":4,"15":4,"16":4,"17":5,"18":3,"19":2,"20":1,"21":1,"22":1,"23":4,"24":42,"25":3,"26":39,"27":4,"28":12,"29":11,"30":11,"31":1,"32":4,"33":0,"34":0,"35":0,"36":0,"37":0,"38":4,"39":6,"40":4,"41":0,"42":0,"43":0,"44":0,"45":0,"46":0,"47":0,"48":4,"49":0,"50":0,"51":0,"52":0,"53":0,"54":0,"55":0,"56":0,"57":0,"58":0,"59":0,"60":0,"61":0,"62":0,"63":0},"f":{"0":4,"1":4,"2":5,"3":42,"4":12,"5":0,"6":6,"7":0,"8":0,"9":0,"10":0},"b":{"0":[3,2],"1":[5,3],"2":[1,1],"3":[2,1],"4":[30],"5":[3,39],"6":[11,1],"7":[0,0],"8":[0,0],"9":[0],"10":[0,0],"11":[0,0],"12":[0,0]},"_coverageSchema":"1a1c01bbd47fc00a2c39e90264f33305004495a9","hash":"2dd79b11cc258d477e1d17508758e9dd14547be6"}
,"P:\\Documents\\Programowanie\\HTML\\flappy-bird\\src\\JS\\JS Components\\songFunctions.js": {"path":"P:\\Documents\\Programowanie\\HTML\\flappy-bird\\src\\JS\\JS Components\\songFunctions.js","statementMap":{"0":{"start":{"line":2,"column":18},"end":{"line":2,"column":32}},"1":{"start":{"line":4,"column":4},"end":{"line":9,"column":7}},"2":{"start":{"line":5,"column":8},"end":{"line":7,"column":11}},"3":{"start":{"line":6,"column":12},"end":{"line":6,"column":23}},"4":{"start":{"line":8,"column":8},"end":{"line":8,"column":42}},"5":{"start":{"line":8,"column":20},"end":{"line":8,"column":42}}},"fnMap":{"0":{"name":"createSound","decl":{"start":{"line":1,"column":15},"end":{"line":1,"column":26}},"loc":{"start":{"line":1,"column":40},"end":{"line":10,"column":1}},"line":1},"1":{"name":"(anonymous_1)","decl":{"start":{"line":4,"column":23},"end":{"line":4,"column":24}},"loc":{"start":{"line":4,"column":32},"end":{"line":9,"column":5}},"line":4},"2":{"name":"(anonymous_2)","decl":{"start":{"line":5,"column":49},"end":{"line":5,"column":50}},"loc":{"start":{"line":5,"column":55},"end":{"line":7,"column":9}},"line":5}},"branchMap":{"0":{"loc":{"start":{"line":8,"column":8},"end":{"line":8,"column":42}},"type":"if","locations":[{"start":{"line":8,"column":8},"end":{"line":8,"column":42}},{"start":{"line":8,"column":8},"end":{"line":8,"column":42}}],"line":8}},"s":{"0":0,"1":0,"2":0,"3":0,"4":0,"5":0},"f":{"0":0,"1":0,"2":0},"b":{"0":[0,0]}}
,"P:\\Documents\\Programowanie\\HTML\\flappy-bird\\src\\JS\\JS Components\\soundMaker.js": {"path":"P:\\Documents\\Programowanie\\HTML\\flappy-bird\\src\\JS\\JS Components\\soundMaker.js","statementMap":{"0":{"start":{"line":3,"column":8},"end":{"line":3,"column":32}},"1":{"start":{"line":6,"column":15},"end":{"line":17,"column":5}},"2":{"start":{"line":7,"column":8},"end":{"line":16,"column":9}},"3":{"start":{"line":8,"column":12},"end":{"line":11,"column":18}},"4":{"start":{"line":9,"column":16},"end":{"line":11,"column":18}},"5":{"start":{"line":12,"column":12},"end":{"line":12,"column":46}},"6":{"start":{"line":12,"column":24},"end":{"line":12,"column":46}},"7":{"start":{"line":13,"column":12},"end":{"line":13,"column":47}},"8":{"start":{"line":15,"column":12},"end":{"line":15,"column":80}},"9":{"start":{"line":19,"column":15},"end":{"line":27,"column":5}},"10":{"start":{"line":20,"column":8},"end":{"line":26,"column":9}},"11":{"start":{"line":21,"column":12},"end":{"line":22,"column":60}},"12":{"start":{"line":22,"column":16},"end":{"line":22,"column":60}},"13":{"start":{"line":23,"column":12},"end":{"line":23,"column":41}},"14":{"start":{"line":25,"column":12},"end":{"line":25,"column":80}},"15":{"start":{"line":29,"column":16},"end":{"line":32,"column":5}},"16":{"start":{"line":30,"column":8},"end":{"line":30,"column":30}},"17":{"start":{"line":31,"column":8},"end":{"line":31,"column":21}},"18":{"start":{"line":34,"column":16},"end":{"line":37,"column":5}},"19":{"start":{"line":35,"column":8},"end":{"line":35,"column":30}},"20":{"start":{"line":36,"column":8},"end":{"line":36,"column":22}}},"fnMap":{"0":{"name":"(anonymous_0)","decl":{"start":{"line":2,"column":4},"end":{"line":2,"column":5}},"loc":{"start":{"line":2,"column":18},"end":{"line":4,"column":5}},"line":2},"1":{"name":"(anonymous_1)","decl":{"start":{"line":6,"column":15},"end":{"line":6,"column":16}},"loc":{"start":{"line":6,"column":46},"end":{"line":17,"column":5}},"line":6},"2":{"name":"(anonymous_2)","decl":{"start":{"line":19,"column":15},"end":{"line":19,"column":16}},"loc":{"start":{"line":19,"column":25},"end":{"line":27,"column":5}},"line":19},"3":{"name":"(anonymous_3)","decl":{"start":{"line":29,"column":16},"end":{"line":29,"column":17}},"loc":{"start":{"line":29,"column":27},"end":{"line":32,"column":5}},"line":29},"4":{"name":"(anonymous_4)","decl":{"start":{"line":34,"column":16},"end":{"line":34,"column":17}},"loc":{"start":{"line":34,"column":27},"end":{"line":37,"column":5}},"line":34}},"branchMap":{"0":{"loc":{"start":{"line":8,"column":12},"end":{"line":11,"column":18}},"type":"if","locations":[{"start":{"line":8,"column":12},"end":{"line":11,"column":18}},{"start":{"line":8,"column":12},"end":{"line":11,"column":18}}],"line":8},"1":{"loc":{"start":{"line":12,"column":12},"end":{"line":12,"column":46}},"type":"if","locations":[{"start":{"line":12,"column":12},"end":{"line":12,"column":46}},{"start":{"line":12,"column":12},"end":{"line":12,"column":46}}],"line":12},"2":{"loc":{"start":{"line":21,"column":12},"end":{"line":22,"column":60}},"type":"if","locations":[{"start":{"line":21,"column":12},"end":{"line":22,"column":60}},{"start":{"line":21,"column":12},"end":{"line":22,"column":60}}],"line":21}},"s":{"0":0,"1":0,"2":0,"3":0,"4":0,"5":0,"6":0,"7":0,"8":0,"9":0,"10":0,"11":0,"12":0,"13":0,"14":0,"15":0,"16":0,"17":0,"18":0,"19":0,"20":0},"f":{"0":0,"1":0,"2":0,"3":0,"4":0},"b":{"0":[0,0],"1":[0,0],"2":[0,0]}}
,"P:\\Documents\\Programowanie\\HTML\\flappy-bird\\src\\JS\\JS Components\\spritesFunctions.js": {"path":"P:\\Documents\\Programowanie\\HTML\\flappy-bird\\src\\JS\\JS Components\\spritesFunctions.js","statementMap":{"0":{"start":{"line":2,"column":4},"end":{"line":24,"column":5}},"1":{"start":{"line":3,"column":22},"end":{"line":3,"column":34}},"2":{"start":{"line":5,"column":8},"end":{"line":5,"column":61}},"3":{"start":{"line":5,"column":20},"end":{"line":5,"column":61}},"4":{"start":{"line":7,"column":27},"end":{"line":7,"column":38}},"5":{"start":{"line":8,"column":27},"end":{"line":8,"column":51}},"6":{"start":{"line":10,"column":8},"end":{"line":10,"column":78}},"7":{"start":{"line":10,"column":25},"end":{"line":10,"column":78}},"8":{"start":{"line":12,"column":8},"end":{"line":21,"column":9}},"9":{"start":{"line":13,"column":27},"end":{"line":13,"column":58}},"10":{"start":{"line":15,"column":12},"end":{"line":15,"column":26}},"11":{"start":{"line":17,"column":27},"end":{"line":19,"column":13}},"12":{"start":{"line":18,"column":16},"end":{"line":18,"column":48}},"13":{"start":{"line":20,"column":12},"end":{"line":20,"column":26}},"14":{"start":{"line":23,"column":8},"end":{"line":23,"column":54}},"15":{"start":{"line":28,"column":19},"end":{"line":28,"column":51}},"16":{"start":{"line":29,"column":22},"end":{"line":29,"column":45}},"17":{"start":{"line":31,"column":4},"end":{"line":31,"column":24}},"18":{"start":{"line":32,"column":4},"end":{"line":32,"column":25}},"19":{"start":{"line":34,"column":4},"end":{"line":34,"column":69}},"20":{"start":{"line":36,"column":4},"end":{"line":36,"column":18}},"21":{"start":{"line":40,"column":16},"end":{"line":40,"column":36}},"22":{"start":{"line":42,"column":4},"end":{"line":50,"column":11}},"23":{"start":{"line":44,"column":12},"end":{"line":45,"column":78}},"24":{"start":{"line":45,"column":16},"end":{"line":45,"column":78}},"25":{"start":{"line":46,"column":12},"end":{"line":46,"column":30}},"26":{"start":{"line":49,"column":12},"end":{"line":49,"column":57}},"27":{"start":{"line":54,"column":16},"end":{"line":54,"column":38}},"28":{"start":{"line":56,"column":4},"end":{"line":64,"column":11}},"29":{"start":{"line":58,"column":12},"end":{"line":59,"column":78}},"30":{"start":{"line":59,"column":16},"end":{"line":59,"column":78}},"31":{"start":{"line":60,"column":12},"end":{"line":60,"column":30}},"32":{"start":{"line":63,"column":12},"end":{"line":63,"column":57}},"33":{"start":{"line":68,"column":18},"end":{"line":68,"column":29}},"34":{"start":{"line":70,"column":4},"end":{"line":75,"column":7}},"35":{"start":{"line":71,"column":8},"end":{"line":73,"column":11}},"36":{"start":{"line":72,"column":12},"end":{"line":72,"column":23}},"37":{"start":{"line":74,"column":8},"end":{"line":74,"column":24}}},"fnMap":{"0":{"name":"createSprite","decl":{"start":{"line":1,"column":9},"end":{"line":1,"column":21}},"loc":{"start":{"line":1,"column":63},"end":{"line":25,"column":1}},"line":1},"1":{"name":"(anonymous_1)","decl":{"start":{"line":17,"column":49},"end":{"line":17,"column":50}},"loc":{"start":{"line":18,"column":16},"end":{"line":18,"column":48}},"line":18},"2":{"name":"createBuffer","decl":{"start":{"line":27,"column":9},"end":{"line":27,"column":21}},"loc":{"start":{"line":27,"column":68},"end":{"line":37,"column":1}},"line":27},"3":{"name":"getSpritesData","decl":{"start":{"line":39,"column":15},"end":{"line":39,"column":29}},"loc":{"start":{"line":39,"column":32},"end":{"line":51,"column":1}},"line":39},"4":{"name":"(anonymous_4)","decl":{"start":{"line":43,"column":14},"end":{"line":43,"column":15}},"loc":{"start":{"line":43,"column":23},"end":{"line":47,"column":9}},"line":43},"5":{"name":"(anonymous_5)","decl":{"start":{"line":48,"column":15},"end":{"line":48,"column":16}},"loc":{"start":{"line":48,"column":24},"end":{"line":50,"column":9}},"line":48},"6":{"name":"getInterfaceData","decl":{"start":{"line":53,"column":15},"end":{"line":53,"column":31}},"loc":{"start":{"line":53,"column":34},"end":{"line":65,"column":1}},"line":53},"7":{"name":"(anonymous_7)","decl":{"start":{"line":57,"column":14},"end":{"line":57,"column":15}},"loc":{"start":{"line":57,"column":23},"end":{"line":61,"column":9}},"line":57},"8":{"name":"(anonymous_8)","decl":{"start":{"line":62,"column":15},"end":{"line":62,"column":16}},"loc":{"start":{"line":62,"column":24},"end":{"line":64,"column":9}},"line":62},"9":{"name":"createImage","decl":{"start":{"line":67,"column":15},"end":{"line":67,"column":26}},"loc":{"start":{"line":67,"column":32},"end":{"line":76,"column":1}},"line":67},"10":{"name":"(anonymous_10)","decl":{"start":{"line":70,"column":23},"end":{"line":70,"column":24}},"loc":{"start":{"line":70,"column":32},"end":{"line":75,"column":5}},"line":70},"11":{"name":"(anonymous_11)","decl":{"start":{"line":71,"column":39},"end":{"line":71,"column":40}},"loc":{"start":{"line":71,"column":45},"end":{"line":73,"column":9}},"line":71}},"branchMap":{"0":{"loc":{"start":{"line":5,"column":8},"end":{"line":5,"column":61}},"type":"if","locations":[{"start":{"line":5,"column":8},"end":{"line":5,"column":61}},{"start":{"line":5,"column":8},"end":{"line":5,"column":61}}],"line":5},"1":{"loc":{"start":{"line":10,"column":8},"end":{"line":10,"column":78}},"type":"if","locations":[{"start":{"line":10,"column":8},"end":{"line":10,"column":78}},{"start":{"line":10,"column":8},"end":{"line":10,"column":78}}],"line":10},"2":{"loc":{"start":{"line":12,"column":8},"end":{"line":21,"column":9}},"type":"if","locations":[{"start":{"line":12,"column":8},"end":{"line":21,"column":9}},{"start":{"line":12,"column":8},"end":{"line":21,"column":9}}],"line":12},"3":{"loc":{"start":{"line":44,"column":12},"end":{"line":45,"column":78}},"type":"if","locations":[{"start":{"line":44,"column":12},"end":{"line":45,"column":78}},{"start":{"line":44,"column":12},"end":{"line":45,"column":78}}],"line":44},"4":{"loc":{"start":{"line":58,"column":12},"end":{"line":59,"column":78}},"type":"if","locations":[{"start":{"line":58,"column":12},"end":{"line":59,"column":78}},{"start":{"line":58,"column":12},"end":{"line":59,"column":78}}],"line":58}},"s":{"0":40,"1":40,"2":40,"3":40,"4":0,"5":0,"6":0,"7":0,"8":0,"9":0,"10":0,"11":0,"12":0,"13":0,"14":40,"15":0,"16":0,"17":0,"18":0,"19":0,"20":0,"21":0,"22":0,"23":0,"24":0,"25":0,"26":0,"27":0,"28":0,"29":0,"30":0,"31":0,"32":0,"33":0,"34":0,"35":0,"36":0,"37":0},"f":{"0":40,"1":0,"2":0,"3":0,"4":0,"5":0,"6":0,"7":0,"8":0,"9":0,"10":0,"11":0},"b":{"0":[40,0],"1":[0,0],"2":[0,0],"3":[0,0],"4":[0,0]},"_coverageSchema":"1a1c01bbd47fc00a2c39e90264f33305004495a9","hash":"c2397f279d358fb94d5fcf240dbca812448bb955"}
,"P:\\Documents\\Programowanie\\HTML\\flappy-bird\\src\\JS\\JS Components\\vector.js": {"path":"P:\\Documents\\Programowanie\\HTML\\flappy-bird\\src\\JS\\JS Components\\vector.js","statementMap":{"0":{"start":{"line":3,"column":8},"end":{"line":3,"column":36}},"1":{"start":{"line":7,"column":8},"end":{"line":7,"column":27}},"2":{"start":{"line":8,"column":8},"end":{"line":8,"column":27}}},"fnMap":{"0":{"name":"(anonymous_0)","decl":{"start":{"line":2,"column":4},"end":{"line":2,"column":5}},"loc":{"start":{"line":2,"column":22},"end":{"line":4,"column":5}},"line":2},"1":{"name":"(anonymous_1)","decl":{"start":{"line":6,"column":4},"end":{"line":6,"column":5}},"loc":{"start":{"line":6,"column":27},"end":{"line":9,"column":5}},"line":6}},"branchMap":{},"s":{"0":32,"1":32,"2":32},"f":{"0":32,"1":32},"b":{},"_coverageSchema":"1a1c01bbd47fc00a2c39e90264f33305004495a9","hash":"66e6445602b307f6029e896ed30ef3e571d03389"}
,"P:\\Documents\\Programowanie\\HTML\\flappy-bird\\src\\JS\\Main\\index.js": {"path":"P:\\Documents\\Programowanie\\HTML\\flappy-bird\\src\\JS\\Main\\index.js","statementMap":{"0":{"start":{"line":5,"column":0},"end":{"line":8,"column":3}},"1":{"start":{"line":6,"column":4},"end":{"line":6,"column":22}},"2":{"start":{"line":7,"column":4},"end":{"line":7,"column":23}}},"fnMap":{"0":{"name":"(anonymous_0)","decl":{"start":{"line":5,"column":32},"end":{"line":5,"column":33}},"loc":{"start":{"line":5,"column":44},"end":{"line":8,"column":1}},"line":5}},"branchMap":{},"s":{"0":0,"1":0,"2":0},"f":{"0":0},"b":{}}
,"P:\\Documents\\Programowanie\\HTML\\flappy-bird\\src\\JS\\Main\\utils\\animations.js": {"path":"P:\\Documents\\Programowanie\\HTML\\flappy-bird\\src\\JS\\Main\\utils\\animations.js","statementMap":{"0":{"start":{"line":3,"column":10},"end":{"line":3,"column":18}},"1":{"start":{"line":4,"column":11},"end":{"line":4,"column":26}},"2":{"start":{"line":7,"column":23},"end":{"line":7,"column":55}},"3":{"start":{"line":8,"column":21},"end":{"line":8,"column":51}},"4":{"start":{"line":9,"column":20},"end":{"line":9,"column":49}},"5":{"start":{"line":11,"column":4},"end":{"line":21,"column":10}},"6":{"start":{"line":24,"column":36},"end":{"line":55,"column":1}},"7":{"start":{"line":25,"column":30},"end":{"line":25,"column":73}},"8":{"start":{"line":27,"column":29},"end":{"line":27,"column":48}},"9":{"start":{"line":29,"column":4},"end":{"line":54,"column":5}},"10":{"start":{"line":30,"column":8},"end":{"line":40,"column":10}},"11":{"start":{"line":42,"column":19},"end":{"line":42,"column":34}},"12":{"start":{"line":43,"column":8},"end":{"line":53,"column":10}}},"fnMap":{"0":{"name":"headerAnimation","decl":{"start":{"line":6,"column":9},"end":{"line":6,"column":24}},"loc":{"start":{"line":6,"column":27},"end":{"line":22,"column":1}},"line":6},"1":{"name":"(anonymous_1)","decl":{"start":{"line":24,"column":36},"end":{"line":24,"column":37}},"loc":{"start":{"line":24,"column":64},"end":{"line":55,"column":1}},"line":24}},"branchMap":{"0":{"loc":{"start":{"line":24,"column":37},"end":{"line":24,"column":59}},"type":"default-arg","locations":[{"start":{"line":24,"column":54},"end":{"line":24,"column":59}}],"line":24},"1":{"loc":{"start":{"line":25,"column":30},"end":{"line":25,"column":73}},"type":"binary-expr","locations":[{"start":{"line":25,"column":30},"end":{"line":25,"column":60}},{"start":{"line":25,"column":64},"end":{"line":25,"column":73}}],"line":25},"2":{"loc":{"start":{"line":29,"column":4},"end":{"line":54,"column":5}},"type":"if","locations":[{"start":{"line":29,"column":4},"end":{"line":54,"column":5}},{"start":{"line":29,"column":4},"end":{"line":54,"column":5}}],"line":29},"3":{"loc":{"start":{"line":29,"column":8},"end":{"line":29,"column":43}},"type":"binary-expr","locations":[{"start":{"line":29,"column":8},"end":{"line":29,"column":24}},{"start":{"line":29,"column":28},"end":{"line":29,"column":43}}],"line":29}},"s":{"0":0,"1":0,"2":0,"3":0,"4":0,"5":0,"6":0,"7":0,"8":0,"9":0,"10":0,"11":0,"12":0},"f":{"0":0,"1":0},"b":{"0":[0],"1":[0,0],"2":[0,0],"3":[0,0]}}
,"P:\\Documents\\Programowanie\\HTML\\flappy-bird\\src\\JS\\Main\\utils\\loadAssets.js": {"path":"P:\\Documents\\Programowanie\\HTML\\flappy-bird\\src\\JS\\Main\\utils\\loadAssets.js","statementMap":{"0":{"start":{"line":16,"column":15},"end":{"line":16,"column":45}},"1":{"start":{"line":29,"column":8},"end":{"line":39,"column":6}},"2":{"start":{"line":41,"column":24},"end":{"line":41,"column":69}},"3":{"start":{"line":42,"column":19},"end":{"line":50,"column":5}},"4":{"start":{"line":52,"column":4},"end":{"line":52,"column":71}}},"fnMap":{"0":{"name":"createGame","decl":{"start":{"line":18,"column":15},"end":{"line":18,"column":25}},"loc":{"start":{"line":18,"column":28},"end":{"line":53,"column":1}},"line":18}},"branchMap":{},"s":{"0":0,"1":0,"2":0,"3":0,"4":0},"f":{"0":0},"b":{}}
}
