{"D:\\Documents\\Web Projects\\flappy-bird\\src\\JS\\JS Components\\CanvasService.js": {"path":"D:\\Documents\\Web Projects\\flappy-bird\\src\\JS\\JS Components\\CanvasService.js","statementMap":{"0":{"start":{"line":20,"column":8},"end":{"line":20,"column":29}},"1":{"start":{"line":21,"column":8},"end":{"line":21,"column":36}},"2":{"start":{"line":22,"column":8},"end":{"line":22,"column":37}},"3":{"start":{"line":23,"column":8},"end":{"line":23,"column":48}},"4":{"start":{"line":25,"column":8},"end":{"line":25,"column":34}},"5":{"start":{"line":27,"column":8},"end":{"line":31,"column":10}},"6":{"start":{"line":33,"column":8},"end":{"line":33,"column":43}},"7":{"start":{"line":34,"column":8},"end":{"line":34,"column":71}},"8":{"start":{"line":34,"column":53},"end":{"line":34,"column":68}},"9":{"start":{"line":36,"column":8},"end":{"line":36,"column":40}},"10":{"start":{"line":37,"column":8},"end":{"line":37,"column":29}},"11":{"start":{"line":38,"column":8},"end":{"line":38,"column":29}},"12":{"start":{"line":39,"column":8},"end":{"line":39,"column":31}},"13":{"start":{"line":40,"column":8},"end":{"line":40,"column":28}},"14":{"start":{"line":42,"column":8},"end":{"line":42,"column":41}},"15":{"start":{"line":43,"column":8},"end":{"line":43,"column":29}},"16":{"start":{"line":44,"column":8},"end":{"line":44,"column":38}},"17":{"start":{"line":46,"column":8},"end":{"line":52,"column":10}},"18":{"start":{"line":54,"column":8},"end":{"line":57,"column":10}},"19":{"start":{"line":59,"column":8},"end":{"line":59,"column":41}},"20":{"start":{"line":60,"column":8},"end":{"line":60,"column":37}},"21":{"start":{"line":63,"column":31},"end":{"line":109,"column":5}},"22":{"start":{"line":64,"column":8},"end":{"line":68,"column":10}},"23":{"start":{"line":67,"column":22},"end":{"line":67,"column":78}},"24":{"start":{"line":70,"column":8},"end":{"line":81,"column":14}},"25":{"start":{"line":74,"column":26},"end":{"line":74,"column":76}},"26":{"start":{"line":79,"column":24},"end":{"line":79,"column":78}},"27":{"start":{"line":82,"column":8},"end":{"line":82,"column":35}},"28":{"start":{"line":84,"column":8},"end":{"line":84,"column":35}},"29":{"start":{"line":86,"column":8},"end":{"line":86,"column":32}},"30":{"start":{"line":88,"column":8},"end":{"line":88,"column":34}},"31":{"start":{"line":90,"column":8},"end":{"line":90,"column":29}},"32":{"start":{"line":92,"column":8},"end":{"line":92,"column":65}},"33":{"start":{"line":93,"column":8},"end":{"line":93,"column":29}},"34":{"start":{"line":94,"column":8},"end":{"line":94,"column":46}},"35":{"start":{"line":95,"column":8},"end":{"line":95,"column":79}},"36":{"start":{"line":97,"column":8},"end":{"line":97,"column":28}},"37":{"start":{"line":98,"column":8},"end":{"line":98,"column":30}},"38":{"start":{"line":100,"column":8},"end":{"line":100,"column":42}},"39":{"start":{"line":101,"column":8},"end":{"line":101,"column":36}},"40":{"start":{"line":102,"column":8},"end":{"line":102,"column":34}},"41":{"start":{"line":103,"column":8},"end":{"line":103,"column":29}},"42":{"start":{"line":104,"column":8},"end":{"line":104,"column":35}},"43":{"start":{"line":106,"column":8},"end":{"line":106,"column":76}},"44":{"start":{"line":108,"column":8},"end":{"line":108,"column":43}},"45":{"start":{"line":111,"column":22},"end":{"line":149,"column":5}},"46":{"start":{"line":112,"column":8},"end":{"line":112,"column":34}},"47":{"start":{"line":114,"column":8},"end":{"line":114,"column":78}},"48":{"start":{"line":116,"column":8},"end":{"line":116,"column":70}},"49":{"start":{"line":118,"column":23},"end":{"line":118,"column":71}},"50":{"start":{"line":119,"column":8},"end":{"line":119,"column":35}},"51":{"start":{"line":121,"column":26},"end":{"line":121,"column":58}},"52":{"start":{"line":122,"column":30},"end":{"line":122,"column":66}},"53":{"start":{"line":123,"column":23},"end":{"line":123,"column":55}},"54":{"start":{"line":124,"column":8},"end":{"line":124,"column":29}},"55":{"start":{"line":133,"column":12},"end":{"line":133,"column":70}},"56":{"start":{"line":135,"column":8},"end":{"line":148,"column":9}},"57":{"start":{"line":136,"column":26},"end":{"line":145,"column":13}},"58":{"start":{"line":147,"column":12},"end":{"line":147,"column":35}},"59":{"start":{"line":151,"column":11},"end":{"line":182,"column":5}},"60":{"start":{"line":152,"column":8},"end":{"line":152,"column":67}},"61":{"start":{"line":152,"column":41},"end":{"line":152,"column":67}},"62":{"start":{"line":153,"column":24},"end":{"line":153,"column":49}},"63":{"start":{"line":154,"column":8},"end":{"line":155,"column":46}},"64":{"start":{"line":155,"column":12},"end":{"line":155,"column":46}},"65":{"start":{"line":156,"column":8},"end":{"line":156,"column":34}},"66":{"start":{"line":158,"column":8},"end":{"line":165,"column":9}},"67":{"start":{"line":159,"column":12},"end":{"line":159,"column":42}},"68":{"start":{"line":160,"column":12},"end":{"line":164,"column":13}},"69":{"start":{"line":161,"column":16},"end":{"line":161,"column":30}},"70":{"start":{"line":162,"column":16},"end":{"line":162,"column":58}},"71":{"start":{"line":163,"column":16},"end":{"line":163,"column":55}},"72":{"start":{"line":163,"column":49},"end":{"line":163,"column":55}},"73":{"start":{"line":167,"column":8},"end":{"line":167,"column":36}},"74":{"start":{"line":169,"column":8},"end":{"line":177,"column":9}},"75":{"start":{"line":170,"column":12},"end":{"line":175,"column":15}},"76":{"start":{"line":176,"column":12},"end":{"line":176,"column":53}},"77":{"start":{"line":179,"column":8},"end":{"line":181,"column":9}},"78":{"start":{"line":180,"column":12},"end":{"line":180,"column":62}},"79":{"start":{"line":184,"column":13},"end":{"line":227,"column":5}},"80":{"start":{"line":185,"column":65},"end":{"line":185,"column":79}},"81":{"start":{"line":187,"column":8},"end":{"line":187,"column":26}},"82":{"start":{"line":188,"column":8},"end":{"line":188,"column":56}},"83":{"start":{"line":188,"column":36},"end":{"line":188,"column":56}},"84":{"start":{"line":190,"column":8},"end":{"line":190,"column":27}},"85":{"start":{"line":191,"column":8},"end":{"line":191,"column":36}},"86":{"start":{"line":193,"column":8},"end":{"line":195,"column":11}},"87":{"start":{"line":194,"column":12},"end":{"line":194,"column":56}},"88":{"start":{"line":197,"column":8},"end":{"line":201,"column":9}},"89":{"start":{"line":198,"column":12},"end":{"line":198,"column":37}},"90":{"start":{"line":199,"column":12},"end":{"line":199,"column":36}},"91":{"start":{"line":200,"column":12},"end":{"line":200,"column":53}},"92":{"start":{"line":203,"column":8},"end":{"line":226,"column":9}},"93":{"start":{"line":204,"column":12},"end":{"line":204,"column":43}},"94":{"start":{"line":205,"column":12},"end":{"line":210,"column":13}},"95":{"start":{"line":209,"column":16},"end":{"line":209,"column":44}},"96":{"start":{"line":211,"column":12},"end":{"line":211,"column":75}},"97":{"start":{"line":212,"column":12},"end":{"line":212,"column":46}},"98":{"start":{"line":213,"column":12},"end":{"line":225,"column":13}},"99":{"start":{"line":214,"column":16},"end":{"line":214,"column":44}},"100":{"start":{"line":215,"column":17},"end":{"line":225,"column":13}},"101":{"start":{"line":219,"column":16},"end":{"line":219,"column":44}},"102":{"start":{"line":220,"column":19},"end":{"line":225,"column":13}},"103":{"start":{"line":224,"column":16},"end":{"line":224,"column":44}},"104":{"start":{"line":229,"column":13},"end":{"line":268,"column":5}},"105":{"start":{"line":238,"column":38},"end":{"line":240,"column":9}},"106":{"start":{"line":239,"column":12},"end":{"line":239,"column":44}},"107":{"start":{"line":242,"column":8},"end":{"line":242,"column":51}},"108":{"start":{"line":244,"column":23},"end":{"line":244,"column":73}},"109":{"start":{"line":245,"column":8},"end":{"line":245,"column":35}},"110":{"start":{"line":247,"column":8},"end":{"line":247,"column":48}},"111":{"start":{"line":249,"column":8},"end":{"line":252,"column":11}},"112":{"start":{"line":254,"column":8},"end":{"line":267,"column":9}},"113":{"start":{"line":255,"column":12},"end":{"line":255,"column":45}},"114":{"start":{"line":256,"column":12},"end":{"line":262,"column":13}},"115":{"start":{"line":257,"column":16},"end":{"line":257,"column":45}},"116":{"start":{"line":258,"column":16},"end":{"line":258,"column":44}},"117":{"start":{"line":260,"column":16},"end":{"line":260,"column":44}},"118":{"start":{"line":261,"column":16},"end":{"line":261,"column":45}},"119":{"start":{"line":264,"column":12},"end":{"line":264,"column":38}},"120":{"start":{"line":265,"column":12},"end":{"line":265,"column":37}},"121":{"start":{"line":266,"column":12},"end":{"line":266,"column":46}},"122":{"start":{"line":270,"column":16},"end":{"line":281,"column":5}},"123":{"start":{"line":271,"column":8},"end":{"line":271,"column":69}},"124":{"start":{"line":272,"column":8},"end":{"line":272,"column":33}},"125":{"start":{"line":273,"column":8},"end":{"line":276,"column":11}},"126":{"start":{"line":274,"column":12},"end":{"line":274,"column":54}},"127":{"start":{"line":275,"column":12},"end":{"line":275,"column":51}},"128":{"start":{"line":277,"column":8},"end":{"line":277,"column":57}},"129":{"start":{"line":280,"column":8},"end":{"line":280,"column":55}},"130":{"start":{"line":283,"column":17},"end":{"line":316,"column":5}},"131":{"start":{"line":284,"column":8},"end":{"line":284,"column":68}},"132":{"start":{"line":285,"column":8},"end":{"line":285,"column":34}},"133":{"start":{"line":288,"column":8},"end":{"line":288,"column":52}},"134":{"start":{"line":291,"column":8},"end":{"line":297,"column":11}},"135":{"start":{"line":292,"column":12},"end":{"line":296,"column":13}},"136":{"start":{"line":293,"column":16},"end":{"line":293,"column":34}},"137":{"start":{"line":294,"column":19},"end":{"line":296,"column":13}},"138":{"start":{"line":295,"column":16},"end":{"line":295,"column":33}},"139":{"start":{"line":300,"column":8},"end":{"line":300,"column":68}},"140":{"start":{"line":303,"column":33},"end":{"line":310,"column":9}},"141":{"start":{"line":304,"column":12},"end":{"line":309,"column":13}},"142":{"start":{"line":305,"column":16},"end":{"line":305,"column":34}},"143":{"start":{"line":306,"column":16},"end":{"line":308,"column":23}},"144":{"start":{"line":307,"column":20},"end":{"line":307,"column":48}},"145":{"start":{"line":312,"column":8},"end":{"line":312,"column":72}},"146":{"start":{"line":313,"column":8},"end":{"line":313,"column":34}},"147":{"start":{"line":314,"column":8},"end":{"line":314,"column":29}},"148":{"start":{"line":315,"column":8},"end":{"line":315,"column":58}},"149":{"start":{"line":318,"column":19},"end":{"line":323,"column":5}},"150":{"start":{"line":319,"column":8},"end":{"line":319,"column":29}},"151":{"start":{"line":320,"column":8},"end":{"line":320,"column":34}},"152":{"start":{"line":321,"column":8},"end":{"line":321,"column":29}},"153":{"start":{"line":322,"column":8},"end":{"line":322,"column":58}},"154":{"start":{"line":325,"column":18},"end":{"line":335,"column":5}},"155":{"start":{"line":326,"column":8},"end":{"line":330,"column":9}},"156":{"start":{"line":327,"column":12},"end":{"line":329,"column":14}},"157":{"start":{"line":332,"column":8},"end":{"line":334,"column":9}},"158":{"start":{"line":333,"column":12},"end":{"line":333,"column":36}},"159":{"start":{"line":337,"column":24},"end":{"line":345,"column":5}},"160":{"start":{"line":338,"column":32},"end":{"line":340,"column":10}},"161":{"start":{"line":339,"column":12},"end":{"line":339,"column":71}},"162":{"start":{"line":342,"column":25},"end":{"line":342,"column":66}},"163":{"start":{"line":342,"column":54},"end":{"line":342,"column":65}},"164":{"start":{"line":344,"column":8},"end":{"line":344,"column":33}},"165":{"start":{"line":347,"column":20},"end":{"line":365,"column":5}},"166":{"start":{"line":348,"column":23},"end":{"line":348,"column":31}},"167":{"start":{"line":350,"column":22},"end":{"line":350,"column":54}},"168":{"start":{"line":352,"column":8},"end":{"line":364,"column":9}},"169":{"start":{"line":352,"column":21},"end":{"line":352,"column":22}},"170":{"start":{"line":353,"column":12},"end":{"line":363,"column":14}},"171":{"start":{"line":367,"column":18},"end":{"line":371,"column":5}},"172":{"start":{"line":368,"column":8},"end":{"line":370,"column":11}},"173":{"start":{"line":369,"column":12},"end":{"line":369,"column":75}},"174":{"start":{"line":373,"column":11},"end":{"line":394,"column":5}},"175":{"start":{"line":374,"column":8},"end":{"line":374,"column":38}},"176":{"start":{"line":375,"column":8},"end":{"line":375,"column":40}},"177":{"start":{"line":376,"column":8},"end":{"line":376,"column":34}},"178":{"start":{"line":377,"column":8},"end":{"line":377,"column":62}},"179":{"start":{"line":378,"column":8},"end":{"line":378,"column":28}},"180":{"start":{"line":379,"column":8},"end":{"line":379,"column":52}},"181":{"start":{"line":380,"column":8},"end":{"line":386,"column":11}},"182":{"start":{"line":381,"column":12},"end":{"line":385,"column":13}},"183":{"start":{"line":382,"column":16},"end":{"line":382,"column":34}},"184":{"start":{"line":383,"column":19},"end":{"line":385,"column":13}},"185":{"start":{"line":384,"column":16},"end":{"line":384,"column":33}},"186":{"start":{"line":389,"column":8},"end":{"line":389,"column":68}},"187":{"start":{"line":391,"column":8},"end":{"line":391,"column":28}},"188":{"start":{"line":392,"column":8},"end":{"line":392,"column":26}},"189":{"start":{"line":393,"column":8},"end":{"line":393,"column":64}},"190":{"start":{"line":396,"column":16},"end":{"line":401,"column":5}},"191":{"start":{"line":397,"column":8},"end":{"line":400,"column":10}},"192":{"start":{"line":399,"column":16},"end":{"line":399,"column":79}},"193":{"start":{"line":403,"column":18},"end":{"line":410,"column":5}},"194":{"start":{"line":404,"column":8},"end":{"line":404,"column":34}},"195":{"start":{"line":405,"column":8},"end":{"line":405,"column":55}},"196":{"start":{"line":406,"column":8},"end":{"line":406,"column":46}},"197":{"start":{"line":407,"column":8},"end":{"line":409,"column":17}},"198":{"start":{"line":408,"column":12},"end":{"line":408,"column":63}},"199":{"start":{"line":412,"column":20},"end":{"line":415,"column":5}},"200":{"start":{"line":413,"column":8},"end":{"line":413,"column":33}},"201":{"start":{"line":414,"column":8},"end":{"line":414,"column":33}},"202":{"start":{"line":417,"column":22},"end":{"line":427,"column":5}},"203":{"start":{"line":418,"column":8},"end":{"line":418,"column":34}},"204":{"start":{"line":419,"column":8},"end":{"line":419,"column":30}},"205":{"start":{"line":420,"column":8},"end":{"line":420,"column":42}},"206":{"start":{"line":421,"column":8},"end":{"line":421,"column":34}},"207":{"start":{"line":422,"column":8},"end":{"line":422,"column":36}},"208":{"start":{"line":423,"column":8},"end":{"line":423,"column":29}},"209":{"start":{"line":424,"column":8},"end":{"line":424,"column":28}},"210":{"start":{"line":425,"column":8},"end":{"line":425,"column":34}},"211":{"start":{"line":426,"column":8},"end":{"line":426,"column":29}},"212":{"start":{"line":429,"column":19},"end":{"line":437,"column":5}},"213":{"start":{"line":430,"column":32},"end":{"line":432,"column":10}},"214":{"start":{"line":431,"column":12},"end":{"line":431,"column":49}},"215":{"start":{"line":434,"column":25},"end":{"line":434,"column":66}},"216":{"start":{"line":434,"column":54},"end":{"line":434,"column":65}},"217":{"start":{"line":436,"column":8},"end":{"line":436,"column":33}},"218":{"start":{"line":439,"column":16},"end":{"line":444,"column":5}},"219":{"start":{"line":440,"column":8},"end":{"line":440,"column":35}},"220":{"start":{"line":440,"column":18},"end":{"line":440,"column":35}},"221":{"start":{"line":441,"column":8},"end":{"line":441,"column":46}},"222":{"start":{"line":442,"column":8},"end":{"line":442,"column":77}},"223":{"start":{"line":443,"column":8},"end":{"line":443,"column":50}},"224":{"start":{"line":446,"column":27},"end":{"line":449,"column":5}},"225":{"start":{"line":447,"column":8},"end":{"line":447,"column":32}},"226":{"start":{"line":448,"column":8},"end":{"line":448,"column":29}},"227":{"start":{"line":451,"column":20},"end":{"line":455,"column":5}},"228":{"start":{"line":452,"column":8},"end":{"line":454,"column":11}},"229":{"start":{"line":453,"column":12},"end":{"line":453,"column":50}},"230":{"start":{"line":457,"column":19},"end":{"line":468,"column":5}},"231":{"start":{"line":458,"column":33},"end":{"line":465,"column":9}},"232":{"start":{"line":459,"column":12},"end":{"line":464,"column":13}},"233":{"start":{"line":460,"column":16},"end":{"line":460,"column":34}},"234":{"start":{"line":461,"column":16},"end":{"line":463,"column":23}},"235":{"start":{"line":462,"column":20},"end":{"line":462,"column":48}},"236":{"start":{"line":467,"column":8},"end":{"line":467,"column":76}},"237":{"start":{"line":470,"column":15},"end":{"line":507,"column":5}},"238":{"start":{"line":471,"column":8},"end":{"line":506,"column":9}},"239":{"start":{"line":472,"column":12},"end":{"line":503,"column":15}},"240":{"start":{"line":473,"column":66},"end":{"line":473,"column":67}},"241":{"start":{"line":474,"column":38},"end":{"line":474,"column":70}},"242":{"start":{"line":476,"column":26},"end":{"line":476,"column":37}},"243":{"start":{"line":477,"column":26},"end":{"line":477,"column":36}},"244":{"start":{"line":479,"column":30},"end":{"line":481,"column":17}},"245":{"start":{"line":480,"column":20},"end":{"line":480,"column":52}},"246":{"start":{"line":483,"column":16},"end":{"line":502,"column":19}},"247":{"start":{"line":484,"column":20},"end":{"line":501,"column":21}},"248":{"start":{"line":490,"column":24},"end":{"line":500,"column":25}},"249":{"start":{"line":491,"column":28},"end":{"line":499,"column":29}},"250":{"start":{"line":492,"column":32},"end":{"line":498,"column":33}},"251":{"start":{"line":496,"column":36},"end":{"line":496,"column":70}},"252":{"start":{"line":497,"column":36},"end":{"line":497,"column":52}},"253":{"start":{"line":505,"column":12},"end":{"line":505,"column":60}},"254":{"start":{"line":509,"column":16},"end":{"line":558,"column":5}},"255":{"start":{"line":510,"column":8},"end":{"line":510,"column":30}},"256":{"start":{"line":512,"column":8},"end":{"line":557,"column":10}},"257":{"start":{"line":516,"column":16},"end":{"line":516,"column":55}},"258":{"start":{"line":519,"column":16},"end":{"line":555,"column":18}},"259":{"start":{"line":524,"column":24},"end":{"line":553,"column":26}},"260":{"start":{"line":529,"column":36},"end":{"line":531,"column":64}},"261":{"start":{"line":532,"column":32},"end":{"line":532,"column":59}},"262":{"start":{"line":534,"column":32},"end":{"line":537,"column":34}},"263":{"start":{"line":538,"column":32},"end":{"line":541,"column":34}},"264":{"start":{"line":544,"column":32},"end":{"line":546,"column":34}},"265":{"start":{"line":547,"column":32},"end":{"line":547,"column":61}},"266":{"start":{"line":548,"column":32},"end":{"line":551,"column":34}},"267":{"start":{"line":560,"column":32},"end":{"line":646,"column":5}},"268":{"start":{"line":561,"column":27},"end":{"line":561,"column":64}},"269":{"start":{"line":563,"column":8},"end":{"line":589,"column":11}},"270":{"start":{"line":564,"column":12},"end":{"line":564,"column":50}},"271":{"start":{"line":566,"column":12},"end":{"line":588,"column":14}},"272":{"start":{"line":570,"column":20},"end":{"line":570,"column":63}},"273":{"start":{"line":571,"column":20},"end":{"line":571,"column":53}},"274":{"start":{"line":574,"column":20},"end":{"line":586,"column":22}},"275":{"start":{"line":578,"column":28},"end":{"line":578,"column":71}},"276":{"start":{"line":579,"column":28},"end":{"line":579,"column":66}},"277":{"start":{"line":580,"column":28},"end":{"line":580,"column":72}},"278":{"start":{"line":583,"column":28},"end":{"line":583,"column":50}},"279":{"start":{"line":584,"column":28},"end":{"line":584,"column":61}},"280":{"start":{"line":591,"column":8},"end":{"line":594,"column":11}},"281":{"start":{"line":592,"column":12},"end":{"line":592,"column":50}},"282":{"start":{"line":593,"column":12},"end":{"line":593,"column":55}},"283":{"start":{"line":596,"column":8},"end":{"line":619,"column":11}},"284":{"start":{"line":597,"column":12},"end":{"line":597,"column":50}},"285":{"start":{"line":598,"column":12},"end":{"line":618,"column":14}},"286":{"start":{"line":602,"column":20},"end":{"line":602,"column":63}},"287":{"start":{"line":603,"column":20},"end":{"line":603,"column":58}},"288":{"start":{"line":606,"column":20},"end":{"line":616,"column":22}},"289":{"start":{"line":610,"column":28},"end":{"line":610,"column":71}},"290":{"start":{"line":611,"column":28},"end":{"line":611,"column":61}},"291":{"start":{"line":614,"column":28},"end":{"line":614,"column":61}},"292":{"start":{"line":621,"column":8},"end":{"line":625,"column":11}},"293":{"start":{"line":622,"column":12},"end":{"line":622,"column":50}},"294":{"start":{"line":623,"column":12},"end":{"line":623,"column":50}},"295":{"start":{"line":624,"column":12},"end":{"line":624,"column":37}},"296":{"start":{"line":627,"column":8},"end":{"line":627,"column":74}},"297":{"start":{"line":629,"column":8},"end":{"line":629,"column":74}},"298":{"start":{"line":631,"column":8},"end":{"line":645,"column":11}},"299":{"start":{"line":632,"column":12},"end":{"line":644,"column":14}},"300":{"start":{"line":636,"column":20},"end":{"line":636,"column":58}},"301":{"start":{"line":637,"column":20},"end":{"line":637,"column":42}},"302":{"start":{"line":639,"column":20},"end":{"line":639,"column":63}},"303":{"start":{"line":640,"column":20},"end":{"line":640,"column":42}},"304":{"start":{"line":642,"column":20},"end":{"line":642,"column":53}},"305":{"start":{"line":648,"column":21},"end":{"line":665,"column":5}},"306":{"start":{"line":649,"column":25},"end":{"line":649,"column":76}},"307":{"start":{"line":650,"column":18},"end":{"line":650,"column":33}},"308":{"start":{"line":651,"column":18},"end":{"line":651,"column":33}},"309":{"start":{"line":652,"column":18},"end":{"line":652,"column":37}},"310":{"start":{"line":653,"column":18},"end":{"line":653,"column":38}},"311":{"start":{"line":655,"column":8},"end":{"line":664,"column":11}},"312":{"start":{"line":656,"column":12},"end":{"line":656,"column":55}},"313":{"start":{"line":657,"column":12},"end":{"line":657,"column":55}},"314":{"start":{"line":658,"column":12},"end":{"line":658,"column":56}},"315":{"start":{"line":660,"column":12},"end":{"line":660,"column":45}},"316":{"start":{"line":661,"column":12},"end":{"line":661,"column":35}},"317":{"start":{"line":662,"column":12},"end":{"line":662,"column":40}},"318":{"start":{"line":663,"column":12},"end":{"line":663,"column":44}},"319":{"start":{"line":667,"column":18},"end":{"line":672,"column":5}},"320":{"start":{"line":668,"column":30},"end":{"line":668,"column":66}},"321":{"start":{"line":669,"column":8},"end":{"line":669,"column":49}},"322":{"start":{"line":670,"column":8},"end":{"line":670,"column":37}},"323":{"start":{"line":671,"column":8},"end":{"line":671,"column":41}},"324":{"start":{"line":674,"column":18},"end":{"line":709,"column":5}},"325":{"start":{"line":675,"column":8},"end":{"line":708,"column":10}},"326":{"start":{"line":679,"column":16},"end":{"line":685,"column":18}},"327":{"start":{"line":688,"column":16},"end":{"line":706,"column":18}},"328":{"start":{"line":692,"column":24},"end":{"line":698,"column":26}},"329":{"start":{"line":699,"column":24},"end":{"line":699,"column":60}},"330":{"start":{"line":700,"column":24},"end":{"line":700,"column":58}},"331":{"start":{"line":701,"column":24},"end":{"line":701,"column":58}},"332":{"start":{"line":704,"column":24},"end":{"line":704,"column":57}},"333":{"start":{"line":711,"column":18},"end":{"line":744,"column":5}},"334":{"start":{"line":712,"column":8},"end":{"line":743,"column":10}},"335":{"start":{"line":716,"column":16},"end":{"line":722,"column":18}},"336":{"start":{"line":723,"column":16},"end":{"line":723,"column":52}},"337":{"start":{"line":724,"column":16},"end":{"line":724,"column":50}},"338":{"start":{"line":727,"column":16},"end":{"line":741,"column":18}},"339":{"start":{"line":731,"column":24},"end":{"line":731,"column":67}},"340":{"start":{"line":732,"column":24},"end":{"line":732,"column":57}},"341":{"start":{"line":735,"column":24},"end":{"line":735,"column":45}},"342":{"start":{"line":736,"column":24},"end":{"line":736,"column":57}},"343":{"start":{"line":739,"column":24},"end":{"line":739,"column":53}},"344":{"start":{"line":746,"column":20},"end":{"line":748,"column":5}},"345":{"start":{"line":747,"column":8},"end":{"line":747,"column":60}},"346":{"start":{"line":750,"column":19},"end":{"line":782,"column":5}},"347":{"start":{"line":751,"column":29},"end":{"line":751,"column":68}},"348":{"start":{"line":752,"column":28},"end":{"line":752,"column":33}},"349":{"start":{"line":754,"column":18},"end":{"line":754,"column":38}},"350":{"start":{"line":756,"column":8},"end":{"line":762,"column":9}},"351":{"start":{"line":757,"column":12},"end":{"line":757,"column":47}},"352":{"start":{"line":758,"column":12},"end":{"line":758,"column":40}},"353":{"start":{"line":759,"column":12},"end":{"line":759,"column":35}},"354":{"start":{"line":761,"column":12},"end":{"line":761,"column":33}},"355":{"start":{"line":764,"column":8},"end":{"line":781,"column":11}},"356":{"start":{"line":765,"column":42},"end":{"line":765,"column":50}},"357":{"start":{"line":766,"column":29},"end":{"line":766,"column":66}},"358":{"start":{"line":767,"column":32},"end":{"line":767,"column":42}},"359":{"start":{"line":769,"column":12},"end":{"line":780,"column":13}},"360":{"start":{"line":770,"column":16},"end":{"line":770,"column":51}},"361":{"start":{"line":771,"column":16},"end":{"line":771,"column":44}},"362":{"start":{"line":772,"column":16},"end":{"line":775,"column":17}},"363":{"start":{"line":773,"column":20},"end":{"line":773,"column":47}},"364":{"start":{"line":774,"column":20},"end":{"line":774,"column":42}},"365":{"start":{"line":776,"column":19},"end":{"line":780,"column":13}},"366":{"start":{"line":777,"column":16},"end":{"line":777,"column":51}},"367":{"start":{"line":778,"column":16},"end":{"line":778,"column":52}},"368":{"start":{"line":779,"column":16},"end":{"line":779,"column":37}},"369":{"start":{"line":785,"column":21},"end":{"line":805,"column":5}},"370":{"start":{"line":786,"column":8},"end":{"line":804,"column":9}},"371":{"start":{"line":788,"column":12},"end":{"line":800,"column":13}},"372":{"start":{"line":790,"column":35},"end":{"line":790,"column":75}},"373":{"start":{"line":791,"column":16},"end":{"line":793,"column":17}},"374":{"start":{"line":792,"column":20},"end":{"line":792,"column":42}},"375":{"start":{"line":794,"column":19},"end":{"line":800,"column":13}},"376":{"start":{"line":796,"column":16},"end":{"line":796,"column":28}},"377":{"start":{"line":797,"column":19},"end":{"line":800,"column":13}},"378":{"start":{"line":799,"column":16},"end":{"line":799,"column":41}},"379":{"start":{"line":801,"column":15},"end":{"line":804,"column":9}},"380":{"start":{"line":803,"column":12},"end":{"line":803,"column":37}},"381":{"start":{"line":807,"column":28},"end":{"line":811,"column":5}},"382":{"start":{"line":808,"column":8},"end":{"line":808,"column":52}},"383":{"start":{"line":810,"column":8},"end":{"line":810,"column":68}},"384":{"start":{"line":815,"column":14},"end":{"line":815,"column":41}},"385":{"start":{"line":817,"column":8},"end":{"line":817,"column":101}},"386":{"start":{"line":819,"column":4},"end":{"line":819,"column":29}},"387":{"start":{"line":820,"column":4},"end":{"line":820,"column":24}},"388":{"start":{"line":822,"column":4},"end":{"line":822,"column":13}}},"fnMap":{"0":{"name":"(anonymous_0)","decl":{"start":{"line":14,"column":4},"end":{"line":14,"column":5}},"loc":{"start":{"line":19,"column":6},"end":{"line":61,"column":5}},"line":19},"1":{"name":"(anonymous_1)","decl":{"start":{"line":34,"column":33},"end":{"line":34,"column":34}},"loc":{"start":{"line":34,"column":53},"end":{"line":34,"column":68}},"line":34},"2":{"name":"(anonymous_2)","decl":{"start":{"line":63,"column":31},"end":{"line":63,"column":32}},"loc":{"start":{"line":63,"column":37},"end":{"line":109,"column":5}},"line":63},"3":{"name":"(anonymous_3)","decl":{"start":{"line":67,"column":12},"end":{"line":67,"column":13}},"loc":{"start":{"line":67,"column":22},"end":{"line":67,"column":78}},"line":67},"4":{"name":"(anonymous_4)","decl":{"start":{"line":74,"column":16},"end":{"line":74,"column":17}},"loc":{"start":{"line":74,"column":26},"end":{"line":74,"column":76}},"line":74},"5":{"name":"(anonymous_5)","decl":{"start":{"line":78,"column":20},"end":{"line":78,"column":21}},"loc":{"start":{"line":79,"column":24},"end":{"line":79,"column":78}},"line":79},"6":{"name":"(anonymous_6)","decl":{"start":{"line":111,"column":22},"end":{"line":111,"column":23}},"loc":{"start":{"line":111,"column":28},"end":{"line":149,"column":5}},"line":111},"7":{"name":"(anonymous_7)","decl":{"start":{"line":151,"column":11},"end":{"line":151,"column":12}},"loc":{"start":{"line":151,"column":26},"end":{"line":182,"column":5}},"line":151},"8":{"name":"(anonymous_8)","decl":{"start":{"line":184,"column":13},"end":{"line":184,"column":14}},"loc":{"start":{"line":184,"column":19},"end":{"line":227,"column":5}},"line":184},"9":{"name":"(anonymous_9)","decl":{"start":{"line":193,"column":32},"end":{"line":193,"column":33}},"loc":{"start":{"line":193,"column":51},"end":{"line":195,"column":9}},"line":193},"10":{"name":"(anonymous_10)","decl":{"start":{"line":229,"column":13},"end":{"line":229,"column":14}},"loc":{"start":{"line":237,"column":10},"end":{"line":268,"column":5}},"line":237},"11":{"name":"(anonymous_11)","decl":{"start":{"line":238,"column":68},"end":{"line":238,"column":69}},"loc":{"start":{"line":239,"column":12},"end":{"line":239,"column":44}},"line":239},"12":{"name":"(anonymous_12)","decl":{"start":{"line":270,"column":16},"end":{"line":270,"column":17}},"loc":{"start":{"line":270,"column":22},"end":{"line":281,"column":5}},"line":270},"13":{"name":"(anonymous_13)","decl":{"start":{"line":273,"column":30},"end":{"line":273,"column":31}},"loc":{"start":{"line":273,"column":36},"end":{"line":276,"column":9}},"line":273},"14":{"name":"(anonymous_14)","decl":{"start":{"line":283,"column":17},"end":{"line":283,"column":18}},"loc":{"start":{"line":283,"column":23},"end":{"line":316,"column":5}},"line":283},"15":{"name":"(anonymous_15)","decl":{"start":{"line":291,"column":48},"end":{"line":291,"column":49}},"loc":{"start":{"line":291,"column":62},"end":{"line":297,"column":9}},"line":291},"16":{"name":"(anonymous_16)","decl":{"start":{"line":303,"column":33},"end":{"line":303,"column":34}},"loc":{"start":{"line":303,"column":49},"end":{"line":310,"column":9}},"line":303},"17":{"name":"(anonymous_17)","decl":{"start":{"line":306,"column":27},"end":{"line":306,"column":28}},"loc":{"start":{"line":306,"column":33},"end":{"line":308,"column":17}},"line":306},"18":{"name":"(anonymous_18)","decl":{"start":{"line":318,"column":19},"end":{"line":318,"column":20}},"loc":{"start":{"line":318,"column":25},"end":{"line":323,"column":5}},"line":318},"19":{"name":"(anonymous_19)","decl":{"start":{"line":325,"column":18},"end":{"line":325,"column":19}},"loc":{"start":{"line":325,"column":24},"end":{"line":335,"column":5}},"line":325},"20":{"name":"(anonymous_20)","decl":{"start":{"line":337,"column":24},"end":{"line":337,"column":25}},"loc":{"start":{"line":337,"column":30},"end":{"line":345,"column":5}},"line":337},"21":{"name":"(anonymous_21)","decl":{"start":{"line":338,"column":52},"end":{"line":338,"column":53}},"loc":{"start":{"line":338,"column":67},"end":{"line":340,"column":9}},"line":338},"22":{"name":"(anonymous_22)","decl":{"start":{"line":342,"column":46},"end":{"line":342,"column":47}},"loc":{"start":{"line":342,"column":54},"end":{"line":342,"column":65}},"line":342},"23":{"name":"(anonymous_23)","decl":{"start":{"line":347,"column":20},"end":{"line":347,"column":21}},"loc":{"start":{"line":347,"column":34},"end":{"line":365,"column":5}},"line":347},"24":{"name":"(anonymous_24)","decl":{"start":{"line":367,"column":18},"end":{"line":367,"column":19}},"loc":{"start":{"line":367,"column":61},"end":{"line":371,"column":5}},"line":367},"25":{"name":"(anonymous_25)","decl":{"start":{"line":368,"column":32},"end":{"line":368,"column":33}},"loc":{"start":{"line":368,"column":51},"end":{"line":370,"column":9}},"line":368},"26":{"name":"(anonymous_26)","decl":{"start":{"line":373,"column":11},"end":{"line":373,"column":12}},"loc":{"start":{"line":373,"column":17},"end":{"line":394,"column":5}},"line":373},"27":{"name":"(anonymous_27)","decl":{"start":{"line":380,"column":48},"end":{"line":380,"column":49}},"loc":{"start":{"line":380,"column":62},"end":{"line":386,"column":9}},"line":380},"28":{"name":"(anonymous_28)","decl":{"start":{"line":396,"column":16},"end":{"line":396,"column":17}},"loc":{"start":{"line":396,"column":22},"end":{"line":401,"column":5}},"line":396},"29":{"name":"(anonymous_29)","decl":{"start":{"line":398,"column":12},"end":{"line":398,"column":13}},"loc":{"start":{"line":399,"column":16},"end":{"line":399,"column":79}},"line":399},"30":{"name":"(anonymous_30)","decl":{"start":{"line":403,"column":18},"end":{"line":403,"column":19}},"loc":{"start":{"line":403,"column":30},"end":{"line":410,"column":5}},"line":403},"31":{"name":"(anonymous_31)","decl":{"start":{"line":407,"column":19},"end":{"line":407,"column":20}},"loc":{"start":{"line":407,"column":25},"end":{"line":409,"column":9}},"line":407},"32":{"name":"(anonymous_32)","decl":{"start":{"line":412,"column":20},"end":{"line":412,"column":21}},"loc":{"start":{"line":412,"column":26},"end":{"line":415,"column":5}},"line":412},"33":{"name":"(anonymous_33)","decl":{"start":{"line":417,"column":22},"end":{"line":417,"column":23}},"loc":{"start":{"line":417,"column":34},"end":{"line":427,"column":5}},"line":417},"34":{"name":"(anonymous_34)","decl":{"start":{"line":429,"column":19},"end":{"line":429,"column":20}},"loc":{"start":{"line":429,"column":45},"end":{"line":437,"column":5}},"line":429},"35":{"name":"(anonymous_35)","decl":{"start":{"line":430,"column":52},"end":{"line":430,"column":53}},"loc":{"start":{"line":430,"column":67},"end":{"line":432,"column":9}},"line":430},"36":{"name":"(anonymous_36)","decl":{"start":{"line":434,"column":46},"end":{"line":434,"column":47}},"loc":{"start":{"line":434,"column":54},"end":{"line":434,"column":65}},"line":434},"37":{"name":"(anonymous_37)","decl":{"start":{"line":439,"column":16},"end":{"line":439,"column":17}},"loc":{"start":{"line":439,"column":26},"end":{"line":444,"column":5}},"line":439},"38":{"name":"(anonymous_38)","decl":{"start":{"line":446,"column":27},"end":{"line":446,"column":28}},"loc":{"start":{"line":446,"column":33},"end":{"line":449,"column":5}},"line":446},"39":{"name":"(anonymous_39)","decl":{"start":{"line":451,"column":20},"end":{"line":451,"column":21}},"loc":{"start":{"line":451,"column":26},"end":{"line":455,"column":5}},"line":451},"40":{"name":"(anonymous_40)","decl":{"start":{"line":452,"column":28},"end":{"line":452,"column":29}},"loc":{"start":{"line":452,"column":49},"end":{"line":454,"column":9}},"line":452},"41":{"name":"(anonymous_41)","decl":{"start":{"line":457,"column":19},"end":{"line":457,"column":20}},"loc":{"start":{"line":457,"column":25},"end":{"line":468,"column":5}},"line":457},"42":{"name":"(anonymous_42)","decl":{"start":{"line":458,"column":33},"end":{"line":458,"column":34}},"loc":{"start":{"line":458,"column":49},"end":{"line":465,"column":9}},"line":458},"43":{"name":"(anonymous_43)","decl":{"start":{"line":461,"column":27},"end":{"line":461,"column":28}},"loc":{"start":{"line":461,"column":33},"end":{"line":463,"column":17}},"line":461},"44":{"name":"(anonymous_44)","decl":{"start":{"line":470,"column":15},"end":{"line":470,"column":16}},"loc":{"start":{"line":470,"column":42},"end":{"line":507,"column":5}},"line":470},"45":{"name":"(anonymous_45)","decl":{"start":{"line":472,"column":50},"end":{"line":472,"column":51}},"loc":{"start":{"line":472,"column":57},"end":{"line":503,"column":13}},"line":472},"46":{"name":"(anonymous_46)","decl":{"start":{"line":479,"column":55},"end":{"line":479,"column":56}},"loc":{"start":{"line":480,"column":20},"end":{"line":480,"column":52}},"line":480},"47":{"name":"(anonymous_47)","decl":{"start":{"line":483,"column":30},"end":{"line":483,"column":31}},"loc":{"start":{"line":483,"column":40},"end":{"line":502,"column":17}},"line":483},"48":{"name":"(anonymous_48)","decl":{"start":{"line":509,"column":16},"end":{"line":509,"column":17}},"loc":{"start":{"line":509,"column":25},"end":{"line":558,"column":5}},"line":509},"49":{"name":"(anonymous_49)","decl":{"start":{"line":515,"column":12},"end":{"line":515,"column":13}},"loc":{"start":{"line":515,"column":21},"end":{"line":517,"column":13}},"line":515},"50":{"name":"(anonymous_50)","decl":{"start":{"line":518,"column":12},"end":{"line":518,"column":13}},"loc":{"start":{"line":518,"column":21},"end":{"line":556,"column":13}},"line":518},"51":{"name":"(anonymous_51)","decl":{"start":{"line":523,"column":20},"end":{"line":523,"column":21}},"loc":{"start":{"line":523,"column":29},"end":{"line":554,"column":21}},"line":523},"52":{"name":"(anonymous_52)","decl":{"start":{"line":527,"column":28},"end":{"line":527,"column":29}},"loc":{"start":{"line":527,"column":37},"end":{"line":542,"column":29}},"line":527},"53":{"name":"(anonymous_53)","decl":{"start":{"line":543,"column":28},"end":{"line":543,"column":29}},"loc":{"start":{"line":543,"column":34},"end":{"line":552,"column":29}},"line":543},"54":{"name":"(anonymous_54)","decl":{"start":{"line":560,"column":32},"end":{"line":560,"column":33}},"loc":{"start":{"line":560,"column":38},"end":{"line":646,"column":5}},"line":560},"55":{"name":"(anonymous_55)","decl":{"start":{"line":563,"column":57},"end":{"line":563,"column":58}},"loc":{"start":{"line":563,"column":63},"end":{"line":589,"column":9}},"line":563},"56":{"name":"(anonymous_56)","decl":{"start":{"line":569,"column":16},"end":{"line":569,"column":17}},"loc":{"start":{"line":569,"column":25},"end":{"line":572,"column":17}},"line":569},"57":{"name":"(anonymous_57)","decl":{"start":{"line":573,"column":16},"end":{"line":573,"column":17}},"loc":{"start":{"line":573,"column":25},"end":{"line":587,"column":17}},"line":573},"58":{"name":"(anonymous_58)","decl":{"start":{"line":577,"column":24},"end":{"line":577,"column":25}},"loc":{"start":{"line":577,"column":33},"end":{"line":581,"column":25}},"line":577},"59":{"name":"(anonymous_59)","decl":{"start":{"line":582,"column":24},"end":{"line":582,"column":25}},"loc":{"start":{"line":582,"column":30},"end":{"line":585,"column":25}},"line":582},"60":{"name":"(anonymous_60)","decl":{"start":{"line":591,"column":57},"end":{"line":591,"column":58}},"loc":{"start":{"line":591,"column":63},"end":{"line":594,"column":9}},"line":591},"61":{"name":"(anonymous_61)","decl":{"start":{"line":596,"column":61},"end":{"line":596,"column":62}},"loc":{"start":{"line":596,"column":67},"end":{"line":619,"column":9}},"line":596},"62":{"name":"(anonymous_62)","decl":{"start":{"line":601,"column":16},"end":{"line":601,"column":17}},"loc":{"start":{"line":601,"column":25},"end":{"line":604,"column":17}},"line":601},"63":{"name":"(anonymous_63)","decl":{"start":{"line":605,"column":16},"end":{"line":605,"column":17}},"loc":{"start":{"line":605,"column":25},"end":{"line":617,"column":17}},"line":605},"64":{"name":"(anonymous_64)","decl":{"start":{"line":609,"column":24},"end":{"line":609,"column":25}},"loc":{"start":{"line":609,"column":33},"end":{"line":612,"column":25}},"line":609},"65":{"name":"(anonymous_65)","decl":{"start":{"line":613,"column":24},"end":{"line":613,"column":25}},"loc":{"start":{"line":613,"column":30},"end":{"line":615,"column":25}},"line":613},"66":{"name":"(anonymous_66)","decl":{"start":{"line":621,"column":59},"end":{"line":621,"column":60}},"loc":{"start":{"line":621,"column":65},"end":{"line":625,"column":9}},"line":621},"67":{"name":"(anonymous_67)","decl":{"start":{"line":631,"column":50},"end":{"line":631,"column":51}},"loc":{"start":{"line":631,"column":61},"end":{"line":645,"column":9}},"line":631},"68":{"name":"(anonymous_68)","decl":{"start":{"line":635,"column":16},"end":{"line":635,"column":17}},"loc":{"start":{"line":635,"column":22},"end":{"line":643,"column":17}},"line":635},"69":{"name":"(anonymous_69)","decl":{"start":{"line":648,"column":21},"end":{"line":648,"column":22}},"loc":{"start":{"line":648,"column":27},"end":{"line":665,"column":5}},"line":648},"70":{"name":"(anonymous_70)","decl":{"start":{"line":655,"column":30},"end":{"line":655,"column":31}},"loc":{"start":{"line":655,"column":36},"end":{"line":664,"column":9}},"line":655},"71":{"name":"(anonymous_71)","decl":{"start":{"line":667,"column":18},"end":{"line":667,"column":19}},"loc":{"start":{"line":667,"column":46},"end":{"line":672,"column":5}},"line":667},"72":{"name":"(anonymous_72)","decl":{"start":{"line":674,"column":18},"end":{"line":674,"column":19}},"loc":{"start":{"line":674,"column":38},"end":{"line":709,"column":5}},"line":674},"73":{"name":"(anonymous_73)","decl":{"start":{"line":678,"column":12},"end":{"line":678,"column":13}},"loc":{"start":{"line":678,"column":21},"end":{"line":686,"column":13}},"line":678},"74":{"name":"(anonymous_74)","decl":{"start":{"line":687,"column":12},"end":{"line":687,"column":13}},"loc":{"start":{"line":687,"column":21},"end":{"line":707,"column":13}},"line":687},"75":{"name":"(anonymous_75)","decl":{"start":{"line":691,"column":20},"end":{"line":691,"column":21}},"loc":{"start":{"line":691,"column":29},"end":{"line":702,"column":21}},"line":691},"76":{"name":"(anonymous_76)","decl":{"start":{"line":703,"column":20},"end":{"line":703,"column":21}},"loc":{"start":{"line":703,"column":26},"end":{"line":705,"column":21}},"line":703},"77":{"name":"(anonymous_77)","decl":{"start":{"line":711,"column":18},"end":{"line":711,"column":19}},"loc":{"start":{"line":711,"column":38},"end":{"line":744,"column":5}},"line":711},"78":{"name":"(anonymous_78)","decl":{"start":{"line":715,"column":12},"end":{"line":715,"column":13}},"loc":{"start":{"line":715,"column":21},"end":{"line":725,"column":13}},"line":715},"79":{"name":"(anonymous_79)","decl":{"start":{"line":726,"column":12},"end":{"line":726,"column":13}},"loc":{"start":{"line":726,"column":21},"end":{"line":742,"column":13}},"line":726},"80":{"name":"(anonymous_80)","decl":{"start":{"line":730,"column":20},"end":{"line":730,"column":21}},"loc":{"start":{"line":730,"column":29},"end":{"line":733,"column":21}},"line":730},"81":{"name":"(anonymous_81)","decl":{"start":{"line":734,"column":20},"end":{"line":734,"column":21}},"loc":{"start":{"line":734,"column":26},"end":{"line":740,"column":21}},"line":734},"82":{"name":"(anonymous_82)","decl":{"start":{"line":746,"column":20},"end":{"line":746,"column":21}},"loc":{"start":{"line":746,"column":26},"end":{"line":748,"column":5}},"line":746},"83":{"name":"(anonymous_83)","decl":{"start":{"line":750,"column":19},"end":{"line":750,"column":20}},"loc":{"start":{"line":750,"column":25},"end":{"line":782,"column":5}},"line":750},"84":{"name":"(anonymous_84)","decl":{"start":{"line":764,"column":42},"end":{"line":764,"column":43}},"loc":{"start":{"line":764,"column":49},"end":{"line":781,"column":9}},"line":764},"85":{"name":"(anonymous_85)","decl":{"start":{"line":785,"column":21},"end":{"line":785,"column":22}},"loc":{"start":{"line":785,"column":35},"end":{"line":805,"column":5}},"line":785},"86":{"name":"(anonymous_86)","decl":{"start":{"line":807,"column":28},"end":{"line":807,"column":29}},"loc":{"start":{"line":807,"column":34},"end":{"line":811,"column":5}},"line":807},"87":{"name":"createErrorElement","decl":{"start":{"line":814,"column":9},"end":{"line":814,"column":27}},"loc":{"start":{"line":814,"column":30},"end":{"line":823,"column":1}},"line":814}},"branchMap":{"0":{"loc":{"start":{"line":135,"column":8},"end":{"line":148,"column":9}},"type":"if","locations":[{"start":{"line":135,"column":8},"end":{"line":148,"column":9}},{"start":{},"end":{}}],"line":135},"1":{"loc":{"start":{"line":152,"column":8},"end":{"line":152,"column":67}},"type":"if","locations":[{"start":{"line":152,"column":8},"end":{"line":152,"column":67}},{"start":{},"end":{}}],"line":152},"2":{"loc":{"start":{"line":154,"column":8},"end":{"line":155,"column":46}},"type":"if","locations":[{"start":{"line":154,"column":8},"end":{"line":155,"column":46}},{"start":{},"end":{}}],"line":154},"3":{"loc":{"start":{"line":158,"column":8},"end":{"line":165,"column":9}},"type":"if","locations":[{"start":{"line":158,"column":8},"end":{"line":165,"column":9}},{"start":{},"end":{}}],"line":158},"4":{"loc":{"start":{"line":158,"column":12},"end":{"line":158,"column":69}},"type":"binary-expr","locations":[{"start":{"line":158,"column":12},"end":{"line":158,"column":39}},{"start":{"line":158,"column":43},"end":{"line":158,"column":69}}],"line":158},"5":{"loc":{"start":{"line":163,"column":16},"end":{"line":163,"column":55}},"type":"if","locations":[{"start":{"line":163,"column":16},"end":{"line":163,"column":55}},{"start":{},"end":{}}],"line":163},"6":{"loc":{"start":{"line":169,"column":8},"end":{"line":177,"column":9}},"type":"if","locations":[{"start":{"line":169,"column":8},"end":{"line":177,"column":9}},{"start":{},"end":{}}],"line":169},"7":{"loc":{"start":{"line":179,"column":8},"end":{"line":181,"column":9}},"type":"if","locations":[{"start":{"line":179,"column":8},"end":{"line":181,"column":9}},{"start":{},"end":{}}],"line":179},"8":{"loc":{"start":{"line":179,"column":12},"end":{"line":179,"column":69}},"type":"binary-expr","locations":[{"start":{"line":179,"column":12},"end":{"line":179,"column":38}},{"start":{"line":179,"column":42},"end":{"line":179,"column":69}}],"line":179},"9":{"loc":{"start":{"line":188,"column":8},"end":{"line":188,"column":56}},"type":"if","locations":[{"start":{"line":188,"column":8},"end":{"line":188,"column":56}},{"start":{},"end":{}}],"line":188},"10":{"loc":{"start":{"line":197,"column":8},"end":{"line":201,"column":9}},"type":"if","locations":[{"start":{"line":197,"column":8},"end":{"line":201,"column":9}},{"start":{},"end":{}}],"line":197},"11":{"loc":{"start":{"line":197,"column":12},"end":{"line":197,"column":75}},"type":"binary-expr","locations":[{"start":{"line":197,"column":12},"end":{"line":197,"column":46}},{"start":{"line":197,"column":50},"end":{"line":197,"column":75}}],"line":197},"12":{"loc":{"start":{"line":203,"column":8},"end":{"line":226,"column":9}},"type":"if","locations":[{"start":{"line":203,"column":8},"end":{"line":226,"column":9}},{"start":{},"end":{}}],"line":203},"13":{"loc":{"start":{"line":205,"column":12},"end":{"line":210,"column":13}},"type":"if","locations":[{"start":{"line":205,"column":12},"end":{"line":210,"column":13}},{"start":{},"end":{}}],"line":205},"14":{"loc":{"start":{"line":206,"column":16},"end":{"line":207,"column":49}},"type":"binary-expr","locations":[{"start":{"line":206,"column":16},"end":{"line":206,"column":49}},{"start":{"line":207,"column":16},"end":{"line":207,"column":49}}],"line":206},"15":{"loc":{"start":{"line":213,"column":12},"end":{"line":225,"column":13}},"type":"if","locations":[{"start":{"line":213,"column":12},"end":{"line":225,"column":13}},{"start":{"line":215,"column":17},"end":{"line":225,"column":13}}],"line":213},"16":{"loc":{"start":{"line":213,"column":16},"end":{"line":213,"column":77}},"type":"binary-expr","locations":[{"start":{"line":213,"column":16},"end":{"line":213,"column":48}},{"start":{"line":213,"column":52},"end":{"line":213,"column":77}}],"line":213},"17":{"loc":{"start":{"line":215,"column":17},"end":{"line":225,"column":13}},"type":"if","locations":[{"start":{"line":215,"column":17},"end":{"line":225,"column":13}},{"start":{"line":220,"column":19},"end":{"line":225,"column":13}}],"line":215},"18":{"loc":{"start":{"line":216,"column":16},"end":{"line":217,"column":41}},"type":"binary-expr","locations":[{"start":{"line":216,"column":16},"end":{"line":216,"column":48}},{"start":{"line":217,"column":16},"end":{"line":217,"column":41}}],"line":216},"19":{"loc":{"start":{"line":220,"column":19},"end":{"line":225,"column":13}},"type":"if","locations":[{"start":{"line":220,"column":19},"end":{"line":225,"column":13}},{"start":{},"end":{}}],"line":220},"20":{"loc":{"start":{"line":221,"column":16},"end":{"line":222,"column":41}},"type":"binary-expr","locations":[{"start":{"line":221,"column":16},"end":{"line":221,"column":48}},{"start":{"line":222,"column":16},"end":{"line":222,"column":41}}],"line":221},"21":{"loc":{"start":{"line":244,"column":23},"end":{"line":244,"column":73}},"type":"cond-expr","locations":[{"start":{"line":244,"column":51},"end":{"line":244,"column":63}},{"start":{"line":244,"column":66},"end":{"line":244,"column":73}}],"line":244},"22":{"loc":{"start":{"line":254,"column":8},"end":{"line":267,"column":9}},"type":"if","locations":[{"start":{"line":254,"column":8},"end":{"line":267,"column":9}},{"start":{"line":263,"column":15},"end":{"line":267,"column":9}}],"line":254},"23":{"loc":{"start":{"line":256,"column":12},"end":{"line":262,"column":13}},"type":"if","locations":[{"start":{"line":256,"column":12},"end":{"line":262,"column":13}},{"start":{"line":259,"column":19},"end":{"line":262,"column":13}}],"line":256},"24":{"loc":{"start":{"line":292,"column":12},"end":{"line":296,"column":13}},"type":"if","locations":[{"start":{"line":292,"column":12},"end":{"line":296,"column":13}},{"start":{"line":294,"column":19},"end":{"line":296,"column":13}}],"line":292},"25":{"loc":{"start":{"line":292,"column":16},"end":{"line":292,"column":54}},"type":"binary-expr","locations":[{"start":{"line":292,"column":16},"end":{"line":292,"column":42}},{"start":{"line":292,"column":46},"end":{"line":292,"column":54}}],"line":292},"26":{"loc":{"start":{"line":294,"column":19},"end":{"line":296,"column":13}},"type":"if","locations":[{"start":{"line":294,"column":19},"end":{"line":296,"column":13}},{"start":{},"end":{}}],"line":294},"27":{"loc":{"start":{"line":294,"column":23},"end":{"line":294,"column":62}},"type":"binary-expr","locations":[{"start":{"line":294,"column":23},"end":{"line":294,"column":50}},{"start":{"line":294,"column":54},"end":{"line":294,"column":62}}],"line":294},"28":{"loc":{"start":{"line":304,"column":12},"end":{"line":309,"column":13}},"type":"if","locations":[{"start":{"line":304,"column":12},"end":{"line":309,"column":13}},{"start":{},"end":{}}],"line":304},"29":{"loc":{"start":{"line":326,"column":8},"end":{"line":330,"column":9}},"type":"if","locations":[{"start":{"line":326,"column":8},"end":{"line":330,"column":9}},{"start":{},"end":{}}],"line":326},"30":{"loc":{"start":{"line":332,"column":8},"end":{"line":334,"column":9}},"type":"if","locations":[{"start":{"line":332,"column":8},"end":{"line":334,"column":9}},{"start":{},"end":{}}],"line":332},"31":{"loc":{"start":{"line":344,"column":15},"end":{"line":344,"column":32}},"type":"binary-expr","locations":[{"start":{"line":344,"column":15},"end":{"line":344,"column":23}},{"start":{"line":344,"column":27},"end":{"line":344,"column":32}}],"line":344},"32":{"loc":{"start":{"line":381,"column":12},"end":{"line":385,"column":13}},"type":"if","locations":[{"start":{"line":381,"column":12},"end":{"line":385,"column":13}},{"start":{"line":383,"column":19},"end":{"line":385,"column":13}}],"line":381},"33":{"loc":{"start":{"line":381,"column":16},"end":{"line":381,"column":54}},"type":"binary-expr","locations":[{"start":{"line":381,"column":16},"end":{"line":381,"column":42}},{"start":{"line":381,"column":46},"end":{"line":381,"column":54}}],"line":381},"34":{"loc":{"start":{"line":383,"column":19},"end":{"line":385,"column":13}},"type":"if","locations":[{"start":{"line":383,"column":19},"end":{"line":385,"column":13}},{"start":{},"end":{}}],"line":383},"35":{"loc":{"start":{"line":383,"column":23},"end":{"line":383,"column":62}},"type":"binary-expr","locations":[{"start":{"line":383,"column":23},"end":{"line":383,"column":50}},{"start":{"line":383,"column":54},"end":{"line":383,"column":62}}],"line":383},"36":{"loc":{"start":{"line":436,"column":15},"end":{"line":436,"column":32}},"type":"binary-expr","locations":[{"start":{"line":436,"column":15},"end":{"line":436,"column":23}},{"start":{"line":436,"column":27},"end":{"line":436,"column":32}}],"line":436},"37":{"loc":{"start":{"line":440,"column":8},"end":{"line":440,"column":35}},"type":"if","locations":[{"start":{"line":440,"column":8},"end":{"line":440,"column":35}},{"start":{},"end":{}}],"line":440},"38":{"loc":{"start":{"line":459,"column":12},"end":{"line":464,"column":13}},"type":"if","locations":[{"start":{"line":459,"column":12},"end":{"line":464,"column":13}},{"start":{},"end":{}}],"line":459},"39":{"loc":{"start":{"line":470,"column":16},"end":{"line":470,"column":37}},"type":"default-arg","locations":[{"start":{"line":470,"column":26},"end":{"line":470,"column":37}}],"line":470},"40":{"loc":{"start":{"line":484,"column":20},"end":{"line":501,"column":21}},"type":"if","locations":[{"start":{"line":484,"column":20},"end":{"line":501,"column":21}},{"start":{},"end":{}}],"line":484},"41":{"loc":{"start":{"line":485,"column":24},"end":{"line":488,"column":49}},"type":"binary-expr","locations":[{"start":{"line":485,"column":24},"end":{"line":485,"column":35}},{"start":{"line":486,"column":24},"end":{"line":486,"column":48}},{"start":{"line":487,"column":24},"end":{"line":487,"column":35}},{"start":{"line":488,"column":24},"end":{"line":488,"column":49}}],"line":485},"42":{"loc":{"start":{"line":490,"column":24},"end":{"line":500,"column":25}},"type":"if","locations":[{"start":{"line":490,"column":24},"end":{"line":500,"column":25}},{"start":{},"end":{}}],"line":490},"43":{"loc":{"start":{"line":491,"column":28},"end":{"line":499,"column":29}},"type":"if","locations":[{"start":{"line":491,"column":28},"end":{"line":499,"column":29}},{"start":{},"end":{}}],"line":491},"44":{"loc":{"start":{"line":492,"column":32},"end":{"line":498,"column":33}},"type":"if","locations":[{"start":{"line":492,"column":32},"end":{"line":498,"column":33}},{"start":{},"end":{}}],"line":492},"45":{"loc":{"start":{"line":493,"column":36},"end":{"line":494,"column":70}},"type":"binary-expr","locations":[{"start":{"line":493,"column":36},"end":{"line":493,"column":49}},{"start":{"line":494,"column":36},"end":{"line":494,"column":70}}],"line":493},"46":{"loc":{"start":{"line":529,"column":36},"end":{"line":531,"column":64}},"type":"cond-expr","locations":[{"start":{"line":530,"column":42},"end":{"line":530,"column":69}},{"start":{"line":531,"column":42},"end":{"line":531,"column":64}}],"line":529},"47":{"loc":{"start":{"line":756,"column":8},"end":{"line":762,"column":9}},"type":"if","locations":[{"start":{"line":756,"column":8},"end":{"line":762,"column":9}},{"start":{"line":760,"column":15},"end":{"line":762,"column":9}}],"line":756},"48":{"loc":{"start":{"line":769,"column":12},"end":{"line":780,"column":13}},"type":"if","locations":[{"start":{"line":769,"column":12},"end":{"line":780,"column":13}},{"start":{"line":776,"column":19},"end":{"line":780,"column":13}}],"line":769},"49":{"loc":{"start":{"line":772,"column":16},"end":{"line":775,"column":17}},"type":"if","locations":[{"start":{"line":772,"column":16},"end":{"line":775,"column":17}},{"start":{},"end":{}}],"line":772},"50":{"loc":{"start":{"line":776,"column":19},"end":{"line":780,"column":13}},"type":"if","locations":[{"start":{"line":776,"column":19},"end":{"line":780,"column":13}},{"start":{},"end":{}}],"line":776},"51":{"loc":{"start":{"line":786,"column":8},"end":{"line":804,"column":9}},"type":"if","locations":[{"start":{"line":786,"column":8},"end":{"line":804,"column":9}},{"start":{"line":801,"column":15},"end":{"line":804,"column":9}}],"line":786},"52":{"loc":{"start":{"line":788,"column":12},"end":{"line":800,"column":13}},"type":"if","locations":[{"start":{"line":788,"column":12},"end":{"line":800,"column":13}},{"start":{"line":794,"column":19},"end":{"line":800,"column":13}}],"line":788},"53":{"loc":{"start":{"line":788,"column":16},"end":{"line":788,"column":58}},"type":"binary-expr","locations":[{"start":{"line":788,"column":16},"end":{"line":788,"column":29}},{"start":{"line":788,"column":33},"end":{"line":788,"column":58}}],"line":788},"54":{"loc":{"start":{"line":791,"column":16},"end":{"line":793,"column":17}},"type":"if","locations":[{"start":{"line":791,"column":16},"end":{"line":793,"column":17}},{"start":{},"end":{}}],"line":791},"55":{"loc":{"start":{"line":791,"column":20},"end":{"line":791,"column":77}},"type":"binary-expr","locations":[{"start":{"line":791,"column":20},"end":{"line":791,"column":30}},{"start":{"line":791,"column":34},"end":{"line":791,"column":54}},{"start":{"line":791,"column":58},"end":{"line":791,"column":77}}],"line":791},"56":{"loc":{"start":{"line":794,"column":19},"end":{"line":800,"column":13}},"type":"if","locations":[{"start":{"line":794,"column":19},"end":{"line":800,"column":13}},{"start":{"line":797,"column":19},"end":{"line":800,"column":13}}],"line":794},"57":{"loc":{"start":{"line":797,"column":19},"end":{"line":800,"column":13}},"type":"if","locations":[{"start":{"line":797,"column":19},"end":{"line":800,"column":13}},{"start":{},"end":{}}],"line":797},"58":{"loc":{"start":{"line":801,"column":15},"end":{"line":804,"column":9}},"type":"if","locations":[{"start":{"line":801,"column":15},"end":{"line":804,"column":9}},{"start":{},"end":{}}],"line":801},"59":{"loc":{"start":{"line":801,"column":19},"end":{"line":801,"column":54}},"type":"binary-expr","locations":[{"start":{"line":801,"column":19},"end":{"line":801,"column":33}},{"start":{"line":801,"column":37},"end":{"line":801,"column":54}}],"line":801}},"s":{"0":0,"1":0,"2":0,"3":0,"4":0,"5":0,"6":0,"7":0,"8":0,"9":0,"10":0,"11":0,"12":0,"13":0,"14":0,"15":0,"16":0,"17":0,"18":0,"19":0,"20":0,"21":0,"22":0,"23":0,"24":0,"25":0,"26":0,"27":0,"28":0,"29":0,"30":0,"31":0,"32":0,"33":0,"34":0,"35":0,"36":0,"37":0,"38":0,"39":0,"40":0,"41":0,"42":0,"43":0,"44":0,"45":0,"46":0,"47":0,"48":0,"49":0,"50":0,"51":0,"52":0,"53":0,"54":0,"55":0,"56":0,"57":0,"58":0,"59":0,"60":0,"61":0,"62":0,"63":0,"64":0,"65":0,"66":0,"67":0,"68":0,"69":0,"70":0,"71":0,"72":0,"73":0,"74":0,"75":0,"76":0,"77":0,"78":0,"79":0,"80":0,"81":0,"82":0,"83":0,"84":0,"85":0,"86":0,"87":0,"88":0,"89":0,"90":0,"91":0,"92":0,"93":0,"94":0,"95":0,"96":0,"97":0,"98":0,"99":0,"100":0,"101":0,"102":0,"103":0,"104":0,"105":0,"106":0,"107":0,"108":0,"109":0,"110":0,"111":0,"112":0,"113":0,"114":0,"115":0,"116":0,"117":0,"118":0,"119":0,"120":0,"121":0,"122":0,"123":0,"124":0,"125":0,"126":0,"127":0,"128":0,"129":0,"130":0,"131":0,"132":0,"133":0,"134":0,"135":0,"136":0,"137":0,"138":0,"139":0,"140":0,"141":0,"142":0,"143":0,"144":0,"145":0,"146":0,"147":0,"148":0,"149":0,"150":0,"151":0,"152":0,"153":0,"154":0,"155":0,"156":0,"157":0,"158":0,"159":0,"160":0,"161":0,"162":0,"163":0,"164":0,"165":0,"166":0,"167":0,"168":0,"169":0,"170":0,"171":0,"172":0,"173":0,"174":0,"175":0,"176":0,"177":0,"178":0,"179":0,"180":0,"181":0,"182":0,"183":0,"184":0,"185":0,"186":0,"187":0,"188":0,"189":0,"190":0,"191":0,"192":0,"193":0,"194":0,"195":0,"196":0,"197":0,"198":0,"199":0,"200":0,"201":0,"202":0,"203":0,"204":0,"205":0,"206":0,"207":0,"208":0,"209":0,"210":0,"211":0,"212":0,"213":0,"214":0,"215":0,"216":0,"217":0,"218":0,"219":0,"220":0,"221":0,"222":0,"223":0,"224":0,"225":0,"226":0,"227":0,"228":0,"229":0,"230":0,"231":0,"232":0,"233":0,"234":0,"235":0,"236":0,"237":0,"238":0,"239":0,"240":0,"241":0,"242":0,"243":0,"244":0,"245":0,"246":0,"247":0,"248":0,"249":0,"250":0,"251":0,"252":0,"253":0,"254":0,"255":0,"256":0,"257":0,"258":0,"259":0,"260":0,"261":0,"262":0,"263":0,"264":0,"265":0,"266":0,"267":0,"268":0,"269":0,"270":0,"271":0,"272":0,"273":0,"274":0,"275":0,"276":0,"277":0,"278":0,"279":0,"280":0,"281":0,"282":0,"283":0,"284":0,"285":0,"286":0,"287":0,"288":0,"289":0,"290":0,"291":0,"292":0,"293":0,"294":0,"295":0,"296":0,"297":0,"298":0,"299":0,"300":0,"301":0,"302":0,"303":0,"304":0,"305":0,"306":0,"307":0,"308":0,"309":0,"310":0,"311":0,"312":0,"313":0,"314":0,"315":0,"316":0,"317":0,"318":0,"319":0,"320":0,"321":0,"322":0,"323":0,"324":0,"325":0,"326":0,"327":0,"328":0,"329":0,"330":0,"331":0,"332":0,"333":0,"334":0,"335":0,"336":0,"337":0,"338":0,"339":0,"340":0,"341":0,"342":0,"343":0,"344":0,"345":0,"346":0,"347":0,"348":0,"349":0,"350":0,"351":0,"352":0,"353":0,"354":0,"355":0,"356":0,"357":0,"358":0,"359":0,"360":0,"361":0,"362":0,"363":0,"364":0,"365":0,"366":0,"367":0,"368":0,"369":0,"370":0,"371":0,"372":0,"373":0,"374":0,"375":0,"376":0,"377":0,"378":0,"379":0,"380":0,"381":0,"382":0,"383":0,"384":0,"385":0,"386":0,"387":0,"388":0},"f":{"0":0,"1":0,"2":0,"3":0,"4":0,"5":0,"6":0,"7":0,"8":0,"9":0,"10":0,"11":0,"12":0,"13":0,"14":0,"15":0,"16":0,"17":0,"18":0,"19":0,"20":0,"21":0,"22":0,"23":0,"24":0,"25":0,"26":0,"27":0,"28":0,"29":0,"30":0,"31":0,"32":0,"33":0,"34":0,"35":0,"36":0,"37":0,"38":0,"39":0,"40":0,"41":0,"42":0,"43":0,"44":0,"45":0,"46":0,"47":0,"48":0,"49":0,"50":0,"51":0,"52":0,"53":0,"54":0,"55":0,"56":0,"57":0,"58":0,"59":0,"60":0,"61":0,"62":0,"63":0,"64":0,"65":0,"66":0,"67":0,"68":0,"69":0,"70":0,"71":0,"72":0,"73":0,"74":0,"75":0,"76":0,"77":0,"78":0,"79":0,"80":0,"81":0,"82":0,"83":0,"84":0,"85":0,"86":0,"87":0},"b":{"0":[0,0],"1":[0,0],"2":[0,0],"3":[0,0],"4":[0,0],"5":[0,0],"6":[0,0],"7":[0,0],"8":[0,0],"9":[0,0],"10":[0,0],"11":[0,0],"12":[0,0],"13":[0,0],"14":[0,0],"15":[0,0],"16":[0,0],"17":[0,0],"18":[0,0],"19":[0,0],"20":[0,0],"21":[0,0],"22":[0,0],"23":[0,0],"24":[0,0],"25":[0,0],"26":[0,0],"27":[0,0],"28":[0,0],"29":[0,0],"30":[0,0],"31":[0,0],"32":[0,0],"33":[0,0],"34":[0,0],"35":[0,0],"36":[0,0],"37":[0,0],"38":[0,0],"39":[0],"40":[0,0],"41":[0,0,0,0],"42":[0,0],"43":[0,0],"44":[0,0],"45":[0,0],"46":[0,0],"47":[0,0],"48":[0,0],"49":[0,0],"50":[0,0],"51":[0,0],"52":[0,0],"53":[0,0],"54":[0,0],"55":[0,0,0],"56":[0,0],"57":[0,0],"58":[0,0],"59":[0,0]}}
,"D:\\Documents\\Web Projects\\flappy-bird\\src\\JS\\JS Components\\Interface.js": {"path":"D:\\Documents\\Web Projects\\flappy-bird\\src\\JS\\JS Components\\Interface.js","statementMap":{"0":{"start":{"line":13,"column":8},"end":{"line":13,"column":23}},"1":{"start":{"line":14,"column":8},"end":{"line":14,"column":38}},"2":{"start":{"line":15,"column":8},"end":{"line":15,"column":36}},"3":{"start":{"line":16,"column":8},"end":{"line":16,"column":37}},"4":{"start":{"line":18,"column":8},"end":{"line":18,"column":43}},"5":{"start":{"line":19,"column":8},"end":{"line":19,"column":39}},"6":{"start":{"line":21,"column":8},"end":{"line":25,"column":11}},"7":{"start":{"line":27,"column":8},"end":{"line":27,"column":44}},"8":{"start":{"line":29,"column":8},"end":{"line":31,"column":10}},"9":{"start":{"line":30,"column":22},"end":{"line":30,"column":55}},"10":{"start":{"line":33,"column":8},"end":{"line":35,"column":10}},"11":{"start":{"line":34,"column":22},"end":{"line":34,"column":59}},"12":{"start":{"line":37,"column":8},"end":{"line":37,"column":35}},"13":{"start":{"line":39,"column":8},"end":{"line":39,"column":28}},"14":{"start":{"line":40,"column":8},"end":{"line":40,"column":62}},"15":{"start":{"line":43,"column":19},"end":{"line":100,"column":5}},"16":{"start":{"line":44,"column":8},"end":{"line":44,"column":79}},"17":{"start":{"line":45,"column":8},"end":{"line":45,"column":70}},"18":{"start":{"line":59,"column":12},"end":{"line":59,"column":70}},"19":{"start":{"line":66,"column":12},"end":{"line":66,"column":66}},"20":{"start":{"line":68,"column":24},"end":{"line":84,"column":9}},"21":{"start":{"line":86,"column":8},"end":{"line":91,"column":11}},"22":{"start":{"line":87,"column":38},"end":{"line":87,"column":68}},"23":{"start":{"line":89,"column":12},"end":{"line":89,"column":73}},"24":{"start":{"line":90,"column":12},"end":{"line":90,"column":66}},"25":{"start":{"line":92,"column":8},"end":{"line":97,"column":11}},"26":{"start":{"line":93,"column":38},"end":{"line":93,"column":68}},"27":{"start":{"line":95,"column":12},"end":{"line":95,"column":73}},"28":{"start":{"line":96,"column":12},"end":{"line":96,"column":66}},"29":{"start":{"line":99,"column":8},"end":{"line":99,"column":57}},"30":{"start":{"line":102,"column":30},"end":{"line":166,"column":5}},"31":{"start":{"line":115,"column":12},"end":{"line":115,"column":70}},"32":{"start":{"line":115,"column":45},"end":{"line":115,"column":69}},"33":{"start":{"line":122,"column":12},"end":{"line":122,"column":66}},"34":{"start":{"line":122,"column":41},"end":{"line":122,"column":65}},"35":{"start":{"line":125,"column":22},"end":{"line":125,"column":33}},"36":{"start":{"line":126,"column":22},"end":{"line":126,"column":33}},"37":{"start":{"line":128,"column":22},"end":{"line":164,"column":9}},"38":{"start":{"line":165,"column":8},"end":{"line":165,"column":69}},"39":{"start":{"line":165,"column":40},"end":{"line":165,"column":67}},"40":{"start":{"line":168,"column":14},"end":{"line":170,"column":5}},"41":{"start":{"line":169,"column":8},"end":{"line":169,"column":61}},"42":{"start":{"line":172,"column":19},"end":{"line":177,"column":5}},"43":{"start":{"line":173,"column":8},"end":{"line":176,"column":11}},"44":{"start":{"line":174,"column":25},"end":{"line":174,"column":49}},"45":{"start":{"line":175,"column":12},"end":{"line":175,"column":31}},"46":{"start":{"line":179,"column":21},"end":{"line":198,"column":5}},"47":{"start":{"line":184,"column":8},"end":{"line":197,"column":10}},"48":{"start":{"line":188,"column":16},"end":{"line":188,"column":33}},"49":{"start":{"line":189,"column":16},"end":{"line":189,"column":39}},"50":{"start":{"line":192,"column":16},"end":{"line":195,"column":17}},"51":{"start":{"line":193,"column":20},"end":{"line":193,"column":36}},"52":{"start":{"line":194,"column":20},"end":{"line":194,"column":50}},"53":{"start":{"line":200,"column":15},"end":{"line":202,"column":5}},"54":{"start":{"line":201,"column":8},"end":{"line":201,"column":31}},"55":{"start":{"line":204,"column":15},"end":{"line":208,"column":5}},"56":{"start":{"line":205,"column":8},"end":{"line":207,"column":11}},"57":{"start":{"line":206,"column":12},"end":{"line":206,"column":37}},"58":{"start":{"line":210,"column":24},"end":{"line":213,"column":5}},"59":{"start":{"line":211,"column":21},"end":{"line":211,"column":51}},"60":{"start":{"line":212,"column":8},"end":{"line":212,"column":35}},"61":{"start":{"line":215,"column":15},"end":{"line":218,"column":5}},"62":{"start":{"line":216,"column":21},"end":{"line":216,"column":39}},"63":{"start":{"line":217,"column":8},"end":{"line":217,"column":27}},"64":{"start":{"line":220,"column":15},"end":{"line":223,"column":5}},"65":{"start":{"line":221,"column":21},"end":{"line":221,"column":39}},"66":{"start":{"line":222,"column":8},"end":{"line":222,"column":27}},"67":{"start":{"line":225,"column":14},"end":{"line":225,"column":48}},"68":{"start":{"line":225,"column":24},"end":{"line":225,"column":48}},"69":{"start":{"line":227,"column":18},"end":{"line":233,"column":5}},"70":{"start":{"line":228,"column":8},"end":{"line":232,"column":10}},"71":{"start":{"line":230,"column":16},"end":{"line":230,"column":36}},"72":{"start":{"line":235,"column":18},"end":{"line":241,"column":5}},"73":{"start":{"line":236,"column":8},"end":{"line":240,"column":10}},"74":{"start":{"line":238,"column":16},"end":{"line":238,"column":41}},"75":{"start":{"line":243,"column":21},"end":{"line":248,"column":5}},"76":{"start":{"line":244,"column":8},"end":{"line":246,"column":9}},"77":{"start":{"line":245,"column":12},"end":{"line":245,"column":48}},"78":{"start":{"line":247,"column":8},"end":{"line":247,"column":39}},"79":{"start":{"line":250,"column":21},"end":{"line":255,"column":5}},"80":{"start":{"line":251,"column":8},"end":{"line":253,"column":9}},"81":{"start":{"line":252,"column":12},"end":{"line":252,"column":48}},"82":{"start":{"line":254,"column":8},"end":{"line":254,"column":39}},"83":{"start":{"line":257,"column":20},"end":{"line":264,"column":5}},"84":{"start":{"line":258,"column":8},"end":{"line":263,"column":54}},"85":{"start":{"line":263,"column":28},"end":{"line":263,"column":52}},"86":{"start":{"line":265,"column":20},"end":{"line":272,"column":5}},"87":{"start":{"line":266,"column":8},"end":{"line":271,"column":54}},"88":{"start":{"line":271,"column":28},"end":{"line":271,"column":52}}},"fnMap":{"0":{"name":"(anonymous_0)","decl":{"start":{"line":6,"column":4},"end":{"line":6,"column":5}},"loc":{"start":{"line":12,"column":6},"end":{"line":41,"column":5}},"line":12},"1":{"name":"(anonymous_1)","decl":{"start":{"line":30,"column":12},"end":{"line":30,"column":13}},"loc":{"start":{"line":30,"column":22},"end":{"line":30,"column":55}},"line":30},"2":{"name":"(anonymous_2)","decl":{"start":{"line":34,"column":12},"end":{"line":34,"column":13}},"loc":{"start":{"line":34,"column":22},"end":{"line":34,"column":59}},"line":34},"3":{"name":"(anonymous_3)","decl":{"start":{"line":43,"column":19},"end":{"line":43,"column":20}},"loc":{"start":{"line":43,"column":25},"end":{"line":100,"column":5}},"line":43},"4":{"name":"(anonymous_4)","decl":{"start":{"line":86,"column":35},"end":{"line":86,"column":36}},"loc":{"start":{"line":86,"column":51},"end":{"line":91,"column":9}},"line":86},"5":{"name":"(anonymous_5)","decl":{"start":{"line":92,"column":31},"end":{"line":92,"column":32}},"loc":{"start":{"line":92,"column":47},"end":{"line":97,"column":9}},"line":92},"6":{"name":"(anonymous_6)","decl":{"start":{"line":102,"column":30},"end":{"line":102,"column":31}},"loc":{"start":{"line":102,"column":47},"end":{"line":166,"column":5}},"line":102},"7":{"name":"(anonymous_7)","decl":{"start":{"line":115,"column":35},"end":{"line":115,"column":36}},"loc":{"start":{"line":115,"column":45},"end":{"line":115,"column":69}},"line":115},"8":{"name":"(anonymous_8)","decl":{"start":{"line":122,"column":31},"end":{"line":122,"column":32}},"loc":{"start":{"line":122,"column":41},"end":{"line":122,"column":65}},"line":122},"9":{"name":"(anonymous_9)","decl":{"start":{"line":165,"column":22},"end":{"line":165,"column":23}},"loc":{"start":{"line":165,"column":40},"end":{"line":165,"column":67}},"line":165},"10":{"name":"(anonymous_10)","decl":{"start":{"line":168,"column":14},"end":{"line":168,"column":15}},"loc":{"start":{"line":168,"column":38},"end":{"line":170,"column":5}},"line":168},"11":{"name":"(anonymous_11)","decl":{"start":{"line":172,"column":19},"end":{"line":172,"column":20}},"loc":{"start":{"line":172,"column":28},"end":{"line":177,"column":5}},"line":172},"12":{"name":"(anonymous_12)","decl":{"start":{"line":173,"column":62},"end":{"line":173,"column":63}},"loc":{"start":{"line":173,"column":72},"end":{"line":176,"column":9}},"line":173},"13":{"name":"(anonymous_13)","decl":{"start":{"line":179,"column":21},"end":{"line":179,"column":22}},"loc":{"start":{"line":183,"column":9},"end":{"line":198,"column":5}},"line":183},"14":{"name":"(anonymous_14)","decl":{"start":{"line":187,"column":12},"end":{"line":187,"column":13}},"loc":{"start":{"line":187,"column":21},"end":{"line":190,"column":13}},"line":187},"15":{"name":"(anonymous_15)","decl":{"start":{"line":191,"column":12},"end":{"line":191,"column":13}},"loc":{"start":{"line":191,"column":18},"end":{"line":196,"column":13}},"line":191},"16":{"name":"(anonymous_16)","decl":{"start":{"line":200,"column":15},"end":{"line":200,"column":16}},"loc":{"start":{"line":200,"column":24},"end":{"line":202,"column":5}},"line":200},"17":{"name":"(anonymous_17)","decl":{"start":{"line":204,"column":15},"end":{"line":204,"column":16}},"loc":{"start":{"line":204,"column":24},"end":{"line":208,"column":5}},"line":204},"18":{"name":"(anonymous_18)","decl":{"start":{"line":205,"column":62},"end":{"line":205,"column":63}},"loc":{"start":{"line":205,"column":72},"end":{"line":207,"column":9}},"line":205},"19":{"name":"(anonymous_19)","decl":{"start":{"line":210,"column":24},"end":{"line":210,"column":25}},"loc":{"start":{"line":210,"column":50},"end":{"line":213,"column":5}},"line":210},"20":{"name":"(anonymous_20)","decl":{"start":{"line":215,"column":15},"end":{"line":215,"column":16}},"loc":{"start":{"line":215,"column":41},"end":{"line":218,"column":5}},"line":215},"21":{"name":"(anonymous_21)","decl":{"start":{"line":220,"column":15},"end":{"line":220,"column":16}},"loc":{"start":{"line":220,"column":41},"end":{"line":223,"column":5}},"line":220},"22":{"name":"(anonymous_22)","decl":{"start":{"line":225,"column":14},"end":{"line":225,"column":15}},"loc":{"start":{"line":225,"column":24},"end":{"line":225,"column":48}},"line":225},"23":{"name":"(anonymous_23)","decl":{"start":{"line":227,"column":18},"end":{"line":227,"column":19}},"loc":{"start":{"line":227,"column":27},"end":{"line":233,"column":5}},"line":227},"24":{"name":"(anonymous_24)","decl":{"start":{"line":229,"column":12},"end":{"line":229,"column":13}},"loc":{"start":{"line":229,"column":22},"end":{"line":231,"column":13}},"line":229},"25":{"name":"(anonymous_25)","decl":{"start":{"line":235,"column":18},"end":{"line":235,"column":19}},"loc":{"start":{"line":235,"column":27},"end":{"line":241,"column":5}},"line":235},"26":{"name":"(anonymous_26)","decl":{"start":{"line":237,"column":12},"end":{"line":237,"column":13}},"loc":{"start":{"line":237,"column":22},"end":{"line":239,"column":13}},"line":237},"27":{"name":"(anonymous_27)","decl":{"start":{"line":243,"column":21},"end":{"line":243,"column":22}},"loc":{"start":{"line":243,"column":30},"end":{"line":248,"column":5}},"line":243},"28":{"name":"(anonymous_28)","decl":{"start":{"line":250,"column":21},"end":{"line":250,"column":22}},"loc":{"start":{"line":250,"column":30},"end":{"line":255,"column":5}},"line":250},"29":{"name":"(anonymous_29)","decl":{"start":{"line":257,"column":20},"end":{"line":257,"column":21}},"loc":{"start":{"line":257,"column":29},"end":{"line":264,"column":5}},"line":257},"30":{"name":"(anonymous_30)","decl":{"start":{"line":263,"column":18},"end":{"line":263,"column":19}},"loc":{"start":{"line":263,"column":28},"end":{"line":263,"column":52}},"line":263},"31":{"name":"(anonymous_31)","decl":{"start":{"line":265,"column":20},"end":{"line":265,"column":21}},"loc":{"start":{"line":265,"column":29},"end":{"line":272,"column":5}},"line":265},"32":{"name":"(anonymous_32)","decl":{"start":{"line":271,"column":18},"end":{"line":271,"column":19}},"loc":{"start":{"line":271,"column":28},"end":{"line":271,"column":52}},"line":271}},"branchMap":{"0":{"loc":{"start":{"line":180,"column":8},"end":{"line":180,"column":22}},"type":"default-arg","locations":[{"start":{"line":180,"column":14},"end":{"line":180,"column":22}}],"line":180},"1":{"loc":{"start":{"line":181,"column":8},"end":{"line":181,"column":43}},"type":"default-arg","locations":[{"start":{"line":181,"column":31},"end":{"line":181,"column":43}}],"line":181},"2":{"loc":{"start":{"line":192,"column":16},"end":{"line":195,"column":17}},"type":"if","locations":[{"start":{"line":192,"column":16},"end":{"line":195,"column":17}},{"start":{},"end":{}}],"line":192},"3":{"loc":{"start":{"line":215,"column":22},"end":{"line":215,"column":36}},"type":"default-arg","locations":[{"start":{"line":215,"column":28},"end":{"line":215,"column":36}}],"line":215},"4":{"loc":{"start":{"line":220,"column":22},"end":{"line":220,"column":36}},"type":"default-arg","locations":[{"start":{"line":220,"column":28},"end":{"line":220,"column":36}}],"line":220},"5":{"loc":{"start":{"line":244,"column":8},"end":{"line":246,"column":9}},"type":"if","locations":[{"start":{"line":244,"column":8},"end":{"line":246,"column":9}},{"start":{},"end":{}}],"line":244},"6":{"loc":{"start":{"line":251,"column":8},"end":{"line":253,"column":9}},"type":"if","locations":[{"start":{"line":251,"column":8},"end":{"line":253,"column":9}},{"start":{},"end":{}}],"line":251}},"s":{"0":0,"1":0,"2":0,"3":0,"4":0,"5":0,"6":0,"7":0,"8":0,"9":0,"10":0,"11":0,"12":0,"13":0,"14":0,"15":0,"16":0,"17":0,"18":0,"19":0,"20":0,"21":0,"22":0,"23":0,"24":0,"25":0,"26":0,"27":0,"28":0,"29":0,"30":0,"31":0,"32":0,"33":0,"34":0,"35":0,"36":0,"37":0,"38":0,"39":0,"40":0,"41":0,"42":0,"43":0,"44":0,"45":0,"46":0,"47":0,"48":0,"49":0,"50":0,"51":0,"52":0,"53":0,"54":0,"55":0,"56":0,"57":0,"58":0,"59":0,"60":0,"61":0,"62":0,"63":0,"64":0,"65":0,"66":0,"67":0,"68":0,"69":0,"70":0,"71":0,"72":0,"73":0,"74":0,"75":0,"76":0,"77":0,"78":0,"79":0,"80":0,"81":0,"82":0,"83":0,"84":0,"85":0,"86":0,"87":0,"88":0},"f":{"0":0,"1":0,"2":0,"3":0,"4":0,"5":0,"6":0,"7":0,"8":0,"9":0,"10":0,"11":0,"12":0,"13":0,"14":0,"15":0,"16":0,"17":0,"18":0,"19":0,"20":0,"21":0,"22":0,"23":0,"24":0,"25":0,"26":0,"27":0,"28":0,"29":0,"30":0,"31":0,"32":0},"b":{"0":[0],"1":[0],"2":[0,0],"3":[0],"4":[0],"5":[0,0],"6":[0,0]}}
,"D:\\Documents\\Web Projects\\flappy-bird\\src\\JS\\JS Components\\KeyService.js": {"path":"D:\\Documents\\Web Projects\\flappy-bird\\src\\JS\\JS Components\\KeyService.js","statementMap":{"0":{"start":{"line":3,"column":8},"end":{"line":3,"column":36}},"1":{"start":{"line":4,"column":8},"end":{"line":4,"column":34}},"2":{"start":{"line":6,"column":8},"end":{"line":6,"column":34}},"3":{"start":{"line":7,"column":8},"end":{"line":7,"column":36}},"4":{"start":{"line":10,"column":21},"end":{"line":14,"column":5}},"5":{"start":{"line":11,"column":8},"end":{"line":13,"column":11}},"6":{"start":{"line":12,"column":12},"end":{"line":12,"column":56}},"7":{"start":{"line":16,"column":24},"end":{"line":20,"column":5}},"8":{"start":{"line":17,"column":8},"end":{"line":19,"column":11}},"9":{"start":{"line":18,"column":12},"end":{"line":18,"column":59}},"10":{"start":{"line":22,"column":20},"end":{"line":24,"column":5}},"11":{"start":{"line":23,"column":8},"end":{"line":23,"column":43}},"12":{"start":{"line":26,"column":18},"end":{"line":40,"column":5}},"13":{"start":{"line":27,"column":25},"end":{"line":27,"column":27}},"14":{"start":{"line":28,"column":8},"end":{"line":30,"column":9}},"15":{"start":{"line":29,"column":12},"end":{"line":29,"column":19}},"16":{"start":{"line":31,"column":8},"end":{"line":31,"column":28}},"17":{"start":{"line":33,"column":25},"end":{"line":33,"column":54}},"18":{"start":{"line":35,"column":8},"end":{"line":37,"column":9}},"19":{"start":{"line":36,"column":12},"end":{"line":36,"column":19}},"20":{"start":{"line":38,"column":8},"end":{"line":38,"column":42}},"21":{"start":{"line":39,"column":8},"end":{"line":39,"column":44}},"22":{"start":{"line":42,"column":23},"end":{"line":48,"column":5}},"23":{"start":{"line":43,"column":8},"end":{"line":43,"column":49}},"24":{"start":{"line":45,"column":8},"end":{"line":47,"column":11}},"25":{"start":{"line":46,"column":12},"end":{"line":46,"column":65}},"26":{"start":{"line":50,"column":26},"end":{"line":54,"column":5}},"27":{"start":{"line":51,"column":8},"end":{"line":53,"column":11}},"28":{"start":{"line":52,"column":12},"end":{"line":52,"column":68}},"29":{"start":{"line":56,"column":23},"end":{"line":69,"column":5}},"30":{"start":{"line":57,"column":8},"end":{"line":57,"column":52}},"31":{"start":{"line":57,"column":45},"end":{"line":57,"column":52}},"32":{"start":{"line":59,"column":8},"end":{"line":59,"column":27}},"33":{"start":{"line":61,"column":27},"end":{"line":61,"column":57}},"34":{"start":{"line":63,"column":8},"end":{"line":65,"column":9}},"35":{"start":{"line":64,"column":12},"end":{"line":64,"column":57}},"36":{"start":{"line":66,"column":25},"end":{"line":66,"column":55}},"37":{"start":{"line":68,"column":8},"end":{"line":68,"column":58}}},"fnMap":{"0":{"name":"(anonymous_0)","decl":{"start":{"line":2,"column":4},"end
[...]
ymous_9)","decl":{"start":{"line":112,"column":18},"end":{"line":112,"column":19}},"loc":{"start":{"line":112,"column":31},"end":{"line":161,"column":5}},"line":112},"10":{"name":"(anonymous_10)","decl":{"start":{"line":140,"column":28},"end":{"line":140,"column":29}},"loc":{"start":{"line":140,"column":43},"end":{"line":152,"column":13}},"line":140}},"branchMap":{"0":{"loc":{"start":{"line":39,"column":8},"end":{"line":39,"column":52}},"type":"if","locations":[{"start":{"line":39,"column":8},"end":{"line":39,"column":52}},{"start":{},"end":{}}],"line":39},"1":{"loc":{"start":{"line":39,"column":12},"end":{"line":39,"column":37}},"type":"binary-expr","locations":[{"start":{"line":39,"column":12},"end":{"line":39,"column":19}},{"start":{"line":39,"column":23},"end":{"line":39,"column":37}}],"line":39},"2":{"loc":{"start":{"line":41,"column":8},"end":{"line":48,"column":9}},"type":"if","locations":[{"start":{"line":41,"column":8},"end":{"line":48,"column":9}},{"start":{},"end":{}}],"line":41},"3":{"loc":{"start":{"line":42,"column":12},"end":{"line":44,"column":46}},"type":"binary-expr","locations":[{"start":{"line":42,"column":12},"end":{"line":43,"column":75}},{"start":{"line":44,"column":12},"end":{"line":44,"column":46}}],"line":42},"4":{"loc":{"start":{"line":53,"column":17},"end":{"line":53,"column":40}},"type":"default-arg","locations":[{"start":{"line":53,"column":25},"end":{"line":53,"column":40}}],"line":53},"5":{"loc":{"start":{"line":54,"column":8},"end":{"line":54,"column":46}},"type":"if","locations":[{"start":{"line":54,"column":8},"end":{"line":54,"column":46}},{"start":{},"end":{}}],"line":54},"6":{"loc":{"start":{"line":59,"column":8},"end":{"line":64,"column":9}},"type":"if","locations":[{"start":{"line":59,"column":8},"end":{"line":64,"column":9}},{"start":{"line":62,"column":15},"end":{"line":64,"column":9}}],"line":59},"7":{"loc":{"start":{"line":77,"column":8},"end":{"line":93,"column":9}},"type":"if","locations":[{"start":{"line":77,"column":8},"end":{"line":93,"column":9}},{"start":{"line":85,"column":15},"end":{"line":93,"column":9}}],"line":77},"8":{"loc":{"start":{"line":77,"column":12},"end":{"line":77,"column":50}},"type":"binary-expr","locations":[{"start":{"line":77,"column":12},"end":{"line":77,"column":26}},{"start":{"line":77,"column":30},"end":{"line":77,"column":50}}],"line":77},"9":{"loc":{"start":{"line":100,"column":25},"end":{"line":100,"column":48}},"type":"default-arg","locations":[{"start":{"line":100,"column":33},"end":{"line":100,"column":48}}],"line":100},"10":{"loc":{"start":{"line":101,"column":8},"end":{"line":101,"column":58}},"type":"if","locations":[{"start":{"line":101,"column":8},"end":{"line":101,"column":58}},{"start":{},"end":{}}],"line":101},"11":{"loc":{"start":{"line":115,"column":12},"end":{"line":117,"column":13}},"type":"if","locations":[{"start":{"line":115,"column":12},"end":{"line":117,"column":13}},{"start":{},"end":{}}],"line":115},"12":{"loc":{"start":{"line":119,"column":12},"end":{"line":130,"column":13}},"type":"if","locations":[{"start":{"line":119,"column":12},"end":{"line":130,"column":13}},{"start":{"line":125,"column":17},"end":{"line":130,"column":13}}],"line":119}},"s":{"0":4,"1":4,"2":4,"3":4,"4":4,"5":4,"6":4,"7":4,"8":4,"9":4,"10":4,"11":4,"12":40,"13":4,"14":4,"15":4,"16":4,"17":5,"18":3,"19":2,"20":1,"21":1,"22":1,"23":4,"24":42,"25":3,"26":39,"27":4,"28":12,"29":11,"30":11,"31":1,"32":4,"33":0,"34":0,"35":0,"36":0,"37":0,"38":4,"39":6,"40":4,"41":0,"42":0,"43":0,"44":0,"45":0,"46":0,"47":0,"48":4,"49":0,"50":0,"51":0,"52":0,"53":0,"54":0,"55":0,"56":0,"57":0,"58":0,"59":0,"60":0,"61":0,"62":0,"63":0},"f":{"0":4,"1":4,"2":5,"3":42,"4":12,"5":0,"6":6,"7":0,"8":0,"9":0,"10":0},"b":{"0":[3,2],"1":[5,3],"2":[1,1],"3":[2,1],"4":[30],"5":[3,39],"6":[11,1],"7":[0,0],"8":[0,0],"9":[0],"10":[0,0],"11":[0,0],"12":[0,0]},"_coverageSchema":"1a1c01bbd47fc00a2c39e90264f33305004495a9","hash":"f06e40603851db0ac2546df5992b92d5f55597b8"}
,"D:\\Documents\\Web Projects\\flappy-bird\\src\\JS\\JS Components\\songFunctions.js": {"path":"D:\\Documents\\Web Projects\\flappy-bird\\src\\JS\\JS Components\\songFunctions.js","statementMap":{"0":{"start":{"line":2,"column":18},"end":{"line":2,"column":32}},"1":{"start":{"line":4,"column":4},"end":{"line":9,"column":7}},"2":{"start":{"line":5,"column":8},"end":{"line":7,"column":11}},"3":{"start":{"line":6,"column":12},"end":{"line":6,"column":23}},"4":{"start":{"line":8,"column":8},"end":{"line":8,"column":42}},"5":{"start":{"line":8,"column":20},"end":{"line":8,"column":42}}},"fnMap":{"0":{"name":"createSound","decl":{"start":{"line":1,"column":15},"end":{"line":1,"column":26}},"loc":{"start":{"line":1,"column":40},"end":{"line":10,"column":1}},"line":1},"1":{"name":"(anonymous_1)","decl":{"start":{"line":4,"column":23},"end":{"line":4,"column":24}},"loc":{"start":{"line":4,"column":32},"end":{"line":9,"column":5}},"line":4},"2":{"name":"(anonymous_2)","decl":{"start":{"line":5,"column":49},"end":{"line":5,"column":50}},"loc":{"start":{"line":5,"column":55},"end":{"line":7,"column":9}},"line":5}},"branchMap":{"0":{"loc":{"start":{"line":8,"column":8},"end":{"line":8,"column":42}},"type":"if","locations":[{"start":{"line":8,"column":8},"end":{"line":8,"column":42}},{"start":{},"end":{}}],"line":8}},"s":{"0":0,"1":0,"2":0,"3":0,"4":0,"5":0},"f":{"0":0,"1":0,"2":0},"b":{"0":[0,0]}}
,"D:\\Documents\\Web Projects\\flappy-bird\\src\\JS\\JS Components\\soundMaker.js": {"path":"D:\\Documents\\Web Projects\\flappy-bird\\src\\JS\\JS Components\\soundMaker.js","statementMap":{"0":{"start":{"line":3,"column":8},"end":{"line":3,"column":32}},"1":{"start":{"line":6,"column":15},"end":{"line":17,"column":5}},"2":{"start":{"line":7,"column":8},"end":{"line":16,"column":9}},"3":{"start":{"line":8,"column":12},"end":{"line":11,"column":18}},"4":{"start":{"line":9,"column":16},"end":{"line":11,"column":18}},"5":{"start":{"line":12,"column":12},"end":{"line":12,"column":46}},"6":{"start":{"line":12,"column":24},"end":{"line":12,"column":46}},"7":{"start":{"line":13,"column":12},"end":{"line":13,"column":47}},"8":{"start":{"line":15,"column":12},"end":{"line":15,"column":80}},"9":{"start":{"line":19,"column":15},"end":{"line":27,"column":5}},"10":{"start":{"line":20,"column":8},"end":{"line":26,"column":9}},"11":{"start":{"line":21,"column":12},"end":{"line":22,"column":60}},"12":{"start":{"line":22,"column":16},"end":{"line":22,"column":60}},"13":{"start":{"line":23,"column":12},"end":{"line":23,"column":41}},"14":{"start":{"line":25,"column":12},"end":{"line":25,"column":80}},"15":{"start":{"line":29,"column":16},"end":{"line":32,"column":5}},"16":{"start":{"line":30,"column":8},"end":{"line":30,"column":30}},"17":{"start":{"line":31,"column":8},"end":{"line":31,"column":21}},"18":{"start":{"line":34,"column":16},"end":{"line":37,"column":5}},"19":{"start":{"line":35,"column":8},"end":{"line":35,"column":30}},"20":{"start":{"line":36,"column":8},"end":{"line":36,"column":22}}},"fnMap":{"0":{"name":"(anonymous_0)","decl":{"start":{"line":2,"column":4},"end":{"line":2,"column":5}},"loc":{"start":{"line":2,"column":18},"end":{"line":4,"column":5}},"line":2},"1":{"name":"(anonymous_1)","decl":{"start":{"line":6,"column":15},"end":{"line":6,"column":16}},"loc":{"start":{"line":6,"column":46},"end":{"line":17,"column":5}},"line":6},"2":{"name":"(anonymous_2)","decl":{"start":{"line":19,"column":15},"end":{"line":19,"column":16}},"loc":{"start":{"line":19,"column":25},"end":{"line":27,"column":5}},"line":19},"3":{"name":"(anonymous_3)","decl":{"start":{"line":29,"column":16},"end":{"line":29,"column":17}},"loc":{"start":{"line":29,"column":27},"end":{"line":32,"column":5}},"line":29},"4":{"name":"(anonymous_4)","decl":{"start":{"line":34,"column":16},"end":{"line":34,"column":17}},"loc":{"start":{"line":34,"column":27},"end":{"line":37,"column":5}},"line":34}},"branchMap":{"0":{"loc":{"start":{"line":8,"column":12},"end":{"line":11,"column":18}},"type":"if","locations":[{"start":{"line":8,"column":12},"end":{"line":11,"column":18}},{"start":{},"end":{}}],"line":8},"1":{"loc":{"start":{"line":12,"column":12},"end":{"line":12,"column":46}},"type":"if","locations":[{"start":{"line":12,"column":12},"end":{"line":12,"column":46}},{"start":{},"end":{}}],"line":12},"2":{"loc":{"start":{"line":21,"column":12},"end":{"line":22,"column":60}},"type":"if","locations":[{"start":{"line":21,"column":12},"end":{"line":22,"column":60}},{"start":{},"end":{}}],"line":21}},"s":{"0":0,"1":0,"2":0,"3":0,"4":0,"5":0,"6":0,"7":0,"8":0,"9":0,"10":0,"11":0,"12":0,"13":0,"14":0,"15":0,"16":0,"17":0,"18":0,"19":0,"20":0},"f":{"0":0,"1":0,"2":0,"3":0,"4":0},"b":{"0":[0,0],"1":[0,0],"2":[0,0]}}
,"D:\\Documents\\Web Projects\\flappy-bird\\src\\JS\\JS Components\\spritesFunctions.js": {"path":"D:\\Documents\\Web Projects\\flappy-bird\\src\\JS\\JS Components\\spritesFunctions.js","statementMap":{"0":{"start":{"line":2,"column":4},"end":{"line":24,"column":5}},"1":{"start":{"line":3,"column":22},"end":{"line":3,"column":34}},"2":{"start":{"line":5,"column":8},"end":{"line":5,"column":61}},"3":{"start":{"line":5,"column":20},"end":{"line":5,"column":61}},"4":{"start":{"line":7,"column":27},"end":{"line":7,"column":38}},"5":{"start":{"line":8,"column":27},"end":{"line":8,"column":51}},"6":{"start":{"line":10,"column":8},"end":{"line":10,"column":78}},"7":{"start":{"line":10,"column":25},"end":{"line":10,"column":78}},"8":{"start":{"line":12,"column":8},"end":{"line":21,"column":9}},"9":{"start":{"line":13,"column":27},"end":{"line":13,"column":58}},"10":{"start":{"line":15,"column":12},"end":{"line":15,"column":26}},"11":{"start":{"line":17,"column":27},"end":{"line":19,"column":13}},"12":{"start":{"line":18,"column":16},"end":{"line":18,"column":48}},"13":{"start":{"line":20,"column":12},"end":{"line":20,"column":26}},"14":{"start":{"line":23,"column":8},"end":{"line":23,"column":54}},"15":{"start":{"line":28,"column":19},"end":{"line":28,"column":51}},"16":{"start":{"line":29,"column":22},"end":{"line":29,"column":45}},"17":{"start":{"line":31,"column":4},"end":{"line":31,"column":24}},"18":{"start":{"line":32,"column":4},"end":{"line":32,"column":25}},"19":{"start":{"line":34,"column":4},"end":{"line":34,"column":69}},"20":{"start":{"line":36,"column":4},"end":{"line":36,"column":18}},"21":{"start":{"line":40,"column":16},"end":{"line":40,"column":36}},"22":{"start":{"line":42,"column":4},"end":{"line":50,"column":11}},"23":{"start":{"line":44,"column":12},"end":{"line":45,"column":78}},"24":{"start":{"line":45,"column":16},"end":{"line":45,"column":78}},"25":{"start":{"line":46,"column":12},"end":{"line":46,"column":30}},"26":{"start":{"line":49,"column":12},"end":{"line":49,"column":57}},"27":{"start":{"line":54,"column":16},"end":{"line":54,"column":38}},"28":{"start":{"line":56,"column":4},"end":{"line":64,"column":11}},"29":{"start":{"line":58,"column":12},"end":{"line":59,"column":78}},"30":{"start":{"line":59,"column":16},"end":{"line":59,"column":78}},"31":{"start":{"line":60,"column":12},"end":{"line":60,"column":30}},"32":{"start":{"line":63,"column":12},"end":{"line":63,"column":57}},"33":{"start":{"line":68,"column":18},"end":{"line":68,"column":29}},"34":{"start":{"line":70,"column":4},"end":{"line":75,"column":7}},"35":{"start":{"line":71,"column":8},"end":{"line":73,"column":11}},"36":{"start":{"line":72,"column":12},"end":{"line":72,"column":23}},"37":{"start":{"line":74,"column":8},"end":{"line":74,"column":24}}},"fnMap":{"0":{"name":"createSprite","decl":{"start":{"line":1,"column":9},"end":{"line":1,"column":21}},"loc":{"start":{"line":1,"column":63},"end":{"line":25,"column":1}},"line":1},"1":{"name":"(anonymous_1)","decl":{"start":{"line":17,"column":49},"end":{"line":17,"column":50}},"loc":{"start":{"line":18,"column":16},"end":{"line":18,"column":48}},"line":18},"2":{"name":"createBuffer","decl":{"start":{"line":27,"column":9},"end":{"line":27,"column":21}},"loc":{"start":{"line":27,"column":68},"end":{"line":37,"column":1}},"line":27},"3":{"name":"getSpritesData","decl":{"start":{"line":39,"column":15},"end":{"line":39,"column":29}},"loc":{"start":{"line":39,"column":32},"end":{"line":51,"column":1}},"line":39},"4":{"name":"(anonymous_4)","decl":{"start":{"line":43,"column":14},"end":{"line":43,"column":15}},"loc":{"start":{"line":43,"column":23},"end":{"line":47,"column":9}},"line":43},"5":{"name":"(anonymous_5)","decl":{"start":{"line":48,"column":15},"end":{"line":48,"column":16}},"loc":{"start":{"line":48,"column":24},"end":{"line":50,"column":9}},"line":48},"6":{"name":"getInterfaceData","decl":{"start":{"line":53,"column":15},"end":{"line":53,"column":31}},"loc":{"start":{"line":53,"column":34},"end":{"line":65,"column":1}},"line":53},"7":{"name":"(anonymous_7)","decl":{"start":{"line":57,"column":14},"end":{"line":57,"column":15}},"loc":{"start":{"line":57,"column":23},"end":{"line":61,"column":9}},"line":57},"8":{"name":"(anonymous_8)","decl":{"start":{"line":62,"column":15},"end":{"line":62,"column":16}},"loc":{"start":{"line":62,"column":24},"end":{"line":64,"column":9}},"line":62},"9":{"name":"createImage","decl":{"start":{"line":67,"column":15},"end":{"line":67,"column":26}},"loc":{"start":{"line":67,"column":32},"end":{"line":76,"column":1}},"line":67},"10":{"name":"(anonymous_10)","decl":{"start":{"line":70,"column":23},"end":{"line":70,"column":24}},"loc":{"start":{"line":70,"column":32},"end":{"line":75,"column":5}},"line":70},"11":{"name":"(anonymous_11)","decl":{"start":{"line":71,"column":39},"end":{"line":71,"column":40}},"loc":{"start":{"line":71,"column":45},"end":{"line":73,"column":9}},"line":71}},"branchMap":{"0":{"loc":{"start":{"line":5,"column":8},"end":{"line":5,"column":61}},"type":"if","locations":[{"start":{"line":5,"column":8},"end":{"line":5,"column":61}},{"start":{},"end":{}}],"line":5},"1":{"loc":{"start":{"line":10,"column":8},"end":{"line":10,"column":78}},"type":"if","locations":[{"start":{"line":10,"column":8},"end":{"line":10,"column":78}},{"start":{},"end":{}}],"line":10},"2":{"loc":{"start":{"line":12,"column":8},"end":{"line":21,"column":9}},"type":"if","locations":[{"start":{"line":12,"column":8},"end":{"line":21,"column":9}},{"start":{"line":16,"column":15},"end":{"line":21,"column":9}}],"line":12},"3":{"loc":{"start":{"line":44,"column":12},"end":{"line":45,"column":78}},"type":"if","locations":[{"start":{"line":44,"column":12},"end":{"line":45,"column":78}},{"start":{},"end":{}}],"line":44},"4":{"loc":{"start":{"line":58,"column":12},"end":{"line":59,"column":78}},"type":"if","locations":[{"start":{"line":58,"column":12},"end":{"line":59,"column":78}},{"start":{},"end":{}}],"line":58}},"s":{"0":40,"1":40,"2":40,"3":40,"4":0,"5":0,"6":0,"7":0,"8":0,"9":0,"10":0,"11":0,"12":0,"13":0,"14":40,"15":0,"16":0,"17":0,"18":0,"19":0,"20":0,"21":0,"22":0,"23":0,"24":0,"25":0,"26":0,"27":0,"28":0,"29":0,"30":0,"31":0,"32":0,"33":0,"34":0,"35":0,"36":0,"37":0},"f":{"0":40,"1":0,"2":0,"3":0,"4":0,"5":0,"6":0,"7":0,"8":0,"9":0,"10":0,"11":0},"b":{"0":[40,0],"1":[0,0],"2":[0,0],"3":[0,0],"4":[0,0]},"_coverageSchema":"1a1c01bbd47fc00a2c39e90264f33305004495a9","hash":"37d03cc5493e76af5fa130c304d6869d3dd656ee"}
,"D:\\Documents\\Web Projects\\flappy-bird\\src\\JS\\JS Components\\vector.js": {"path":"D:\\Documents\\Web Projects\\flappy-bird\\src\\JS\\JS Components\\vector.js","statementMap":{"0":{"start":{"line":3,"column":8},"end":{"line":3,"column":36}},"1":{"start":{"line":7,"column":8},"end":{"line":7,"column":27}},"2":{"start":{"line":8,"column":8},"end":{"line":8,"column":27}}},"fnMap":{"0":{"name":"(anonymous_0)","decl":{"start":{"line":2,"column":4},"end":{"line":2,"column":5}},"loc":{"start":{"line":2,"column":22},"end":{"line":4,"column":5}},"line":2},"1":{"name":"(anonymous_1)","decl":{"start":{"line":6,"column":4},"end":{"line":6,"column":5}},"loc":{"start":{"line":6,"column":27},"end":{"line":9,"column":5}},"line":6}},"branchMap":{},"s":{"0":58,"1":58,"2":58},"f":{"0":58,"1":58},"b":{},"_coverageSchema":"1a1c01bbd47fc00a2c39e90264f33305004495a9","hash":"8875333461b6a257bba67b37108be827a54cee29"}
,"D:\\Documents\\Web Projects\\flappy-bird\\src\\JS\\Main\\index.js": {"path":"D:\\Documents\\Web Projects\\flappy-bird\\src\\JS\\Main\\index.js","statementMap":{"0":{"start":{"line":5,"column":0},"end":{"line":8,"column":3}},"1":{"start":{"line":6,"column":4},"end":{"line":6,"column":22}},"2":{"start":{"line":7,"column":4},"end":{"line":7,"column":23}}},"fnMap":{"0":{"name":"(anonymous_0)","decl":{"start":{"line":5,"column":32},"end":{"line":5,"column":33}},"loc":{"start":{"line":5,"column":44},"end":{"line":8,"column":1}},"line":5}},"branchMap":{},"s":{"0":0,"1":0,"2":0},"f":{"0":0},"b":{}}
,"D:\\Documents\\Web Projects\\flappy-bird\\src\\JS\\Main\\utils\\animations.js": {"path":"D:\\Documents\\Web Projects\\flappy-bird\\src\\JS\\Main\\utils\\animations.js","statementMap":{"0":{"start":{"line":3,"column":10},"end":{"line":3,"column":18}},"1":{"start":{"line":4,"column":11},"end":{"line":4,"column":26}},"2":{"start":{"line":7,"column":23},"end":{"line":7,"column":55}},"3":{"start":{"line":8,"column":21},"end":{"line":8,"column":51}},"4":{"start":{"line":9,"column":20},"end":{"line":9,"column":49}},"5":{"start":{"line":11,"column":4},"end":{"line":21,"column":10}},"6":{"start":{"line":24,"column":36},"end":{"line":55,"column":1}},"7":{"start":{"line":25,"column":30},"end":{"line":25,"column":73}},"8":{"start":{"line":27,"column":29},"end":{"line":27,"column":48}},"9":{"start":{"line":29,"column":4},"end":{"line":54,"column":5}},"10":{"start":{"line":30,"column":8},"end":{"line":40,"column":10}},"11":{"start":{"line":42,"column":19},"end":{"line":42,"column":34}},"12":{"start":{"line":43,"column":8},"end":{"line":53,"column":10}}},"fnMap":{"0":{"name":"headerAnimation","decl":{"start":{"line":6,"column":9},"end":{"line":6,"column":24}},"loc":{"start":{"line":6,"column":27},"end":{"line":22,"column":1}},"line":6},"1":{"name":"(anonymous_1)","decl":{"start":{"line":24,"column":36},"end":{"line":24,"column":37}},"loc":{"start":{"line":24,"column":64},"end":{"line":55,"column":1}},"line":24}},"branchMap":{"0":{"loc":{"start":{"line":24,"column":37},"end":{"line":24,"column":59}},"type":"default-arg","locations":[{"start":{"line":24,"column":54},"end":{"line":24,"column":59}}],"line":24},"1":{"loc":{"start":{"line":25,"column":30},"end":{"line":25,"column":73}},"type":"binary-expr","locations":[{"start":{"line":25,"column":30},"end":{"line":25,"column":60}},{"start":{"line":25,"column":64},"end":{"line":25,"column":73}}],"line":25},"2":{"loc":{"start":{"line":29,"column":4},"end":{"line":54,"column":5}},"type":"if","locations":[{"start":{"line":29,"column":4},"end":{"line":54,"column":5}},{"start":{"line":41,"column":11},"end":{"line":54,"column":5}}],"line":29},"3":{"loc":{"start":{"line":29,"column":8},"end":{"line":29,"column":43}},"type":"binary-expr","locations":[{"start":{"line":29,"column":8},"end":{"line":29,"column":24}},{"start":{"line":29,"column":28},"end":{"line":29,"column":43}}],"line":29}},"s":{"0":0,"1":0,"2":0,"3":0,"4":0,"5":0,"6":0,"7":0,"8":0,"9":0,"10":0,"11":0,"12":0},"f":{"0":0,"1":0},"b":{"0":[0],"1":[0,0],"2":[0,0],"3":[0,0]}}
,"D:\\Documents\\Web Projects\\flappy-bird\\src\\JS\\Main\\utils\\loadAssets.js": {"path":"D:\\Documents\\Web Projects\\flappy-bird\\src\\JS\\Main\\utils\\loadAssets.js","statementMap":{"0":{"start":{"line":16,"column":15},"end":{"line":16,"column":45}},"1":{"start":{"line":29,"column":8},"end":{"line":39,"column":6}},"2":{"start":{"line":41,"column":24},"end":{"line":41,"column":69}},"3":{"start":{"line":42,"column":19},"end":{"line":50,"column":5}},"4":{"start":{"line":52,"column":4},"end":{"line":52,"column":71}}},"fnMap":{"0":{"name":"createGame","decl":{"start":{"line":18,"column":15},"end":{"line":18,"column":25}},"loc":{"start":{"line":18,"column":28},"end":{"line":53,"column":1}},"line":18}},"branchMap":{},"s":{"0":0,"1":0,"2":0,"3":0,"4":0},"f":{"0":0},"b":{}}
}
